6.6203 	INFO 	Loaded monitor calibration from ['2026_06_03 14:46']
6.6457 	WARNING 	User requested fullscreen with size [1280  800], but screen is actually [2560, 1600]. Using actual size
7.1452 	INFO 	Using renderer 'AMD RadeonT 780M' for graphics
7.1452 	INFO 	OpenGL version supported by driver is 4..
7.2129 	EXP 	Created window1 = Window(allowGUI=False, allowStencil=False, autoLog=True, backendConf=UNKNOWN, backgroundFit=<method-wrapper '__getattribute__' of attributeSetter object at 0x000001783C20D270>, backgroundImage=<method-wrapper '__getattribute__' of attributeSetter object at 0x000001783C20D2D0>, bitsMode=UNKNOWN, blendMode='avg', bpc=(8, 8, 8), color=array([0, 0, 0]), colorSpace='rgb', depthBits=8, fullscr=True, gamma=None, gammaErrorPolicy='raise', infoMsg=UNKNOWN, lms=UNKNOWN, monitor=<psychopy.monitors.calibTools.Monitor object at 0x000001783C34B430>, multiSample=False, name='window1', numSamples=2, pos=[0.0, 0.0], screen=0, size=array([2560, 1600]), stencilBits=0, stereo=False, title='PsychoPy', units='height', useFBO=True, useRetina=False, viewOri=0.0, viewPos=None, viewScale=None, waitBlanking=True, winType='pyglet')
7.2130 	EXP 	window1: backgroundImage = ''
7.2130 	EXP 	window1: backgroundFit = 'none'
7.8245 	EXP 	window1: Attempting to measure frame rate of screen (0) ...
7.8246 	EXP 	window1: recordFrameIntervals = False
7.9873 	EXP 	window1: recordFrameIntervals = True
8.2410 	EXP 	Screen (0) actual frame rate measured at 86.05Hz
8.2411 	EXP 	window1: recordFrameIntervals = False
8.4055 	INFO 	keyboard.Keyboard is using ptb backend.
8.4057 	INFO 	keyboard.Keyboard is using ptb backend.
8.4058 	INFO 	keyboard.Keyboard is using ptb backend.
8.4059 	INFO 	keyboard.Keyboard is using ptb backend.
8.4060 	INFO 	keyboard.Keyboard is using ptb backend.
8.4061 	INFO 	keyboard.Keyboard is using ptb backend.
8.4061 	EXP 	Teamprojekt: status = STARTED
8.4094 	EXP 	Created FixationCrossBlank800 = ShapeStim(__class__=<class 'psychopy.visual.shape.ShapeStim'>, anchor=('center', 'center'), autoDraw=False, autoLog=True, closeShape=True, color=method-wrapper(...), colorSpace='rgb', contrast=None, depth=0.0, draggable=False, fillColor=array([-1., -1., -1.]), fillColorSpace='rgb', fillRGB=array([-1., -1., -1.]), interpolate=True, lineColor=array([-1., -1., -1.]), lineColorSpace='rgb', lineRGB=array([-1., -1., -1.]), lineWidth=1.0, name='FixationCrossBlank800', opacity=1, ori=0.0, pos=array([0., 0.]), size=array([0.2, 0.2]), units='deg', vertices=ndarray(...), win=Window(...), windingRule=None)
8.4108 	EXP 	Created FixationCrossBlank800 = ShapeStim(__class__=<class 'psychopy.visual.shape.ShapeStim'>, anchor=('center', 'center'), autoDraw=False, autoLog=True, closeShape=True, color=method-wrapper(...), colorSpace='rgb', contrast=None, depth=0.0, draggable=False, fillColor=array([-1., -1., -1.]), fillColorSpace='rgb', fillRGB=array([-1., -1., -1.]), interpolate=True, lineColor=array([-1., -1., -1.]), lineColorSpace='rgb', lineRGB=array([-1., -1., -1.]), lineWidth=1.0, name='FixationCrossBlank800', opacity=1, ori=0.0, pos=array([0., 0.]), size=array([0.2, 0.2]), units='deg', vertices=ndarray(...), win=Window(...), windingRule=None)
8.5198 	EXP 	Created textGroupMotion = TextStim(__class__=<class 'psychopy.visual.text.TextStim'>, alignHoriz=method-wrapper(...), alignText='center', alignVert=method-wrapper(...), anchorHoriz='center', anchorVert='center', antialias=True, autoDraw=False, autoLog=True, bold=False, color=array([1., 1., 1.]), colorSpace='rgb', contrast=1.0, depth=-1.0, draggable=False, flipHoriz=False, flipVert=False, font='Arial', fontFiles=[], height=0.025, italic=False, languageStyle='LTR', name='textGroupMotion', opacity=1, ori=0.0, pos=array([0., 0.]), rgb=UNKNOWN, text=str(...), units='height', win=Window(...), wrapWidth=1)
8.5228 	EXP 	Created ternusObjLeftPrac = ShapeStim(__class__=<class 'psychopy.visual.shape.ShapeStim'>, anchor=('center', 'center'), autoDraw=False, autoLog=True, closeShape=True, color=method-wrapper(...), colorSpace='rgb', contrast=None, depth=-1.0, draggable=False, fillColor=array([-1., -1., -1.]), fillColorSpace='rgb', fillRGB=array([-1., -1., -1.]), interpolate=True, lineColor=array([-1., -1., -1.]), lineColorSpace='rgb', lineRGB=array([-1., -1., -1.]), lineWidth=1.0, name='ternusObjLeftPrac', opacity=1, ori=0.0, pos=array([0., 0.]), size=array([1.6, 1.6]), units='deg', vertices=ndarray(...), win=Window(...), windingRule=None)
8.5256 	EXP 	Created ternusObjMiddlePrac = ShapeStim(__class__=<class 'psychopy.visual.shape.ShapeStim'>, anchor=('center', 'center'), autoDraw=False, autoLog=True, closeShape=True, color=method-wrapper(...), colorSpace='rgb', contrast=None, depth=-2.0, draggable=False, fillColor=array([-1., -1., -1.]), fillColorSpace='rgb', fillRGB=array([-1., -1., -1.]), interpolate=True, lineColor=array([-1., -1., -1.]), lineColorSpace='rgb', lineRGB=array([-1., -1., -1.]), lineWidth=1.0, name='ternusObjMiddlePrac', opacity=1, ori=0.0, pos=array([0., 0.]), size=array([1.6, 1.6]), units='deg', vertices=ndarray(...), win=Window(...), windingRule=None)
8.5284 	EXP 	Created ternusObjRightPrac = ShapeStim(__class__=<class 'psychopy.visual.shape.ShapeStim'>, anchor=('center', 'center'), autoDraw=False, autoLog=True, closeShape=True, color=method-wrapper(...), colorSpace='rgb', contrast=None, depth=-3.0, draggable=False, fillColor=array([-1., -1., -1.]), fillColorSpace='rgb', fillRGB=array([-1., -1., -1.]), interpolate=True, lineColor=array([-1., -1., -1.]), lineColorSpace='rgb', lineRGB=array([-1., -1., -1.]), lineWidth=1.0, name='ternusObjRightPrac', opacity=1, ori=0.0, pos=array([0., 0.]), size=array([1.6, 1.6]), units='deg', vertices=ndarray(...), win=Window(...), windingRule=None)
8.5298 	EXP 	Created FixationCrossPrac = ShapeStim(__class__=<class 'psychopy.visual.shape.ShapeStim'>, anchor=('center', 'center'), autoDraw=False, autoLog=True, closeShape=True, color=method-wrapper(...), colorSpace='rgb', contrast=None, depth=-4.0, draggable=False, fillColor=array([-1., -1., -1.]), fillColorSpace='rgb', fillRGB=array([-1., -1., -1.]), interpolate=True, lineColor=array([-1., -1., -1.]), lineColorSpace='rgb', lineRGB=array([-1., -1., -1.]), lineWidth=1.0, name='FixationCrossPrac', opacity=1, ori=0.0, pos=array([0., 0.]), size=array([0.2, 0.2]), units='deg', vertices=ndarray(...), win=Window(...), windingRule=None)
8.5310 	EXP 	Created portalLeftPrac = Rect(__class__=<class 'psychopy.visual.rect.Rect'>, anchor=('center', 'center'), autoDraw=False, autoLog=True, closeShape=True, color=method-wrapper(...), colorSpace='rgb', contrast=None, depth=-5.0, draggable=False, fillColor=array([1, 1, 1]), fillColorSpace='rgb', fillRGB=array([1, 1, 1]), interpolate=True, lineColor=array([1., 1., 1.]), lineColorSpace='rgb', lineRGB=array([1, 1, 1]), lineWidth=1.0, name='portalLeftPrac', opacity=1.0, ori=0.0, pos=array([-4.,  2.]), size=array([0.1, 2. ]), units='deg', vertices=ndarray(...), win=Window(...))
8.5321 	EXP 	Created portalRightPrac = Rect(__class__=<class 'psychopy.visual.rect.Rect'>, anchor=('center', 'center'), autoDraw=False, autoLog=True, closeShape=True, color=method-wrapper(...), colorSpace='rgb', contrast=None, depth=-6.0, draggable=False, fillColor=array([1, 1, 1]), fillColorSpace='rgb', fillRGB=array([1, 1, 1]), interpolate=True, lineColor=array([1., 1., 1.]), lineColorSpace='rgb', lineRGB=array([1, 1, 1]), lineWidth=1.0, name='portalRightPrac', opacity=1.0, ori=0.0, pos=array([4., 2.]), size=array([0.1, 2. ]), units='deg', vertices=ndarray(...), win=Window(...))
8.5332 	EXP 	Created BarrierPrac = Rect(__class__=<class 'psychopy.visual.rect.Rect'>, anchor=('center', 'center'), autoDraw=False, autoLog=True, closeShape=True, color=method-wrapper(...), colorSpace='rgb', contrast=None, depth=-7.0, draggable=False, fillColor=array([1, 1, 1]), fillColorSpace='rgb', fillRGB=array([1, 1, 1]), interpolate=True, lineColor=array([1., 1., 1.]), lineColorSpace='rgb', lineRGB=array([1, 1, 1]), lineWidth=1.0, name='BarrierPrac', opacity=1.0, ori=0.0, pos=array([0., 0.]), size=array([0.1, 2. ]), units='deg', vertices=ndarray(...), win=Window(...))
8.5344 	EXP 	Created FixationCrossBlankPractice = ShapeStim(__class__=<class 'psychopy.visual.shape.ShapeStim'>, anchor=('center', 'center'), autoDraw=False, autoLog=True, closeShape=True, color=method-wrapper(...), colorSpace='rgb', contrast=None, depth=0.0, draggable=False, fillColor=array([-1., -1., -1.]), fillColorSpace='rgb', fillRGB=array([-1., -1., -1.]), interpolate=True, lineColor=array([-1., -1., -1.]), lineColorSpace='rgb', lineRGB=array([-1., -1., -1.]), lineWidth=1.0, name='FixationCrossBlankPractice', opacity=1, ori=0.0, pos=array([0., 0.]), size=array([0.2, 0.2]), units='deg', vertices=ndarray(...), win=Window(...), windingRule=None)
8.5379 	EXP 	Created ternusObjLeftPrac_2 = ShapeStim(__class__=<class 'psychopy.visual.shape.ShapeStim'>, anchor=('center', 'center'), autoDraw=False, autoLog=True, closeShape=True, color=method-wrapper(...), colorSpace='rgb', contrast=None, depth=-1.0, draggable=False, fillColor=array([1, 1, 1]), fillColorSpace='rgb', fillRGB=array([1, 1, 1]), interpolate=True, lineColor=array([1., 1., 1.]), lineColorSpace='rgb', lineRGB=array([1, 1, 1]), lineWidth=1.0, name='ternusObjLeftPrac_2', opacity=1, ori=0.0, pos=array([0., 0.]), size=array([1.6, 1.6]), units='deg', vertices=ndarray(...), win=Window(...), windingRule=None)
8.5407 	EXP 	Created ternusObjMiddlePrac_2 = ShapeStim(__class__=<class 'psychopy.visual.shape.ShapeStim'>, anchor=('center', 'center'), autoDraw=False, autoLog=True, closeShape=True, color=method-wrapper(...), colorSpace='rgb', contrast=None, depth=-2.0, draggable=False, fillColor=array([-1., -1., -1.]), fillColorSpace='rgb', fillRGB=array([-1., -1., -1.]), interpolate=True, lineColor=array([-1., -1., -1.]), lineColorSpace='rgb', lineRGB=array([-1., -1., -1.]), lineWidth=1.0, name='ternusObjMiddlePrac_2', opacity=1, ori=0.0, pos=array([0., 0.]), size=array([1.6, 1.6]), units='deg', vertices=ndarray(...), win=Window(...), windingRule=None)
8.5437 	EXP 	Created ternusObjRightPrac_2 = ShapeStim(__class__=<class 'psychopy.visual.shape.ShapeStim'>, anchor=('center', 'center'), autoDraw=False, autoLog=True, closeShape=True, color=method-wrapper(...), colorSpace='rgb', contrast=None, depth=-3.0, draggable=False, fillColor=array([1, 1, 1]), fillColorSpace='rgb', fillRGB=array([1, 1, 1]), interpolate=True, lineColor=array([1., 1., 1.]), lineColorSpace='rgb', lineRGB=array([1, 1, 1]), lineWidth=1.0, name='ternusObjRightPrac_2', opacity=1, ori=0.0, pos=array([0., 0.]), size=array([1.6, 1.6]), units='deg', vertices=ndarray(...), win=Window(...), windingRule=None)
8.5451 	EXP 	Created FixationCrossPrac_2 = ShapeStim(__class__=<class 'psychopy.visual.shape.ShapeStim'>, anchor=('center', 'center'), autoDraw=False, autoLog=True, closeShape=True, color=method-wrapper(...), colorSpace='rgb', contrast=None, depth=-4.0, draggable=False, fillColor=array([-1., -1., -1.]), fillColorSpace='rgb', fillRGB=array([-1., -1., -1.]), interpolate=True, lineColor=array([-1., -1., -1.]), lineColorSpace='rgb', lineRGB=array([-1., -1., -1.]), lineWidth=1.0, name='FixationCrossPrac_2', opacity=1, ori=0.0, pos=array([0., 0.]), size=array([0.2, 0.2]), units='deg', vertices=ndarray(...), win=Window(...), windingRule=None)
8.5463 	EXP 	Created portalLeftPrac_2 = Rect(__class__=<class 'psychopy.visual.rect.Rect'>, anchor=('center', 'center'), autoDraw=False, autoLog=True, closeShape=True, color=method-wrapper(...), colorSpace='rgb', contrast=None, depth=-5.0, draggable=False, fillColor=array([1, 1, 1]), fillColorSpace='rgb', fillRGB=array([1, 1, 1]), interpolate=True, lineColor=array([1., 1., 1.]), lineColorSpace='rgb', lineRGB=array([1, 1, 1]), lineWidth=1.0, name='portalLeftPrac_2', opacity=1.0, ori=0.0, pos=array([-4.,  2.]), size=array([0.1, 2. ]), units='deg', vertices=ndarray(...), win=Window(...))
8.5474 	EXP 	Created portalRightPrac_2 = Rect(__class__=<class 'psychopy.visual.rect.Rect'>, anchor=('center', 'center'), autoDraw=False, autoLog=True, closeShape=True, color=method-wrapper(...), colorSpace='rgb', contrast=None, depth=-6.0, draggable=False, fillColor=array([1, 1, 1]), fillColorSpace='rgb', fillRGB=array([1, 1, 1]), interpolate=True, lineColor=array([1., 1., 1.]), lineColorSpace='rgb', lineRGB=array([1, 1, 1]), lineWidth=1.0, name='portalRightPrac_2', opacity=1.0, ori=0.0, pos=array([4., 2.]), size=array([0.1, 2. ]), units='deg', vertices=ndarray(...), win=Window(...))
8.5484 	EXP 	Created BarrierPrac_2 = Rect(__class__=<class 'psychopy.visual.rect.Rect'>, anchor=('center', 'center'), autoDraw=False, autoLog=True, closeShape=True, color=method-wrapper(...), colorSpace='rgb', contrast=None, depth=-7.0, draggable=False, fillColor=array([1, 1, 1]), fillColorSpace='rgb', fillRGB=array([1, 1, 1]), interpolate=True, lineColor=array([1., 1., 1.]), lineColorSpace='rgb', lineRGB=array([1, 1, 1]), lineWidth=1.0, name='BarrierPrac_2', opacity=1.0, ori=0.0, pos=array([0., 0.]), size=array([0.1, 2. ]), units='deg', vertices=ndarray(...), win=Window(...))
8.5497 	EXP 	Created FixationCrossBlank800 = ShapeStim(__class__=<class 'psychopy.visual.shape.ShapeStim'>, anchor=('center', 'center'), autoDraw=False, autoLog=True, closeShape=True, color=method-wrapper(...), colorSpace='rgb', contrast=None, depth=0.0, draggable=False, fillColor=array([-1., -1., -1.]), fillColorSpace='rgb', fillRGB=array([-1., -1., -1.]), interpolate=True, lineColor=array([-1., -1., -1.]), lineColorSpace='rgb', lineRGB=array([-1., -1., -1.]), lineWidth=1.0, name='FixationCrossBlank800', opacity=1, ori=0.0, pos=array([0., 0.]), size=array([0.2, 0.2]), units='deg', vertices=ndarray(...), win=Window(...), windingRule=None)
8.5605 	EXP 	Created textStartMessage = TextStim(__class__=<class 'psychopy.visual.text.TextStim'>, alignHoriz=method-wrapper(...), alignText='center', alignVert=method-wrapper(...), anchorHoriz='center', anchorVert='center', antialias=True, autoDraw=False, autoLog=True, bold=False, color=array([1., 1., 1.]), colorSpace='rgb', contrast=1.0, depth=-1.0, draggable=False, flipHoriz=False, flipVert=False, font='Arial', fontFiles=[], height=0.025, italic=False, languageStyle='LTR', name='textStartMessage', opacity=1, ori=0.0, pos=array([0., 0.]), rgb=UNKNOWN, text=str(...), units='height', win=Window(...), wrapWidth=1)
8.5634 	EXP 	Created ternusObjLeft = ShapeStim(__class__=<class 'psychopy.visual.shape.ShapeStim'>, anchor=('center', 'center'), autoDraw=False, autoLog=True, closeShape=True, color=method-wrapper(...), colorSpace='rgb', contrast=None, depth=-1.0, draggable=False, fillColor=array([-1., -1., -1.]), fillColorSpace='rgb', fillRGB=array([-1., -1., -1.]), interpolate=True, lineColor=array([-1., -1., -1.]), lineColorSpace='rgb', lineRGB=array([-1., -1., -1.]), lineWidth=1.0, name='ternusObjLeft', opacity=1, ori=0.0, pos=array([0., 0.]), size=array([1.6, 1.6]), units='deg', vertices=ndarray(...), win=Window(...), windingRule=None)
8.5665 	EXP 	Created ternusObjMiddle = ShapeStim(__class__=<class 'psychopy.visual.shape.ShapeStim'>, anchor=('center', 'center'), autoDraw=False, autoLog=True, closeShape=True, color=method-wrapper(...), colorSpace='rgb', contrast=None, depth=-2.0, draggable=False, fillColor=array([-1., -1., -1.]), fillColorSpace='rgb', fillRGB=array([-1., -1., -1.]), interpolate=True, lineColor=array([-1., -1., -1.]), lineColorSpace='rgb', lineRGB=array([-1., -1., -1.]), lineWidth=1.0, name='ternusObjMiddle', opacity=1, ori=0.0, pos=array([0., 0.]), size=array([1.6, 1.6]), units='deg', vertices=ndarray(...), win=Window(...), windingRule=None)
8.5691 	EXP 	Created ternusObjRight = ShapeStim(__class__=<class 'psychopy.visual.shape.ShapeStim'>, anchor=('center', 'center'), autoDraw=False, autoLog=True, closeShape=True, color=method-wrapper(...), colorSpace='rgb', contrast=None, depth=-3.0, draggable=False, fillColor=array([-1., -1., -1.]), fillColorSpace='rgb', fillRGB=array([-1., -1., -1.]), interpolate=True, lineColor=array([-1., -1., -1.]), lineColorSpace='rgb', lineRGB=array([-1., -1., -1.]), lineWidth=1.0, name='ternusObjRight', opacity=1, ori=0.0, pos=array([0., 0.]), size=array([1.6, 1.6]), units='deg', vertices=ndarray(...), win=Window(...), windingRule=None)
8.5705 	EXP 	Created FixationCross = ShapeStim(__class__=<class 'psychopy.visual.shape.ShapeStim'>, anchor=('center', 'center'), autoDraw=False, autoLog=True, closeShape=True, color=method-wrapper(...), colorSpace='rgb', contrast=None, depth=-4.0, draggable=False, fillColor=array([-1., -1., -1.]), fillColorSpace='rgb', fillRGB=array([-1., -1., -1.]), interpolate=True, lineColor=array([-1., -1., -1.]), lineColorSpace='rgb', lineRGB=array([-1., -1., -1.]), lineWidth=1.0, name='FixationCross', opacity=1, ori=0.0, pos=array([0., 0.]), size=array([0.2, 0.2]), units='deg', vertices=ndarray(...), win=Window(...), windingRule=None)
8.5717 	EXP 	Created portalLeft = Rect(__class__=<class 'psychopy.visual.rect.Rect'>, anchor=('center', 'center'), autoDraw=False, autoLog=True, closeShape=True, color=method-wrapper(...), colorSpace='rgb', contrast=None, depth=-5.0, draggable=False, fillColor=array([1, 1, 1]), fillColorSpace='rgb', fillRGB=array([1, 1, 1]), interpolate=True, lineColor=array([1., 1., 1.]), lineColorSpace='rgb', lineRGB=array([1, 1, 1]), lineWidth=1.0, name='portalLeft', opacity=1.0, ori=0.0, pos=array([-4.,  2.]), size=array([0.1, 2. ]), units='deg', vertices=ndarray(...), win=Window(...))
8.5728 	EXP 	Created portalRight = Rect(__class__=<class 'psychopy.visual.rect.Rect'>, anchor=('center', 'center'), autoDraw=False, autoLog=True, closeShape=True, color=method-wrapper(...), colorSpace='rgb', contrast=None, depth=-6.0, draggable=False, fillColor=array([1, 1, 1]), fillColorSpace='rgb', fillRGB=array([1, 1, 1]), interpolate=True, lineColor=array([1., 1., 1.]), lineColorSpace='rgb', lineRGB=array([1, 1, 1]), lineWidth=1.0, name='portalRight', opacity=1.0, ori=0.0, pos=array([4., 2.]), size=array([0.1, 2. ]), units='deg', vertices=ndarray(...), win=Window(...))
8.5739 	EXP 	Created Barrier = Rect(__class__=<class 'psychopy.visual.rect.Rect'>, anchor=('center', 'center'), autoDraw=False, autoLog=True, closeShape=True, color=method-wrapper(...), colorSpace='rgb', contrast=None, depth=-7.0, draggable=False, fillColor=array([1, 1, 1]), fillColorSpace='rgb', fillRGB=array([1, 1, 1]), interpolate=True, lineColor=array([1., 1., 1.]), lineColorSpace='rgb', lineRGB=array([1, 1, 1]), lineWidth=1.0, name='Barrier', opacity=1.0, ori=0.0, pos=array([0., 0.]), size=array([0.1, 2. ]), units='deg', vertices=ndarray(...), win=Window(...))
8.5755 	EXP 	Created FixationCrossBlank = ShapeStim(__class__=<class 'psychopy.visual.shape.ShapeStim'>, anchor=('center', 'center'), autoDraw=False, autoLog=True, closeShape=True, color=method-wrapper(...), colorSpace='rgb', contrast=None, depth=0.0, draggable=False, fillColor=array([-1., -1., -1.]), fillColorSpace='rgb', fillRGB=array([-1., -1., -1.]), interpolate=True, lineColor=array([-1., -1., -1.]), lineColorSpace='rgb', lineRGB=array([-1., -1., -1.]), lineWidth=1.0, name='FixationCrossBlank', opacity=1, ori=0.0, pos=array([0., 0.]), size=array([0.2, 0.2]), units='deg', vertices=ndarray(...), win=Window(...), windingRule=None)
8.5785 	EXP 	Created ternusObjLeft_2 = ShapeStim(__class__=<class 'psychopy.visual.shape.ShapeStim'>, anchor=('center', 'center'), autoDraw=False, autoLog=True, closeShape=True, color=method-wrapper(...), colorSpace='rgb', contrast=None, depth=-1.0, draggable=False, fillColor=array([1, 1, 1]), fillColorSpace='rgb', fillRGB=array([1, 1, 1]), interpolate=True, lineColor=array([1., 1., 1.]), lineColorSpace='rgb', lineRGB=array([1, 1, 1]), lineWidth=1.0, name='ternusObjLeft_2', opacity=1, ori=0.0, pos=array([0., 0.]), size=array([1.6, 1.6]), units='deg', vertices=ndarray(...), win=Window(...), windingRule=None)
8.5813 	EXP 	Created ternusObjMiddle_2 = ShapeStim(__class__=<class 'psychopy.visual.shape.ShapeStim'>, anchor=('center', 'center'), autoDraw=False, autoLog=True, closeShape=True, color=method-wrapper(...), colorSpace='rgb', contrast=None, depth=-2.0, draggable=False, fillColor=array([-1, -1, -1]), fillColorSpace='rgb', fillRGB=array([-1, -1, -1]), interpolate=True, lineColor=array([-1., -1., -1.]), lineColorSpace='rgb', lineRGB=array([-1, -1, -1]), lineWidth=1.0, name='ternusObjMiddle_2', opacity=1, ori=0.0, pos=array([0., 0.]), size=array([1.6, 1.6]), units='deg', vertices=ndarray(...), win=Window(...), windingRule=None)
8.5841 	EXP 	Created ternusObjRight_2 = ShapeStim(__class__=<class 'psychopy.visual.shape.ShapeStim'>, anchor=('center', 'center'), autoDraw=False, autoLog=True, closeShape=True, color=method-wrapper(...), colorSpace='rgb', contrast=None, depth=-3.0, draggable=False, fillColor=array([1, 1, 1]), fillColorSpace='rgb', fillRGB=array([1, 1, 1]), interpolate=True, lineColor=array([1., 1., 1.]), lineColorSpace='rgb', lineRGB=array([1, 1, 1]), lineWidth=1.0, name='ternusObjRight_2', opacity=1, ori=0.0, pos=array([0., 0.]), size=array([1.6, 1.6]), units='deg', vertices=ndarray(...), win=Window(...), windingRule=None)
8.5854 	EXP 	Created FixationCross_2 = ShapeStim(__class__=<class 'psychopy.visual.shape.ShapeStim'>, anchor=('center', 'center'), autoDraw=False, autoLog=True, closeShape=True, color=method-wrapper(...), colorSpace='rgb', contrast=None, depth=-4.0, draggable=False, fillColor=array([-1., -1., -1.]), fillColorSpace='rgb', fillRGB=array([-1., -1., -1.]), interpolate=True, lineColor=array([-1., -1., -1.]), lineColorSpace='rgb', lineRGB=array([-1., -1., -1.]), lineWidth=1.0, name='FixationCross_2', opacity=1, ori=0.0, pos=array([0., 0.]), size=array([0.2, 0.2]), units='deg', vertices=ndarray(...), win=Window(...), windingRule=None)
8.5866 	EXP 	Created portalLeft_2 = Rect(__class__=<class 'psychopy.visual.rect.Rect'>, anchor=('center', 'center'), autoDraw=False, autoLog=True, closeShape=True, color=method-wrapper(...), colorSpace='rgb', contrast=None, depth=-5.0, draggable=False, fillColor=array([1, 1, 1]), fillColorSpace='rgb', fillRGB=array([1, 1, 1]), interpolate=True, lineColor=array([1., 1., 1.]), lineColorSpace='rgb', lineRGB=array([1, 1, 1]), lineWidth=1.0, name='portalLeft_2', opacity=1.0, ori=0.0, pos=array([-4.,  2.]), size=array([0.1, 2. ]), units='deg', vertices=ndarray(...), win=Window(...))
8.5877 	EXP 	Created portalRight_2 = Rect(__class__=<class 'psychopy.visual.rect.Rect'>, anchor=('center', 'center'), autoDraw=False, autoLog=True, closeShape=True, color=method-wrapper(...), colorSpace='rgb', contrast=None, depth=-6.0, draggable=False, fillColor=array([1, 1, 1]), fillColorSpace='rgb', fillRGB=array([1, 1, 1]), interpolate=True, lineColor=array([1., 1., 1.]), lineColorSpace='rgb', lineRGB=array([1, 1, 1]), lineWidth=1.0, name='portalRight_2', opacity=1.0, ori=0.0, pos=array([4., 2.]), size=array([0.1, 2. ]), units='deg', vertices=ndarray(...), win=Window(...))
8.5887 	EXP 	Created Barrier_2 = Rect(__class__=<class 'psychopy.visual.rect.Rect'>, anchor=('center', 'center'), autoDraw=False, autoLog=True, closeShape=True, color=method-wrapper(...), colorSpace='rgb', contrast=None, depth=-7.0, draggable=False, fillColor=array([1, 1, 1]), fillColorSpace='rgb', fillRGB=array([1, 1, 1]), interpolate=True, lineColor=array([1., 1., 1.]), lineColorSpace='rgb', lineRGB=array([1, 1, 1]), lineWidth=1.0, name='Barrier_2', opacity=1.0, ori=0.0, pos=array([0., 0.]), size=array([0.1, 2. ]), units='deg', vertices=ndarray(...), win=Window(...))
8.5900 	EXP 	Created FixationCrossBlank800 = ShapeStim(__class__=<class 'psychopy.visual.shape.ShapeStim'>, anchor=('center', 'center'), autoDraw=False, autoLog=True, closeShape=True, color=method-wrapper(...), colorSpace='rgb', contrast=None, depth=0.0, draggable=False, fillColor=array([-1., -1., -1.]), fillColorSpace='rgb', fillRGB=array([-1., -1., -1.]), interpolate=True, lineColor=array([-1., -1., -1.]), lineColorSpace='rgb', lineRGB=array([-1., -1., -1.]), lineWidth=1.0, name='FixationCrossBlank800', opacity=1, ori=0.0, pos=array([0., 0.]), size=array([0.2, 0.2]), units='deg', vertices=ndarray(...), win=Window(...), windingRule=None)
8.5909 	EXP 	Created textBlockInstructions = TextStim(__class__=<class 'psychopy.visual.text.TextStim'>, alignHoriz=method-wrapper(...), alignText='center', alignVert=method-wrapper(...), anchorHoriz='center', anchorVert='center', antialias=True, autoDraw=False, autoLog=True, bold=False, color=array([1., 1., 1.]), colorSpace='rgb', contrast=1.0, depth=-2.0, draggable=False, flipHoriz=False, flipVert=False, font='Arial', fontFiles=[], height=0.025, italic=False, languageStyle='LTR', name='textBlockInstructions', opacity=1, ori=0.0, pos=array([0., 0.]), rgb=UNKNOWN, text='', units='height', win=Window(...), wrapWidth=1)
8.5994 	EXP 	Created textEnd = TextStim(__class__=<class 'psychopy.visual.text.TextStim'>, alignHoriz=method-wrapper(...), alignText='center', alignVert=method-wrapper(...), anchorHoriz='center', anchorVert='center', antialias=True, autoDraw=False, autoLog=True, bold=False, color=array([1., 1., 1.]), colorSpace='rgb', contrast=1.0, depth=0.0, draggable=False, flipHoriz=False, flipVert=False, font='Arial', fontFiles=[], height=0.025, italic=False, languageStyle='LTR', name='textEnd', opacity=1, ori=0.0, pos=array([0., 0.]), rgb=UNKNOWN, text=str(...), units='height', win=Window(...), wrapWidth=1)
0.0046 	EXP 	New trial (rep=0, index=0): <Trial 0 (0 in rep 0) data={'thisN': 0, 'thisTrialN': 0, 'thisRepN': 0}>
0.0084 	EXP 	FixationCrossBlank800: autoDraw = True
0.7921 	EXP 	New trial (rep=1, index=0): <Trial 1 (0 in rep 1) data={'thisN': 1, 'thisTrialN': 0, 'thisRepN': 1}>
0.8032 	EXP 	FixationCrossBlank800: autoDraw = False
0.8032 	EXP 	FixationCrossBlank800: autoDraw = False
0.8032 	EXP 	FixationCrossBlank800: autoDraw = True
1.5932 	EXP 	New trial (rep=2, index=0): <Trial 2 (0 in rep 2) data={'thisN': 2, 'thisTrialN': 0, 'thisRepN': 2}>
1.6046 	EXP 	FixationCrossBlank800: autoDraw = False
1.6046 	EXP 	FixationCrossBlank800: autoDraw = False
1.6046 	EXP 	FixationCrossBlank800: autoDraw = True
2.3930 	EXP 	New trial (rep=3, index=0): <Trial 3 (0 in rep 3) data={'thisN': 3, 'thisTrialN': 0, 'thisRepN': 3}>
2.4047 	EXP 	FixationCrossBlank800: autoDraw = False
2.4047 	EXP 	FixationCrossBlank800: autoDraw = False
2.4047 	EXP 	FixationCrossBlank800: autoDraw = True
3.1934 	EXP 	New trial (rep=0, index=0): <Trial 0 (0 in rep 0) data={'thisN': 0, 'thisTrialN': 0, 'thisRepN': 0}>
3.2047 	EXP 	FixationCrossBlank800: autoDraw = False
3.2047 	EXP 	FixationCrossBlank800: autoDraw = False
3.2047 	EXP 	FixationCrossBlank800: autoDraw = True
3.9939 	EXP 	New trial (rep=1, index=0): <Trial 1 (0 in rep 1) data={'thisN': 1, 'thisTrialN': 0, 'thisRepN': 1}>
4.0039 	EXP 	FixationCrossBlank800: autoDraw = False
4.0039 	EXP 	FixationCrossBlank800: autoDraw = False
4.0039 	EXP 	FixationCrossBlank800: autoDraw = True
4.7930 	EXP 	New trial (rep=2, index=0): <Trial 2 (0 in rep 2) data={'thisN': 2, 'thisTrialN': 0, 'thisRepN': 2}>
4.8047 	EXP 	FixationCrossBlank800: autoDraw = False
4.8047 	EXP 	FixationCrossBlank800: autoDraw = False
4.8047 	EXP 	FixationCrossBlank800: autoDraw = True
5.5928 	EXP 	New trial (rep=3, index=0): <Trial 3 (0 in rep 3) data={'thisN': 3, 'thisTrialN': 0, 'thisRepN': 3}>
5.6042 	EXP 	FixationCrossBlank800: autoDraw = False
5.6042 	EXP 	FixationCrossBlank800: autoDraw = False
5.6042 	EXP 	FixationCrossBlank800: autoDraw = True
6.4037 	EXP 	FixationCrossBlank800: autoDraw = False
6.4037 	EXP 	FixationCrossBlank800: autoDraw = False
6.4037 	EXP 	textGroupMotion: autoDraw = True
6.9041 	INFO 	Keyboard events cleared
8.9645 	EXP 	Device response: <KeyPress from None: t=8.957346000010148, value=space, duration=None>
8.9709 	EXP 	Imported practiceLoopConditionsTeamprojekt.xlsx as conditions, 12 conditions, 2 params
8.9712 	EXP 	New trial (rep=0, index=0): <Trial 0 (0 in rep 0) data={'conditions_practice': 'Portal', 'ISI_practice': 0.08, 'thisN': 0, 'thisTrialN': 0, 'thisRepN': 0}>
8.9774 	DATA 	Keypress: space
8.9804 	EXP 	textGroupMotion: autoDraw = False
8.9804 	EXP 	portalLeftPrac: fillColor = <psychopy.colors.Color: (-0.79, 0.24, -0.07, 1.0)>
8.9804 	EXP 	portalLeftPrac: borderColor = <psychopy.colors.Color: (-0.79, 0.24, -0.07, 1.0)>
8.9804 	EXP 	portalRightPrac: fillColor = <psychopy.colors.Color: (-0.79, 0.24, -0.07, 1.0)>
8.9804 	EXP 	portalRightPrac: borderColor = <psychopy.colors.Color: (-0.79, 0.24, -0.07, 1.0)>
8.9804 	EXP 	BarrierPrac: fillColor = <psychopy.colors.Color: (-0.79, 0.24, -0.07, 1.0)>
8.9804 	EXP 	BarrierPrac: borderColor = <psychopy.colors.Color: (-0.79, 0.24, -0.07, 1.0)>
8.9804 	EXP 	ternusObjLeftPrac: autoDraw = True
8.9804 	EXP 	ternusObjMiddlePrac: autoDraw = True
8.9804 	EXP 	ternusObjRightPrac: autoDraw = True
8.9804 	EXP 	FixationCrossPrac: autoDraw = True
8.9804 	EXP 	portalLeftPrac: autoDraw = True
8.9804 	EXP 	portalRightPrac: autoDraw = True
8.9804 	EXP 	BarrierPrac: autoDraw = True
9.0604 	EXP 	Device response: <KeyPress from None: t=8.957346000010148, value=space, duration=0.09966419998090714>
9.9818 	EXP 	ternusObjLeftPrac: autoDraw = False
9.9818 	EXP 	ternusObjMiddlePrac: autoDraw = False
9.9818 	EXP 	ternusObjRightPrac: autoDraw = False
9.9818 	EXP 	FixationCrossPrac: autoDraw = False
9.9818 	EXP 	portalLeftPrac: autoDraw = False
9.9818 	EXP 	portalRightPrac: autoDraw = False
9.9818 	EXP 	BarrierPrac: autoDraw = False
9.9818 	EXP 	ternusObjLeftPrac: autoDraw = False
9.9818 	EXP 	ternusObjMiddlePrac: autoDraw = False
9.9818 	EXP 	ternusObjRightPrac: autoDraw = False
9.9818 	EXP 	FixationCrossPrac: autoDraw = False
9.9818 	EXP 	portalLeftPrac: autoDraw = False
9.9818 	EXP 	portalRightPrac: autoDraw = False
9.9818 	EXP 	BarrierPrac: autoDraw = False
9.9818 	EXP 	FixationCrossBlankPractice: autoDraw = True
10.0593 	EXP 	FixationCrossBlankPractice: autoDraw = False
10.0593 	EXP 	FixationCrossBlankPractice: autoDraw = False
10.0593 	EXP 	ternusObjLeftPrac_2: fillColor = <psychopy.colors.Color: (-0.79, 0.24, -0.07, 1.0)>
10.0593 	EXP 	ternusObjLeftPrac_2: borderColor = <psychopy.colors.Color: (-0.79, 0.24, -0.07, 1.0)>
10.0593 	EXP 	ternusObjRightPrac_2: fillColor = <psychopy.colors.Color: black, alpha=1.0>
10.0593 	EXP 	ternusObjRightPrac_2: borderColor = <psychopy.colors.Color: black, alpha=1.0>
10.0593 	EXP 	portalLeftPrac_2: fillColor = <psychopy.colors.Color: (-0.79, 0.24, -0.07, 1.0)>
10.0593 	EXP 	portalLeftPrac_2: borderColor = <psychopy.colors.Color: (-0.79, 0.24, -0.07, 1.0)>
10.0593 	EXP 	portalRightPrac_2: fillColor = <psychopy.colors.Color: (-0.79, 0.24, -0.07, 1.0)>
10.0593 	EXP 	portalRightPrac_2: borderColor = <psychopy.colors.Color: (-0.79, 0.24, -0.07, 1.0)>
10.0593 	EXP 	BarrierPrac_2: fillColor = <psychopy.colors.Color: (-0.79, 0.24, -0.07, 1.0)>
10.0593 	EXP 	BarrierPrac_2: borderColor = <psychopy.colors.Color: (-0.79, 0.24, -0.07, 1.0)>
10.0593 	EXP 	ternusObjLeftPrac_2: autoDraw = True
10.0593 	EXP 	ternusObjMiddlePrac_2: autoDraw = True
10.0593 	EXP 	ternusObjRightPrac_2: autoDraw = True
10.0593 	EXP 	FixationCrossPrac_2: autoDraw = True
10.0593 	EXP 	portalLeftPrac_2: autoDraw = True
10.0593 	EXP 	portalRightPrac_2: autoDraw = True
10.0593 	EXP 	BarrierPrac_2: autoDraw = True
11.0486 	INFO 	Keyboard events cleared
11.0595 	EXP 	ternusObjLeftPrac_2: autoDraw = False
11.0595 	EXP 	ternusObjMiddlePrac_2: autoDraw = False
11.0595 	EXP 	ternusObjRightPrac_2: autoDraw = False
11.0595 	EXP 	portalLeftPrac_2: autoDraw = False
11.0595 	EXP 	portalRightPrac_2: autoDraw = False
11.0595 	EXP 	BarrierPrac_2: autoDraw = False
12.0278 	DATA 	Keypress: f
12.0377 	EXP 	Device response: <KeyPress from None: t=12.02719980000984, value=f, duration=None>
12.0478 	EXP 	ternusObjLeftPrac_2: autoDraw = False
12.0478 	EXP 	ternusObjMiddlePrac_2: autoDraw = False
12.0478 	EXP 	ternusObjRightPrac_2: autoDraw = False
12.0478 	EXP 	FixationCrossPrac_2: autoDraw = False
12.0478 	EXP 	portalLeftPrac_2: autoDraw = False
12.0478 	EXP 	portalRightPrac_2: autoDraw = False
12.0478 	EXP 	BarrierPrac_2: autoDraw = False
12.0478 	EXP 	FixationCrossBlank800: autoDraw = True
12.1148 	EXP 	Device response: <KeyPress from None: t=12.02719980000984, value=f, duration=0.07794129999820143>
12.8373 	EXP 	New trial (rep=0, index=1): <Trial 1 (1 in rep 0) data={'conditions_practice': 'Standard', 'ISI_practice': 0.16, 'thisN': 1, 'thisTrialN': 1, 'thisRepN': 0}>
12.8477 	EXP 	FixationCrossBlank800: autoDraw = False
12.8477 	EXP 	FixationCrossBlank800: autoDraw = False
12.8477 	EXP 	portalLeftPrac: fillColor = <psychopy.colors.Color: (0.19, -0.39, 0.28, 1.0)>
12.8477 	EXP 	portalLeftPrac: borderColor = <psychopy.colors.Color: (0.19, -0.39, 0.28, 1.0)>
12.8477 	EXP 	portalRightPrac: fillColor = <psychopy.colors.Color: (0.19, -0.39, 0.28, 1.0)>
12.8477 	EXP 	portalRightPrac: borderColor = <psychopy.colors.Color: (0.19, -0.39, 0.28, 1.0)>
12.8477 	EXP 	BarrierPrac: fillColor = <psychopy.colors.Color: (0.19, -0.39, 0.28, 1.0)>
12.8477 	EXP 	BarrierPrac: borderColor = <psychopy.colors.Color: (0.19, -0.39, 0.28, 1.0)>
12.8477 	EXP 	ternusObjLeftPrac: autoDraw = True
12.8477 	EXP 	ternusObjMiddlePrac: autoDraw = True
12.8477 	EXP 	ternusObjRightPrac: autoDraw = True
12.8477 	EXP 	FixationCrossPrac: autoDraw = True
12.8477 	EXP 	portalLeftPrac: autoDraw = True
12.8477 	EXP 	portalRightPrac: autoDraw = True
12.8477 	EXP 	BarrierPrac: autoDraw = True
13.8483 	EXP 	ternusObjLeftPrac: autoDraw = False
13.8483 	EXP 	ternusObjMiddlePrac: autoDraw = False
13.8483 	EXP 	ternusObjRightPrac: autoDraw = False
13.8483 	EXP 	FixationCrossPrac: autoDraw = False
13.8483 	EXP 	portalLeftPrac: autoDraw = False
13.8483 	EXP 	portalRightPrac: autoDraw = False
13.8483 	EXP 	BarrierPrac: autoDraw = False
13.8483 	EXP 	ternusObjLeftPrac: autoDraw = False
13.8483 	EXP 	ternusObjMiddlePrac: autoDraw = False
13.8483 	EXP 	ternusObjRightPrac: autoDraw = False
13.8483 	EXP 	FixationCrossPrac: autoDraw = False
13.8483 	EXP 	portalLeftPrac: autoDraw = False
13.8483 	EXP 	portalRightPrac: autoDraw = False
13.8483 	EXP 	BarrierPrac: autoDraw = False
13.8483 	EXP 	FixationCrossBlankPractice: autoDraw = True
14.0041 	EXP 	FixationCrossBlankPractice: autoDraw = False
14.0041 	EXP 	FixationCrossBlankPractice: autoDraw = False
14.0041 	EXP 	ternusObjLeftPrac_2: fillColor = <psychopy.colors.Color: black, alpha=1.0>
14.0041 	EXP 	ternusObjLeftPrac_2: borderColor = <psychopy.colors.Color: black, alpha=1.0>
14.0041 	EXP 	ternusObjRightPrac_2: fillColor = <psychopy.colors.Color: black, alpha=1.0>
14.0041 	EXP 	ternusObjRightPrac_2: borderColor = <psychopy.colors.Color: black, alpha=1.0>
14.0041 	EXP 	portalLeftPrac_2: fillColor = <psychopy.colors.Color: (0.19, -0.39, 0.28, 1.0)>
14.0041 	EXP 	portalLeftPrac_2: borderColor = <psychopy.colors.Color: (0.19, -0.39, 0.28, 1.0)>
14.0041 	EXP 	portalRightPrac_2: fillColor = <psychopy.colors.Color: (0.19, -0.39, 0.28, 1.0)>
14.0041 	EXP 	portalRightPrac_2: borderColor = <psychopy.colors.Color: (0.19, -0.39, 0.28, 1.0)>
14.0041 	EXP 	BarrierPrac_2: fillColor = <psychopy.colors.Color: (0.19, -0.39, 0.28, 1.0)>
14.0041 	EXP 	BarrierPrac_2: borderColor = <psychopy.colors.Color: (0.19, -0.39, 0.28, 1.0)>
14.0041 	EXP 	ternusObjLeftPrac_2: autoDraw = True
14.0041 	EXP 	ternusObjMiddlePrac_2: autoDraw = True
14.0041 	EXP 	ternusObjRightPrac_2: autoDraw = True
14.0041 	EXP 	FixationCrossPrac_2: autoDraw = True
14.0041 	EXP 	portalLeftPrac_2: autoDraw = True
14.0041 	EXP 	portalRightPrac_2: autoDraw = True
14.0041 	EXP 	BarrierPrac_2: autoDraw = True
14.9931 	INFO 	Keyboard events cleared
15.0044 	EXP 	ternusObjLeftPrac_2: autoDraw = False
15.0044 	EXP 	ternusObjMiddlePrac_2: autoDraw = False
15.0044 	EXP 	ternusObjRightPrac_2: autoDraw = False
15.0044 	EXP 	portalLeftPrac_2: autoDraw = False
15.0044 	EXP 	portalRightPrac_2: autoDraw = False
15.0044 	EXP 	BarrierPrac_2: autoDraw = False
15.3823 	EXP 	Device response: <KeyPress from None: t=15.372455200005788, value=f, duration=None>
15.3835 	DATA 	Keypress: f
15.3927 	EXP 	ternusObjLeftPrac_2: autoDraw = False
15.3927 	EXP 	ternusObjMiddlePrac_2: autoDraw = False
15.3927 	EXP 	ternusObjRightPrac_2: autoDraw = False
15.3927 	EXP 	FixationCrossPrac_2: autoDraw = False
15.3927 	EXP 	portalLeftPrac_2: autoDraw = False
15.3927 	EXP 	portalRightPrac_2: autoDraw = False
15.3927 	EXP 	BarrierPrac_2: autoDraw = False
15.3927 	EXP 	FixationCrossBlank800: autoDraw = True
15.4818 	EXP 	Device response: <KeyPress from None: t=15.372455200005788, value=f, duration=0.10534019995247945>
16.1823 	EXP 	New trial (rep=0, index=2): <Trial 2 (2 in rep 0) data={'conditions_practice': 'Barrier', 'ISI_practice': 0.08, 'thisN': 2, 'thisTrialN': 2, 'thisRepN': 0}>
16.1930 	EXP 	FixationCrossBlank800: autoDraw = False
16.1930 	EXP 	FixationCrossBlank800: autoDraw = False
16.1930 	EXP 	portalLeftPrac: fillColor = <psychopy.colors.Color: (0.94, 0.01, 0.5, 1.0)>
16.1930 	EXP 	portalLeftPrac: borderColor = <psychopy.colors.Color: (0.94, 0.01, 0.5, 1.0)>
16.1930 	EXP 	portalRightPrac: fillColor = <psychopy.colors.Color: (0.94, 0.01, 0.5, 1.0)>
16.1930 	EXP 	portalRightPrac: borderColor = <psychopy.colors.Color: (0.94, 0.01, 0.5, 1.0)>
16.1930 	EXP 	BarrierPrac: fillColor = <psychopy.colors.Color: (0.94, 0.01, 0.5, 1.0)>
16.1930 	EXP 	BarrierPrac: borderColor = <psychopy.colors.Color: (0.94, 0.01, 0.5, 1.0)>
16.1930 	EXP 	ternusObjLeftPrac: autoDraw = True
16.1930 	EXP 	ternusObjMiddlePrac: autoDraw = True
16.1930 	EXP 	ternusObjRightPrac: autoDraw = True
16.1930 	EXP 	FixationCrossPrac: autoDraw = True
16.1930 	EXP 	portalLeftPrac: autoDraw = True
16.1930 	EXP 	portalRightPrac: autoDraw = True
16.1930 	EXP 	BarrierPrac: autoDraw = True
17.1920 	EXP 	ternusObjLeftPrac: autoDraw = False
17.1920 	EXP 	ternusObjMiddlePrac: autoDraw = False
17.1920 	EXP 	ternusObjRightPrac: autoDraw = False
17.1920 	EXP 	FixationCrossPrac: autoDraw = False
17.1920 	EXP 	portalLeftPrac: autoDraw = False
17.1920 	EXP 	portalRightPrac: autoDraw = False
17.1920 	EXP 	BarrierPrac: autoDraw = False
17.1920 	EXP 	ternusObjLeftPrac: autoDraw = False
17.1920 	EXP 	ternusObjMiddlePrac: autoDraw = False
17.1920 	EXP 	ternusObjRightPrac: autoDraw = False
17.1920 	EXP 	FixationCrossPrac: autoDraw = False
17.1920 	EXP 	portalLeftPrac: autoDraw = False
17.1920 	EXP 	portalRightPrac: autoDraw = False
17.1920 	EXP 	BarrierPrac: autoDraw = False
17.1920 	EXP 	FixationCrossBlankPractice: autoDraw = True
17.2697 	EXP 	FixationCrossBlankPractice: autoDraw = False
17.2697 	EXP 	FixationCrossBlankPractice: autoDraw = False
17.2697 	EXP 	ternusObjLeftPrac_2: fillColor = <psychopy.colors.Color: black, alpha=1.0>
17.2697 	EXP 	ternusObjLeftPrac_2: borderColor = <psychopy.colors.Color: black, alpha=1.0>
17.2697 	EXP 	ternusObjRightPrac_2: fillColor = <psychopy.colors.Color: black, alpha=1.0>
17.2697 	EXP 	ternusObjRightPrac_2: borderColor = <psychopy.colors.Color: black, alpha=1.0>
17.2697 	EXP 	portalLeftPrac_2: fillColor = <psychopy.colors.Color: (0.94, 0.01, 0.5, 1.0)>
17.2697 	EXP 	portalLeftPrac_2: borderColor = <psychopy.colors.Color: (0.94, 0.01, 0.5, 1.0)>
17.2697 	EXP 	portalRightPrac_2: fillColor = <psychopy.colors.Color: (0.94, 0.01, 0.5, 1.0)>
17.2697 	EXP 	portalRightPrac_2: borderColor = <psychopy.colors.Color: (0.94, 0.01, 0.5, 1.0)>
17.2697 	EXP 	BarrierPrac_2: fillColor = <psychopy.colors.Color: (0.94, 0.01, 0.5, 1.0)>
17.2697 	EXP 	BarrierPrac_2: borderColor = <psychopy.colors.Color: (0.94, 0.01, 0.5, 1.0)>
17.2697 	EXP 	ternusObjLeftPrac_2: autoDraw = True
17.2697 	EXP 	ternusObjMiddlePrac_2: autoDraw = True
17.2697 	EXP 	ternusObjRightPrac_2: autoDraw = True
17.2697 	EXP 	FixationCrossPrac_2: autoDraw = True
17.2697 	EXP 	portalLeftPrac_2: autoDraw = True
17.2697 	EXP 	portalRightPrac_2: autoDraw = True
17.2697 	EXP 	BarrierPrac_2: autoDraw = True
18.2597 	INFO 	Keyboard events cleared
18.2707 	EXP 	ternusObjLeftPrac_2: autoDraw = False
18.2707 	EXP 	ternusObjMiddlePrac_2: autoDraw = False
18.2707 	EXP 	ternusObjRightPrac_2: autoDraw = False
18.2707 	EXP 	portalLeftPrac_2: autoDraw = False
18.2707 	EXP 	portalRightPrac_2: autoDraw = False
18.2707 	EXP 	BarrierPrac_2: autoDraw = False
22.4707 	EXP 	Device response: <KeyPress from None: t=22.466687999956775, value=f, duration=None>
22.4716 	DATA 	Keypress: f
22.4806 	EXP 	ternusObjLeftPrac_2: autoDraw = False
22.4806 	EXP 	ternusObjMiddlePrac_2: autoDraw = False
22.4806 	EXP 	ternusObjRightPrac_2: autoDraw = False
22.4806 	EXP 	FixationCrossPrac_2: autoDraw = False
22.4806 	EXP 	portalLeftPrac_2: autoDraw = False
22.4806 	EXP 	portalRightPrac_2: autoDraw = False
22.4806 	EXP 	BarrierPrac_2: autoDraw = False
22.4806 	EXP 	FixationCrossBlank800: autoDraw = True
22.5919 	EXP 	Device response: <KeyPress from None: t=22.466687999956775, value=f, duration=0.11759640002856031>
23.2697 	EXP 	New trial (rep=0, index=3): <Trial 3 (3 in rep 0) data={'conditions_practice': 'Barrier', 'ISI_practice': 0.02, 'thisN': 3, 'thisTrialN': 3, 'thisRepN': 0}>
23.2806 	EXP 	FixationCrossBlank800: autoDraw = False
23.2806 	EXP 	FixationCrossBlank800: autoDraw = False
23.2806 	EXP 	portalLeftPrac: fillColor = <psychopy.colors.Color: (-0.79, 0.24, -0.07, 1.0)>
23.2806 	EXP 	portalLeftPrac: borderColor = <psychopy.colors.Color: (-0.79, 0.24, -0.07, 1.0)>
23.2806 	EXP 	portalRightPrac: fillColor = <psychopy.colors.Color: (-0.79, 0.24, -0.07, 1.0)>
23.2806 	EXP 	portalRightPrac: borderColor = <psychopy.colors.Color: (-0.79, 0.24, -0.07, 1.0)>
23.2806 	EXP 	BarrierPrac: fillColor = <psychopy.colors.Color: (-0.79, 0.24, -0.07, 1.0)>
23.2806 	EXP 	BarrierPrac: borderColor = <psychopy.colors.Color: (-0.79, 0.24, -0.07, 1.0)>
23.2806 	EXP 	ternusObjLeftPrac: autoDraw = True
23.2806 	EXP 	ternusObjMiddlePrac: autoDraw = True
23.2806 	EXP 	ternusObjRightPrac: autoDraw = True
23.2806 	EXP 	FixationCrossPrac: autoDraw = True
23.2806 	EXP 	portalLeftPrac: autoDraw = True
23.2806 	EXP 	portalRightPrac: autoDraw = True
23.2806 	EXP 	BarrierPrac: autoDraw = True
24.2806 	EXP 	ternusObjLeftPrac: autoDraw = False
24.2806 	EXP 	ternusObjMiddlePrac: autoDraw = False
24.2806 	EXP 	ternusObjRightPrac: autoDraw = False
24.2806 	EXP 	FixationCrossPrac: autoDraw = False
24.2806 	EXP 	portalLeftPrac: autoDraw = False
24.2806 	EXP 	portalRightPrac: autoDraw = False
24.2806 	EXP 	BarrierPrac: autoDraw = False
24.2806 	EXP 	ternusObjLeftPrac: autoDraw = False
24.2806 	EXP 	ternusObjMiddlePrac: autoDraw = False
24.2806 	EXP 	ternusObjRightPrac: autoDraw = False
24.2806 	EXP 	FixationCrossPrac: autoDraw = False
24.2806 	EXP 	portalLeftPrac: autoDraw = False
24.2806 	EXP 	portalRightPrac: autoDraw = False
24.2806 	EXP 	BarrierPrac: autoDraw = False
24.2806 	EXP 	FixationCrossBlankPractice: autoDraw = True
24.3027 	EXP 	FixationCrossBlankPractice: autoDraw = False
24.3027 	EXP 	FixationCrossBlankPractice: autoDraw = False
24.3027 	EXP 	ternusObjLeftPrac_2: fillColor = <psychopy.colors.Color: black, alpha=1.0>
24.3027 	EXP 	ternusObjLeftPrac_2: borderColor = <psychopy.colors.Color: black, alpha=1.0>
24.3027 	EXP 	ternusObjRightPrac_2: fillColor = <psychopy.colors.Color: black, alpha=1.0>
24.3027 	EXP 	ternusObjRightPrac_2: borderColor = <psychopy.colors.Color: black, alpha=1.0>
24.3027 	EXP 	portalLeftPrac_2: fillColor = <psychopy.colors.Color: (-0.79, 0.24, -0.07, 1.0)>
24.3027 	EXP 	portalLeftPrac_2: borderColor = <psychopy.colors.Color: (-0.79, 0.24, -0.07, 1.0)>
24.3027 	EXP 	portalRightPrac_2: fillColor = <psychopy.colors.Color: (-0.79, 0.24, -0.07, 1.0)>
24.3027 	EXP 	portalRightPrac_2: borderColor = <psychopy.colors.Color: (-0.79, 0.24, -0.07, 1.0)>
24.3027 	EXP 	BarrierPrac_2: fillColor = <psychopy.colors.Color: (-0.79, 0.24, -0.07, 1.0)>
24.3027 	EXP 	BarrierPrac_2: borderColor = <psychopy.colors.Color: (-0.79, 0.24, -0.07, 1.0)>
24.3027 	EXP 	ternusObjLeftPrac_2: autoDraw = True
24.3027 	EXP 	ternusObjMiddlePrac_2: autoDraw = True
24.3027 	EXP 	ternusObjRightPrac_2: autoDraw = True
24.3027 	EXP 	FixationCrossPrac_2: autoDraw = True
24.3027 	EXP 	portalLeftPrac_2: autoDraw = True
24.3027 	EXP 	portalRightPrac_2: autoDraw = True
24.3027 	EXP 	BarrierPrac_2: autoDraw = True
25.2916 	INFO 	Keyboard events cleared
25.3037 	EXP 	ternusObjLeftPrac_2: autoDraw = False
25.3037 	EXP 	ternusObjMiddlePrac_2: autoDraw = False
25.3037 	EXP 	ternusObjRightPrac_2: autoDraw = False
25.3037 	EXP 	portalLeftPrac_2: autoDraw = False
25.3037 	EXP 	portalRightPrac_2: autoDraw = False
25.3037 	EXP 	BarrierPrac_2: autoDraw = False
26.4928 	EXP 	Device response: <KeyPress from None: t=26.484373999992386, value=j, duration=None>
26.4940 	DATA 	Keypress: j
26.5028 	EXP 	ternusObjLeftPrac_2: autoDraw = False
26.5028 	EXP 	ternusObjMiddlePrac_2: autoDraw = False
26.5028 	EXP 	ternusObjRightPrac_2: autoDraw = False
26.5028 	EXP 	FixationCrossPrac_2: autoDraw = False
26.5028 	EXP 	portalLeftPrac_2: autoDraw = False
26.5028 	EXP 	portalRightPrac_2: autoDraw = False
26.5028 	EXP 	BarrierPrac_2: autoDraw = False
26.5028 	EXP 	FixationCrossBlank800: autoDraw = True
26.6028 	EXP 	Device response: <KeyPress from None: t=26.484373999992386, value=j, duration=0.11780459998408332>
27.2928 	EXP 	New trial (rep=0, index=4): <Trial 4 (4 in rep 0) data={'conditions_practice': 'Barrier', 'ISI_practice': 0, 'thisN': 4, 'thisTrialN': 4, 'thisRepN': 0}>
27.3036 	EXP 	FixationCrossBlank800: autoDraw = False
27.3036 	EXP 	FixationCrossBlank800: autoDraw = False
27.3036 	EXP 	portalLeftPrac: fillColor = <psychopy.colors.Color: (-0.57, -0.01, 0.44, 1.0)>
27.3036 	EXP 	portalLeftPrac: borderColor = <psychopy.colors.Color: (-0.57, -0.01, 0.44, 1.0)>
27.3036 	EXP 	portalRightPrac: fillColor = <psychopy.colors.Color: (-0.57, -0.01, 0.44, 1.0)>
27.3036 	EXP 	portalRightPrac: borderColor = <psychopy.colors.Color: (-0.57, -0.01, 0.44, 1.0)>
27.3036 	EXP 	BarrierPrac: fillColor = <psychopy.colors.Color: (-0.57, -0.01, 0.44, 1.0)>
27.3036 	EXP 	BarrierPrac: borderColor = <psychopy.colors.Color: (-0.57, -0.01, 0.44, 1.0)>
27.3036 	EXP 	ternusObjLeftPrac: autoDraw = True
27.3036 	EXP 	ternusObjMiddlePrac: autoDraw = True
27.3036 	EXP 	ternusObjRightPrac: autoDraw = True
27.3036 	EXP 	FixationCrossPrac: autoDraw = True
27.3036 	EXP 	portalLeftPrac: autoDraw = True
27.3036 	EXP 	portalRightPrac: autoDraw = True
27.3036 	EXP 	BarrierPrac: autoDraw = True
28.3039 	EXP 	ternusObjLeftPrac: autoDraw = False
28.3039 	EXP 	ternusObjMiddlePrac: autoDraw = False
28.3039 	EXP 	ternusObjRightPrac: autoDraw = False
28.3039 	EXP 	FixationCrossPrac: autoDraw = False
28.3039 	EXP 	portalLeftPrac: autoDraw = False
28.3039 	EXP 	portalRightPrac: autoDraw = False
28.3039 	EXP 	BarrierPrac: autoDraw = False
28.3039 	EXP 	ternusObjLeftPrac: autoDraw = False
28.3039 	EXP 	ternusObjMiddlePrac: autoDraw = False
28.3039 	EXP 	ternusObjRightPrac: autoDraw = False
28.3039 	EXP 	FixationCrossPrac: autoDraw = False
28.3039 	EXP 	portalLeftPrac: autoDraw = False
28.3039 	EXP 	portalRightPrac: autoDraw = False
28.3039 	EXP 	BarrierPrac: autoDraw = False
28.3039 	EXP 	FixationCrossBlankPractice: autoDraw = True
28.3039 	EXP 	FixationCrossBlankPractice: autoDraw = False
28.3039 	EXP 	FixationCrossBlankPractice: autoDraw = False
28.3039 	EXP 	ternusObjLeftPrac_2: fillColor = <psychopy.colors.Color: black, alpha=1.0>
28.3039 	EXP 	ternusObjLeftPrac_2: borderColor = <psychopy.colors.Color: black, alpha=1.0>
28.3039 	EXP 	ternusObjRightPrac_2: fillColor = <psychopy.colors.Color: black, alpha=1.0>
28.3039 	EXP 	ternusObjRightPrac_2: borderColor = <psychopy.colors.Color: black, alpha=1.0>
28.3039 	EXP 	portalLeftPrac_2: fillColor = <psychopy.colors.Color: (-0.57, -0.01, 0.44, 1.0)>
28.3039 	EXP 	portalLeftPrac_2: borderColor = <psychopy.colors.Color: (-0.57, -0.01, 0.44, 1.0)>
28.3039 	EXP 	portalRightPrac_2: fillColor = <psychopy.colors.Color: (-0.57, -0.01, 0.44, 1.0)>
28.3039 	EXP 	portalRightPrac_2: borderColor = <psychopy.colors.Color: (-0.57, -0.01, 0.44, 1.0)>
28.3039 	EXP 	BarrierPrac_2: fillColor = <psychopy.colors.Color: (-0.57, -0.01, 0.44, 1.0)>
28.3039 	EXP 	BarrierPrac_2: borderColor = <psychopy.colors.Color: (-0.57, -0.01, 0.44, 1.0)>
28.3039 	EXP 	ternusObjLeftPrac_2: autoDraw = True
28.3039 	EXP 	ternusObjMiddlePrac_2: autoDraw = True
28.3039 	EXP 	ternusObjRightPrac_2: autoDraw = True
28.3039 	EXP 	FixationCrossPrac_2: autoDraw = True
28.3039 	EXP 	portalLeftPrac_2: autoDraw = True
28.3039 	EXP 	portalRightPrac_2: autoDraw = True
28.3039 	EXP 	BarrierPrac_2: autoDraw = True
29.2922 	INFO 	Keyboard events cleared
29.3025 	EXP 	ternusObjLeftPrac_2: autoDraw = False
29.3025 	EXP 	ternusObjMiddlePrac_2: autoDraw = False
29.3025 	EXP 	ternusObjRightPrac_2: autoDraw = False
29.3025 	EXP 	portalLeftPrac_2: autoDraw = False
29.3025 	EXP 	portalRightPrac_2: autoDraw = False
29.3025 	EXP 	BarrierPrac_2: autoDraw = False
29.8595 	EXP 	Device response: <KeyPress from None: t=29.84926699998323, value=f, duration=None>
29.8610 	DATA 	Keypress: f
29.8691 	EXP 	ternusObjLeftPrac_2: autoDraw = False
29.8691 	EXP 	ternusObjMiddlePrac_2: autoDraw = False
29.8691 	EXP 	ternusObjRightPrac_2: autoDraw = False
29.8691 	EXP 	FixationCrossPrac_2: autoDraw = False
29.8691 	EXP 	portalLeftPrac_2: autoDraw = False
29.8691 	EXP 	portalRightPrac_2: autoDraw = False
29.8691 	EXP 	BarrierPrac_2: autoDraw = False
29.8691 	EXP 	FixationCrossBlank800: autoDraw = True
29.9814 	EXP 	Device response: <KeyPress from None: t=29.84926699998323, value=f, duration=0.12782549997791648>
30.6593 	EXP 	New trial (rep=0, index=5): <Trial 5 (5 in rep 0) data={'conditions_practice': 'Standard', 'ISI_practice': 0.02, 'thisN': 5, 'thisTrialN': 5, 'thisRepN': 0}>
30.6693 	EXP 	FixationCrossBlank800: autoDraw = False
30.6693 	EXP 	FixationCrossBlank800: autoDraw = False
30.6693 	EXP 	portalLeftPrac: fillColor = <psychopy.colors.Color: (0.94, 0.01, 0.5, 1.0)>
30.6693 	EXP 	portalLeftPrac: borderColor = <psychopy.colors.Color: (0.94, 0.01, 0.5, 1.0)>
30.6693 	EXP 	portalRightPrac: fillColor = <psychopy.colors.Color: (0.94, 0.01, 0.5, 1.0)>
30.6693 	EXP 	portalRightPrac: borderColor = <psychopy.colors.Color: (0.94, 0.01, 0.5, 1.0)>
30.6693 	EXP 	BarrierPrac: fillColor = <psychopy.colors.Color: (0.94, 0.01, 0.5, 1.0)>
30.6693 	EXP 	BarrierPrac: borderColor = <psychopy.colors.Color: (0.94, 0.01, 0.5, 1.0)>
30.6693 	EXP 	ternusObjLeftPrac: autoDraw = True
30.6693 	EXP 	ternusObjMiddlePrac: autoDraw = True
30.6693 	EXP 	ternusObjRightPrac: autoDraw = True
30.6693 	EXP 	FixationCrossPrac: autoDraw = True
30.6693 	EXP 	portalLeftPrac: autoDraw = True
30.6693 	EXP 	portalRightPrac: autoDraw = True
30.6693 	EXP 	BarrierPrac: autoDraw = True
31.6691 	EXP 	ternusObjLeftPrac: autoDraw = False
31.6691 	EXP 	ternusObjMiddlePrac: autoDraw = False
31.6691 	EXP 	ternusObjRightPrac: autoDraw = False
31.6691 	EXP 	FixationCrossPrac: autoDraw = False
31.6691 	EXP 	portalLeftPrac: autoDraw = False
31.6691 	EXP 	portalRightPrac: autoDraw = False
31.6691 	EXP 	BarrierPrac: autoDraw = False
31.6691 	EXP 	ternusObjLeftPrac: autoDraw = False
31.6691 	EXP 	ternusObjMiddlePrac: autoDraw = False
31.6691 	EXP 	ternusObjRightPrac: autoDraw = False
31.6691 	EXP 	FixationCrossPrac: autoDraw = False
31.6691 	EXP 	portalLeftPrac: autoDraw = False
31.6691 	EXP 	portalRightPrac: autoDraw = False
31.6691 	EXP 	BarrierPrac: autoDraw = False
31.6691 	EXP 	FixationCrossBlankPractice: autoDraw = True
31.6912 	EXP 	FixationCrossBlankPractice: autoDraw = False
31.6912 	EXP 	FixationCrossBlankPractice: autoDraw = False
31.6912 	EXP 	ternusObjLeftPrac_2: fillColor = <psychopy.colors.Color: black, alpha=1.0>
31.6912 	EXP 	ternusObjLeftPrac_2: borderColor = <psychopy.colors.Color: black, alpha=1.0>
31.6912 	EXP 	ternusObjRightPrac_2: fillColor = <psychopy.colors.Color: black, alpha=1.0>
31.6912 	EXP 	ternusObjRightPrac_2: borderColor = <psychopy.colors.Color: black, alpha=1.0>
31.6912 	EXP 	portalLeftPrac_2: fillColor = <psychopy.colors.Color: (0.94, 0.01, 0.5, 1.0)>
31.6912 	EXP 	portalLeftPrac_2: borderColor = <psychopy.colors.Color: (0.94, 0.01, 0.5, 1.0)>
31.6912 	EXP 	portalRightPrac_2: fillColor = <psychopy.colors.Color: (0.94, 0.01, 0.5, 1.0)>
31.6912 	EXP 	portalRightPrac_2: borderColor = <psychopy.colors.Color: (0.94, 0.01, 0.5, 1.0)>
31.6912 	EXP 	BarrierPrac_2: fillColor = <psychopy.colors.Color: (0.94, 0.01, 0.5, 1.0)>
31.6912 	EXP 	BarrierPrac_2: borderColor = <psychopy.colors.Color: (0.94, 0.01, 0.5, 1.0)>
31.6912 	EXP 	ternusObjLeftPrac_2: autoDraw = True
31.6912 	EXP 	ternusObjMiddlePrac_2: autoDraw = True
31.6912 	EXP 	ternusObjRightPrac_2: autoDraw = True
31.6912 	EXP 	FixationCrossPrac_2: autoDraw = True
31.6912 	EXP 	portalLeftPrac_2: autoDraw = True
31.6912 	EXP 	portalRightPrac_2: autoDraw = True
31.6912 	EXP 	BarrierPrac_2: autoDraw = True
32.6807 	INFO 	Keyboard events cleared
32.6920 	EXP 	ternusObjLeftPrac_2: autoDraw = False
32.6920 	EXP 	ternusObjMiddlePrac_2: autoDraw = False
32.6920 	EXP 	ternusObjRightPrac_2: autoDraw = False
32.6920 	EXP 	portalLeftPrac_2: autoDraw = False
32.6920 	EXP 	portalRightPrac_2: autoDraw = False
32.6920 	EXP 	BarrierPrac_2: autoDraw = False
33.1145 	EXP 	Device response: <KeyPress from None: t=33.108167099999264, value=j, duration=None>
33.1155 	DATA 	Keypress: j
33.1245 	EXP 	ternusObjLeftPrac_2: autoDraw = False
33.1245 	EXP 	ternusObjMiddlePrac_2: autoDraw = False
33.1245 	EXP 	ternusObjRightPrac_2: autoDraw = False
33.1245 	EXP 	FixationCrossPrac_2: autoDraw = False
33.1245 	EXP 	portalLeftPrac_2: autoDraw = False
33.1245 	EXP 	portalRightPrac_2: autoDraw = False
33.1245 	EXP 	BarrierPrac_2: autoDraw = False
33.1245 	EXP 	FixationCrossBlank800: autoDraw = True
33.2483 	EXP 	Device response: <KeyPress from None: t=33.108167099999264, value=j, duration=0.13443789997836575>
33.9147 	EXP 	New trial (rep=0, index=6): <Trial 6 (6 in rep 0) data={'conditions_practice': 'Standard', 'ISI_practice': 0.08, 'thisN': 6, 'thisTrialN': 6, 'thisRepN': 0}>
33.9244 	EXP 	FixationCrossBlank800: autoDraw = False
33.9244 	EXP 	FixationCrossBlank800: autoDraw = False
33.9244 	EXP 	portalLeftPrac: fillColor = <psychopy.colors.Color: (-0.4, 0.37, -0.42, 1.0)>
33.9244 	EXP 	portalLeftPrac: borderColor = <psychopy.colors.Color: (-0.4, 0.37, -0.42, 1.0)>
33.9244 	EXP 	portalRightPrac: fillColor = <psychopy.colors.Color: (-0.4, 0.37, -0.42, 1.0)>
33.9244 	EXP 	portalRightPrac: borderColor = <psychopy.colors.Color: (-0.4, 0.37, -0.42, 1.0)>
33.9244 	EXP 	BarrierPrac: fillColor = <psychopy.colors.Color: (-0.4, 0.37, -0.42, 1.0)>
33.9244 	EXP 	BarrierPrac: borderColor = <psychopy.colors.Color: (-0.4, 0.37, -0.42, 1.0)>
33.9244 	EXP 	ternusObjLeftPrac: autoDraw = True
33.9244 	EXP 	ternusObjMiddlePrac: autoDraw = True
33.9244 	EXP 	ternusObjRightPrac: autoDraw = True
33.9244 	EXP 	FixationCrossPrac: autoDraw = True
33.9244 	EXP 	portalLeftPrac: autoDraw = True
33.9244 	EXP 	portalRightPrac: autoDraw = True
33.9244 	EXP 	BarrierPrac: autoDraw = True
34.9245 	EXP 	ternusObjLeftPrac: autoDraw = False
34.9245 	EXP 	ternusObjMiddlePrac: autoDraw = False
34.9245 	EXP 	ternusObjRightPrac: autoDraw = False
34.9245 	EXP 	FixationCrossPrac: autoDraw = False
34.9245 	EXP 	portalLeftPrac: autoDraw = False
34.9245 	EXP 	portalRightPrac: autoDraw = False
34.9245 	EXP 	BarrierPrac: autoDraw = False
34.9245 	EXP 	ternusObjLeftPrac: autoDraw = False
34.9245 	EXP 	ternusObjMiddlePrac: autoDraw = False
34.9245 	EXP 	ternusObjRightPrac: autoDraw = False
34.9245 	EXP 	FixationCrossPrac: autoDraw = False
34.9245 	EXP 	portalLeftPrac: autoDraw = False
34.9245 	EXP 	portalRightPrac: autoDraw = False
34.9245 	EXP 	BarrierPrac: autoDraw = False
34.9245 	EXP 	FixationCrossBlankPractice: autoDraw = True
35.0025 	EXP 	FixationCrossBlankPractice: autoDraw = False
35.0025 	EXP 	FixationCrossBlankPractice: autoDraw = False
35.0025 	EXP 	ternusObjLeftPrac_2: fillColor = <psychopy.colors.Color: black, alpha=1.0>
35.0025 	EXP 	ternusObjLeftPrac_2: borderColor = <psychopy.colors.Color: black, alpha=1.0>
35.0025 	EXP 	ternusObjRightPrac_2: fillColor = <psychopy.colors.Color: black, alpha=1.0>
35.0025 	EXP 	ternusObjRightPrac_2: borderColor = <psychopy.colors.Color: black, alpha=1.0>
35.0025 	EXP 	portalLeftPrac_2: fillColor = <psychopy.colors.Color: (-0.4, 0.37, -0.42, 1.0)>
35.0025 	EXP 	portalLeftPrac_2: borderColor = <psychopy.colors.Color: (-0.4, 0.37, -0.42, 1.0)>
35.0025 	EXP 	portalRightPrac_2: fillColor = <psychopy.colors.Color: (-0.4, 0.37, -0.42, 1.0)>
35.0025 	EXP 	portalRightPrac_2: borderColor = <psychopy.colors.Color: (-0.4, 0.37, -0.42, 1.0)>
35.0025 	EXP 	BarrierPrac_2: fillColor = <psychopy.colors.Color: (-0.4, 0.37, -0.42, 1.0)>
35.0025 	EXP 	BarrierPrac_2: borderColor = <psychopy.colors.Color: (-0.4, 0.37, -0.42, 1.0)>
35.0025 	EXP 	ternusObjLeftPrac_2: autoDraw = True
35.0025 	EXP 	ternusObjMiddlePrac_2: autoDraw = True
35.0025 	EXP 	ternusObjRightPrac_2: autoDraw = True
35.0025 	EXP 	FixationCrossPrac_2: autoDraw = True
35.0025 	EXP 	portalLeftPrac_2: autoDraw = True
35.0025 	EXP 	portalRightPrac_2: autoDraw = True
35.0025 	EXP 	BarrierPrac_2: autoDraw = True
35.9914 	INFO 	Keyboard events cleared
36.0025 	EXP 	ternusObjLeftPrac_2: autoDraw = False
36.0025 	EXP 	ternusObjMiddlePrac_2: autoDraw = False
36.0025 	EXP 	ternusObjRightPrac_2: autoDraw = False
36.0025 	EXP 	portalLeftPrac_2: autoDraw = False
36.0025 	EXP 	portalRightPrac_2: autoDraw = False
36.0025 	EXP 	BarrierPrac_2: autoDraw = False
36.4597 	DATA 	Keypress: f
36.4690 	EXP 	Device response: <KeyPress from None: t=36.459090399963316, value=f, duration=None>
36.4799 	EXP 	ternusObjLeftPrac_2: autoDraw = False
36.4799 	EXP 	ternusObjMiddlePrac_2: autoDraw = False
36.4799 	EXP 	ternusObjRightPrac_2: autoDraw = False
36.4799 	EXP 	FixationCrossPrac_2: autoDraw = False
36.4799 	EXP 	portalLeftPrac_2: autoDraw = False
36.4799 	EXP 	portalRightPrac_2: autoDraw = False
36.4799 	EXP 	BarrierPrac_2: autoDraw = False
36.4799 	EXP 	FixationCrossBlank800: autoDraw = True
36.6145 	EXP 	Device response: <KeyPress from None: t=36.459090399963316, value=f, duration=0.1541669000289403>
37.2700 	EXP 	New trial (rep=0, index=7): <Trial 7 (7 in rep 0) data={'conditions_practice': 'Portal', 'ISI_practice': 0, 'thisN': 7, 'thisTrialN': 7, 'thisRepN': 0}>
37.2808 	EXP 	FixationCrossBlank800: autoDraw = False
37.2808 	EXP 	portalLeftPrac: fillColor = <psychopy.colors.Color: (-0.79, 0.24, -0.07, 1.0)>
37.2808 	EXP 	portalLeftPrac: borderColor = <psychopy.colors.Color: (-0.79, 0.24, -0.07, 1.0)>
37.2808 	EXP 	portalRightPrac: fillColor = <psychopy.colors.Color: (-0.79, 0.24, -0.07, 1.0)>
37.2808 	EXP 	portalRightPrac: borderColor = <psychopy.colors.Color: (-0.79, 0.24, -0.07, 1.0)>
37.2808 	EXP 	BarrierPrac: fillColor = <psychopy.colors.Color: (-0.79, 0.24, -0.07, 1.0)>
37.2808 	EXP 	BarrierPrac: borderColor = <psychopy.colors.Color: (-0.79, 0.24, -0.07, 1.0)>
37.2808 	EXP 	ternusObjLeftPrac: autoDraw = True
37.2808 	EXP 	ternusObjMiddlePrac: autoDraw = True
37.2808 	EXP 	ternusObjRightPrac: autoDraw = True
37.2808 	EXP 	FixationCrossPrac: autoDraw = True
37.2808 	EXP 	portalLeftPrac: autoDraw = True
37.2808 	EXP 	portalRightPrac: autoDraw = True
37.2808 	EXP 	BarrierPrac: autoDraw = True
38.2828 	EXP 	ternusObjLeftPrac: autoDraw = False
38.2828 	EXP 	ternusObjMiddlePrac: autoDraw = False
38.2828 	EXP 	ternusObjRightPrac: autoDraw = False
38.2828 	EXP 	FixationCrossPrac: autoDraw = False
38.2828 	EXP 	portalLeftPrac: autoDraw = False
38.2828 	EXP 	portalRightPrac: autoDraw = False
38.2828 	EXP 	BarrierPrac: autoDraw = False
38.2828 	EXP 	ternusObjLeftPrac: autoDraw = False
38.2828 	EXP 	ternusObjMiddlePrac: autoDraw = False
38.2828 	EXP 	ternusObjRightPrac: autoDraw = False
38.2828 	EXP 	FixationCrossPrac: autoDraw = False
38.2828 	EXP 	portalLeftPrac: autoDraw = False
38.2828 	EXP 	portalRightPrac: autoDraw = False
38.2828 	EXP 	BarrierPrac: autoDraw = False
38.2828 	EXP 	FixationCrossBlankPractice: autoDraw = True
38.2828 	EXP 	FixationCrossBlankPractice: autoDraw = False
38.2828 	EXP 	FixationCrossBlankPractice: autoDraw = False
38.2828 	EXP 	ternusObjLeftPrac_2: fillColor = <psychopy.colors.Color: black, alpha=1.0>
38.2828 	EXP 	ternusObjLeftPrac_2: borderColor = <psychopy.colors.Color: black, alpha=1.0>
38.2828 	EXP 	ternusObjRightPrac_2: fillColor = <psychopy.colors.Color: black, alpha=1.0>
38.2828 	EXP 	ternusObjRightPrac_2: borderColor = <psychopy.colors.Color: black, alpha=1.0>
38.2828 	EXP 	portalLeftPrac_2: fillColor = <psychopy.colors.Color: (-0.79, 0.24, -0.07, 1.0)>
38.2828 	EXP 	portalLeftPrac_2: borderColor = <psychopy.colors.Color: (-0.79, 0.24, -0.07, 1.0)>
38.2828 	EXP 	portalRightPrac_2: fillColor = <psychopy.colors.Color: (-0.79, 0.24, -0.07, 1.0)>
38.2828 	EXP 	portalRightPrac_2: borderColor = <psychopy.colors.Color: (-0.79, 0.24, -0.07, 1.0)>
38.2828 	EXP 	BarrierPrac_2: fillColor = <psychopy.colors.Color: (-0.79, 0.24, -0.07, 1.0)>
38.2828 	EXP 	BarrierPrac_2: borderColor = <psychopy.colors.Color: (-0.79, 0.24, -0.07, 1.0)>
38.2828 	EXP 	ternusObjLeftPrac_2: autoDraw = True
38.2828 	EXP 	ternusObjMiddlePrac_2: autoDraw = True
38.2828 	EXP 	ternusObjRightPrac_2: autoDraw = True
38.2828 	EXP 	FixationCrossPrac_2: autoDraw = True
38.2828 	EXP 	portalLeftPrac_2: autoDraw = True
38.2828 	EXP 	portalRightPrac_2: autoDraw = True
38.2828 	EXP 	BarrierPrac_2: autoDraw = True
39.2699 	INFO 	Keyboard events cleared
39.2797 	EXP 	ternusObjLeftPrac_2: autoDraw = False
39.2797 	EXP 	ternusObjMiddlePrac_2: autoDraw = False
39.2797 	EXP 	ternusObjRightPrac_2: autoDraw = False
39.2797 	EXP 	portalLeftPrac_2: autoDraw = False
39.2797 	EXP 	portalRightPrac_2: autoDraw = False
39.2797 	EXP 	BarrierPrac_2: autoDraw = False
40.0698 	EXP 	Device response: <KeyPress from None: t=40.0678295000107, value=f, duration=None>
40.0704 	DATA 	Keypress: f
40.0804 	EXP 	ternusObjLeftPrac_2: autoDraw = False
40.0804 	EXP 	ternusObjMiddlePrac_2: autoDraw = False
40.0804 	EXP 	ternusObjRightPrac_2: autoDraw = False
40.0804 	EXP 	FixationCrossPrac_2: autoDraw = False
40.0804 	EXP 	portalLeftPrac_2: autoDraw = False
40.0804 	EXP 	portalRightPrac_2: autoDraw = False
40.0804 	EXP 	BarrierPrac_2: autoDraw = False
40.0804 	EXP 	FixationCrossBlank800: autoDraw = True
40.2027 	EXP 	Device response: <KeyPress from None: t=40.0678295000107, value=f, duration=0.12767659995006397>
40.8688 	EXP 	New trial (rep=0, index=8): <Trial 8 (8 in rep 0) data={'conditions_practice': 'Standard', 'ISI_practice': 0, 'thisN': 8, 'thisTrialN': 8, 'thisRepN': 0}>
40.8797 	EXP 	FixationCrossBlank800: autoDraw = False
40.8797 	EXP 	FixationCrossBlank800: autoDraw = False
40.8797 	EXP 	portalLeftPrac: fillColor = <psychopy.colors.Color: (-0.79, 0.24, -0.07, 1.0)>
40.8797 	EXP 	portalLeftPrac: borderColor = <psychopy.colors.Color: (-0.79, 0.24, -0.07, 1.0)>
40.8797 	EXP 	portalRightPrac: fillColor = <psychopy.colors.Color: (-0.79, 0.24, -0.07, 1.0)>
40.8797 	EXP 	portalRightPrac: borderColor = <psychopy.colors.Color: (-0.79, 0.24, -0.07, 1.0)>
40.8797 	EXP 	BarrierPrac: fillColor = <psychopy.colors.Color: (-0.79, 0.24, -0.07, 1.0)>
40.8797 	EXP 	BarrierPrac: borderColor = <psychopy.colors.Color: (-0.79, 0.24, -0.07, 1.0)>
40.8797 	EXP 	ternusObjLeftPrac: autoDraw = True
40.8797 	EXP 	ternusObjMiddlePrac: autoDraw = True
40.8797 	EXP 	ternusObjRightPrac: autoDraw = True
40.8797 	EXP 	FixationCrossPrac: autoDraw = True
40.8797 	EXP 	portalLeftPrac: autoDraw = True
40.8797 	EXP 	portalRightPrac: autoDraw = True
40.8797 	EXP 	BarrierPrac: autoDraw = True
41.8797 	EXP 	ternusObjLeftPrac: autoDraw = False
41.8797 	EXP 	ternusObjMiddlePrac: autoDraw = False
41.8797 	EXP 	ternusObjRightPrac: autoDraw = False
41.8797 	EXP 	FixationCrossPrac: autoDraw = False
41.8797 	EXP 	portalLeftPrac: autoDraw = False
41.8797 	EXP 	portalRightPrac: autoDraw = False
41.8797 	EXP 	BarrierPrac: autoDraw = False
41.8797 	EXP 	ternusObjLeftPrac: autoDraw = False
41.8797 	EXP 	ternusObjMiddlePrac: autoDraw = False
41.8797 	EXP 	ternusObjRightPrac: autoDraw = False
41.8797 	EXP 	FixationCrossPrac: autoDraw = False
41.8797 	EXP 	portalLeftPrac: autoDraw = False
41.8797 	EXP 	portalRightPrac: autoDraw = False
41.8797 	EXP 	BarrierPrac: autoDraw = False
41.8797 	EXP 	FixationCrossBlankPractice: autoDraw = True
41.8797 	EXP 	FixationCrossBlankPractice: autoDraw = False
41.8797 	EXP 	FixationCrossBlankPractice: autoDraw = False
41.8797 	EXP 	ternusObjLeftPrac_2: fillColor = <psychopy.colors.Color: black, alpha=1.0>
41.8797 	EXP 	ternusObjLeftPrac_2: borderColor = <psychopy.colors.Color: black, alpha=1.0>
41.8797 	EXP 	ternusObjRightPrac_2: fillColor = <psychopy.colors.Color: black, alpha=1.0>
41.8797 	EXP 	ternusObjRightPrac_2: borderColor = <psychopy.colors.Color: black, alpha=1.0>
41.8797 	EXP 	portalLeftPrac_2: fillColor = <psychopy.colors.Color: (-0.79, 0.24, -0.07, 1.0)>
41.8797 	EXP 	portalLeftPrac_2: borderColor = <psychopy.colors.Color: (-0.79, 0.24, -0.07, 1.0)>
41.8797 	EXP 	portalRightPrac_2: fillColor = <psychopy.colors.Color: (-0.79, 0.24, -0.07, 1.0)>
41.8797 	EXP 	portalRightPrac_2: borderColor = <psychopy.colors.Color: (-0.79, 0.24, -0.07, 1.0)>
41.8797 	EXP 	BarrierPrac_2: fillColor = <psychopy.colors.Color: (-0.79, 0.24, -0.07, 1.0)>
41.8797 	EXP 	BarrierPrac_2: borderColor = <psychopy.colors.Color: (-0.79, 0.24, -0.07, 1.0)>
41.8797 	EXP 	ternusObjLeftPrac_2: autoDraw = True
41.8797 	EXP 	ternusObjMiddlePrac_2: autoDraw = True
41.8797 	EXP 	ternusObjRightPrac_2: autoDraw = True
41.8797 	EXP 	FixationCrossPrac_2: autoDraw = True
41.8797 	EXP 	portalLeftPrac_2: autoDraw = True
41.8797 	EXP 	portalRightPrac_2: autoDraw = True
41.8797 	EXP 	BarrierPrac_2: autoDraw = True
42.8699 	INFO 	Keyboard events cleared
42.8797 	EXP 	ternusObjLeftPrac_2: autoDraw = False
42.8797 	EXP 	ternusObjMiddlePrac_2: autoDraw = False
42.8797 	EXP 	ternusObjRightPrac_2: autoDraw = False
42.8797 	EXP 	portalLeftPrac_2: autoDraw = False
42.8797 	EXP 	portalRightPrac_2: autoDraw = False
42.8797 	EXP 	BarrierPrac_2: autoDraw = False
43.7474 	EXP 	Device response: <KeyPress from None: t=43.74205649999203, value=j, duration=None>
43.7482 	DATA 	Keypress: j
43.7572 	EXP 	ternusObjLeftPrac_2: autoDraw = False
43.7572 	EXP 	ternusObjMiddlePrac_2: autoDraw = False
43.7572 	EXP 	ternusObjRightPrac_2: autoDraw = False
43.7572 	EXP 	FixationCrossPrac_2: autoDraw = False
43.7572 	EXP 	portalLeftPrac_2: autoDraw = False
43.7572 	EXP 	portalRightPrac_2: autoDraw = False
43.7572 	EXP 	BarrierPrac_2: autoDraw = False
43.7572 	EXP 	FixationCrossBlank800: autoDraw = True
43.8696 	EXP 	Device response: <KeyPress from None: t=43.74205649999203, value=j, duration=0.12247000000206754>
44.5472 	EXP 	New trial (rep=0, index=9): <Trial 9 (9 in rep 0) data={'conditions_practice': 'Portal', 'ISI_practice': 0.16, 'thisN': 9, 'thisTrialN': 9, 'thisRepN': 0}>
44.5572 	EXP 	FixationCrossBlank800: autoDraw = False
44.5572 	EXP 	FixationCrossBlank800: autoDraw = False
44.5572 	EXP 	portalLeftPrac: fillColor = <psychopy.colors.Color: (0.3, -0.33, -0.69, 1.0)>
44.5572 	EXP 	portalLeftPrac: borderColor = <psychopy.colors.Color: (0.3, -0.33, -0.69, 1.0)>
44.5572 	EXP 	portalRightPrac: fillColor = <psychopy.colors.Color: (0.3, -0.33, -0.69, 1.0)>
44.5572 	EXP 	portalRightPrac: borderColor = <psychopy.colors.Color: (0.3, -0.33, -0.69, 1.0)>
44.5572 	EXP 	BarrierPrac: fillColor = <psychopy.colors.Color: (0.3, -0.33, -0.69, 1.0)>
44.5572 	EXP 	BarrierPrac: borderColor = <psychopy.colors.Color: (0.3, -0.33, -0.69, 1.0)>
44.5572 	EXP 	ternusObjLeftPrac: autoDraw = True
44.5572 	EXP 	ternusObjMiddlePrac: autoDraw = True
44.5572 	EXP 	ternusObjRightPrac: autoDraw = True
44.5572 	EXP 	FixationCrossPrac: autoDraw = True
44.5572 	EXP 	portalLeftPrac: autoDraw = True
44.5572 	EXP 	portalRightPrac: autoDraw = True
44.5572 	EXP 	BarrierPrac: autoDraw = True
45.5583 	EXP 	ternusObjLeftPrac: autoDraw = False
45.5583 	EXP 	ternusObjMiddlePrac: autoDraw = False
45.5583 	EXP 	ternusObjRightPrac: autoDraw = False
45.5583 	EXP 	FixationCrossPrac: autoDraw = False
45.5583 	EXP 	portalLeftPrac: autoDraw = False
45.5583 	EXP 	portalRightPrac: autoDraw = False
45.5583 	EXP 	BarrierPrac: autoDraw = False
45.5583 	EXP 	ternusObjLeftPrac: autoDraw = False
45.5583 	EXP 	ternusObjMiddlePrac: autoDraw = False
45.5583 	EXP 	ternusObjRightPrac: autoDraw = False
45.5583 	EXP 	FixationCrossPrac: autoDraw = False
45.5583 	EXP 	portalLeftPrac: autoDraw = False
45.5583 	EXP 	portalRightPrac: autoDraw = False
45.5583 	EXP 	BarrierPrac: autoDraw = False
45.5583 	EXP 	FixationCrossBlankPractice: autoDraw = True
45.7136 	EXP 	FixationCrossBlankPractice: autoDraw = False
45.7136 	EXP 	FixationCrossBlankPractice: autoDraw = False
45.7136 	EXP 	ternusObjLeftPrac_2: fillColor = <psychopy.colors.Color: (0.3, -0.33, -0.69, 1.0)>
45.7136 	EXP 	ternusObjLeftPrac_2: borderColor = <psychopy.colors.Color: (0.3, -0.33, -0.69, 1.0)>
45.7136 	EXP 	ternusObjRightPrac_2: fillColor = <psychopy.colors.Color: black, alpha=1.0>
45.7136 	EXP 	ternusObjRightPrac_2: borderColor = <psychopy.colors.Color: black, alpha=1.0>
45.7136 	EXP 	portalLeftPrac_2: fillColor = <psychopy.colors.Color: (0.3, -0.33, -0.69, 1.0)>
45.7136 	EXP 	portalLeftPrac_2: borderColor = <psychopy.colors.Color: (0.3, -0.33, -0.69, 1.0)>
45.7136 	EXP 	portalRightPrac_2: fillColor = <psychopy.colors.Color: (0.3, -0.33, -0.69, 1.0)>
45.7136 	EXP 	portalRightPrac_2: borderColor = <psychopy.colors.Color: (0.3, -0.33, -0.69, 1.0)>
45.7136 	EXP 	BarrierPrac_2: fillColor = <psychopy.colors.Color: (0.3, -0.33, -0.69, 1.0)>
45.7136 	EXP 	BarrierPrac_2: borderColor = <psychopy.colors.Color: (0.3, -0.33, -0.69, 1.0)>
45.7136 	EXP 	ternusObjLeftPrac_2: autoDraw = True
45.7136 	EXP 	ternusObjMiddlePrac_2: autoDraw = True
45.7136 	EXP 	ternusObjRightPrac_2: autoDraw = True
45.7136 	EXP 	FixationCrossPrac_2: autoDraw = True
45.7136 	EXP 	portalLeftPrac_2: autoDraw = True
45.7136 	EXP 	portalRightPrac_2: autoDraw = True
45.7136 	EXP 	BarrierPrac_2: autoDraw = True
46.7027 	INFO 	Keyboard events cleared
46.7136 	EXP 	ternusObjLeftPrac_2: autoDraw = False
46.7136 	EXP 	ternusObjMiddlePrac_2: autoDraw = False
46.7136 	EXP 	ternusObjRightPrac_2: autoDraw = False
46.7136 	EXP 	portalLeftPrac_2: autoDraw = False
46.7136 	EXP 	portalRightPrac_2: autoDraw = False
46.7136 	EXP 	BarrierPrac_2: autoDraw = False
47.3799 	EXP 	Device response: <KeyPress from None: t=47.373793999955524, value=f, duration=None>
47.3809 	DATA 	Keypress: f
47.3917 	EXP 	ternusObjLeftPrac_2: autoDraw = False
47.3917 	EXP 	ternusObjMiddlePrac_2: autoDraw = False
47.3917 	EXP 	ternusObjRightPrac_2: autoDraw = False
47.3917 	EXP 	FixationCrossPrac_2: autoDraw = False
47.3917 	EXP 	portalLeftPrac_2: autoDraw = False
47.3917 	EXP 	portalRightPrac_2: autoDraw = False
47.3917 	EXP 	BarrierPrac_2: autoDraw = False
47.3917 	EXP 	FixationCrossBlank800: autoDraw = True
47.4591 	EXP 	Device response: <KeyPress from None: t=47.373793999955524, value=f, duration=0.08475180005189031>
48.1807 	EXP 	New trial (rep=0, index=10): <Trial 10 (10 in rep 0) data={'conditions_practice': 'Barrier', 'ISI_practice': 0.16, 'thisN': 10, 'thisTrialN': 10, 'thisRepN': 0}>
48.1904 	EXP 	FixationCrossBlank800: autoDraw = False
48.1904 	EXP 	portalLeftPrac: fillColor = <psychopy.colors.Color: (0.79, -0.8, -0.78, 1.0)>
48.1904 	EXP 	portalLeftPrac: borderColor = <psychopy.colors.Color: (0.79, -0.8, -0.78, 1.0)>
48.1904 	EXP 	portalRightPrac: fillColor = <psychopy.colors.Color: (0.79, -0.8, -0.78, 1.0)>
48.1904 	EXP 	portalRightPrac: borderColor = <psychopy.colors.Color: (0.79, -0.8, -0.78, 1.0)>
48.1904 	EXP 	BarrierPrac: fillColor = <psychopy.colors.Color: (0.79, -0.8, -0.78, 1.0)>
48.1904 	EXP 	BarrierPrac: borderColor = <psychopy.colors.Color: (0.79, -0.8, -0.78, 1.0)>
48.1904 	EXP 	ternusObjLeftPrac: autoDraw = True
48.1904 	EXP 	ternusObjMiddlePrac: autoDraw = True
48.1904 	EXP 	ternusObjRightPrac: autoDraw = True
48.1904 	EXP 	FixationCrossPrac: autoDraw = True
48.1904 	EXP 	portalLeftPrac: autoDraw = True
48.1904 	EXP 	portalRightPrac: autoDraw = True
48.1904 	EXP 	BarrierPrac: autoDraw = True
49.1914 	EXP 	ternusObjLeftPrac: autoDraw = False
49.1914 	EXP 	ternusObjMiddlePrac: autoDraw = False
49.1914 	EXP 	ternusObjRightPrac: autoDraw = False
49.1914 	EXP 	FixationCrossPrac: autoDraw = False
49.1914 	EXP 	portalLeftPrac: autoDraw = False
49.1914 	EXP 	portalRightPrac: autoDraw = False
49.1914 	EXP 	BarrierPrac: autoDraw = False
49.1914 	EXP 	ternusObjLeftPrac: autoDraw = False
49.1914 	EXP 	ternusObjMiddlePrac: autoDraw = False
49.1914 	EXP 	ternusObjRightPrac: autoDraw = False
49.1914 	EXP 	FixationCrossPrac: autoDraw = False
49.1914 	EXP 	portalLeftPrac: autoDraw = False
49.1914 	EXP 	portalRightPrac: autoDraw = False
49.1914 	EXP 	BarrierPrac: autoDraw = False
49.1914 	EXP 	FixationCrossBlankPractice: autoDraw = True
49.3469 	EXP 	FixationCrossBlankPractice: autoDraw = False
49.3469 	EXP 	FixationCrossBlankPractice: autoDraw = False
49.3469 	EXP 	ternusObjLeftPrac_2: fillColor = <psychopy.colors.Color: (0.79, -0.8, -0.78, 1.0)>
49.3469 	EXP 	ternusObjLeftPrac_2: borderColor = <psychopy.colors.Color: (0.79, -0.8, -0.78, 1.0)>
49.3469 	EXP 	ternusObjRightPrac_2: fillColor = <psychopy.colors.Color: black, alpha=1.0>
49.3469 	EXP 	ternusObjRightPrac_2: borderColor = <psychopy.colors.Color: black, alpha=1.0>
49.3469 	EXP 	portalLeftPrac_2: fillColor = <psychopy.colors.Color: (0.79, -0.8, -0.78, 1.0)>
49.3469 	EXP 	portalLeftPrac_2: borderColor = <psychopy.colors.Color: (0.79, -0.8, -0.78, 1.0)>
49.3469 	EXP 	portalRightPrac_2: fillColor = <psychopy.colors.Color: (0.79, -0.8, -0.78, 1.0)>
49.3469 	EXP 	portalRightPrac_2: borderColor = <psychopy.colors.Color: (0.79, -0.8, -0.78, 1.0)>
49.3469 	EXP 	BarrierPrac_2: fillColor = <psychopy.colors.Color: (0.79, -0.8, -0.78, 1.0)>
49.3469 	EXP 	BarrierPrac_2: borderColor = <psychopy.colors.Color: (0.79, -0.8, -0.78, 1.0)>
49.3469 	EXP 	ternusObjLeftPrac_2: autoDraw = True
49.3469 	EXP 	ternusObjMiddlePrac_2: autoDraw = True
49.3469 	EXP 	ternusObjRightPrac_2: autoDraw = True
49.3469 	EXP 	FixationCrossPrac_2: autoDraw = True
49.3469 	EXP 	portalLeftPrac_2: autoDraw = True
49.3469 	EXP 	portalRightPrac_2: autoDraw = True
49.3469 	EXP 	BarrierPrac_2: autoDraw = True
50.3359 	INFO 	Keyboard events cleared
50.3464 	EXP 	ternusObjLeftPrac_2: autoDraw = False
50.3464 	EXP 	ternusObjMiddlePrac_2: autoDraw = False
50.3464 	EXP 	ternusObjRightPrac_2: autoDraw = False
50.3464 	EXP 	portalLeftPrac_2: autoDraw = False
50.3464 	EXP 	portalRightPrac_2: autoDraw = False
50.3464 	EXP 	BarrierPrac_2: autoDraw = False
51.1126 	EXP 	Device response: <KeyPress from None: t=51.11050869995961, value=f, duration=None>
51.1133 	DATA 	Keypress: f
51.1245 	EXP 	ternusObjLeftPrac_2: autoDraw = False
51.1245 	EXP 	ternusObjMiddlePrac_2: autoDraw = False
51.1245 	EXP 	ternusObjRightPrac_2: autoDraw = False
51.1245 	EXP 	FixationCrossPrac_2: autoDraw = False
51.1245 	EXP 	portalLeftPrac_2: autoDraw = False
51.1245 	EXP 	portalRightPrac_2: autoDraw = False
51.1245 	EXP 	BarrierPrac_2: autoDraw = False
51.1245 	EXP 	FixationCrossBlank800: autoDraw = True
51.2465 	EXP 	Device response: <KeyPress from None: t=51.11050869995961, value=f, duration=0.13117150001926348>
51.9137 	EXP 	New trial (rep=0, index=11): <Trial 11 (11 in rep 0) data={'conditions_practice': 'Portal', 'ISI_practice': 0.02, 'thisN': 11, 'thisTrialN': 11, 'thisRepN': 0}>
51.9247 	EXP 	FixationCrossBlank800: autoDraw = False
51.9247 	EXP 	portalLeftPrac: fillColor = <psychopy.colors.Color: (1.0, -0.0, -1.0, 1.0)>
51.9247 	EXP 	portalLeftPrac: borderColor = <psychopy.colors.Color: (1.0, -0.0, -1.0, 1.0)>
51.9247 	EXP 	portalRightPrac: fillColor = <psychopy.colors.Color: (1.0, -0.0, -1.0, 1.0)>
51.9247 	EXP 	portalRightPrac: borderColor = <psychopy.colors.Color: (1.0, -0.0, -1.0, 1.0)>
51.9247 	EXP 	BarrierPrac: fillColor = <psychopy.colors.Color: (1.0, -0.0, -1.0, 1.0)>
51.9247 	EXP 	BarrierPrac: borderColor = <psychopy.colors.Color: (1.0, -0.0, -1.0, 1.0)>
51.9247 	EXP 	ternusObjLeftPrac: autoDraw = True
51.9247 	EXP 	ternusObjMiddlePrac: autoDraw = True
51.9247 	EXP 	ternusObjRightPrac: autoDraw = True
51.9247 	EXP 	FixationCrossPrac: autoDraw = True
51.9247 	EXP 	portalLeftPrac: autoDraw = True
51.9247 	EXP 	portalRightPrac: autoDraw = True
51.9247 	EXP 	BarrierPrac: autoDraw = True
52.9244 	EXP 	ternusObjLeftPrac: autoDraw = False
52.9244 	EXP 	ternusObjMiddlePrac: autoDraw = False
52.9244 	EXP 	ternusObjRightPrac: autoDraw = False
52.9244 	EXP 	FixationCrossPrac: autoDraw = False
52.9244 	EXP 	portalLeftPrac: autoDraw = False
52.9244 	EXP 	portalRightPrac: autoDraw = False
52.9244 	EXP 	BarrierPrac: autoDraw = False
52.9244 	EXP 	ternusObjLeftPrac: autoDraw = False
52.9244 	EXP 	ternusObjMiddlePrac: autoDraw = False
52.9244 	EXP 	ternusObjRightPrac: autoDraw = False
52.9244 	EXP 	FixationCrossPrac: autoDraw = False
52.9244 	EXP 	portalLeftPrac: autoDraw = False
52.9244 	EXP 	portalRightPrac: autoDraw = False
52.9244 	EXP 	BarrierPrac: autoDraw = False
52.9244 	EXP 	FixationCrossBlankPractice: autoDraw = True
52.9469 	EXP 	FixationCrossBlankPractice: autoDraw = False
52.9469 	EXP 	FixationCrossBlankPractice: autoDraw = False
52.9469 	EXP 	ternusObjLeftPrac_2: fillColor = <psychopy.colors.Color: (1.0, -0.0, -1.0, 1.0)>
52.9469 	EXP 	ternusObjLeftPrac_2: borderColor = <psychopy.colors.Color: (1.0, -0.0, -1.0, 1.0)>
52.9469 	EXP 	ternusObjRightPrac_2: fillColor = <psychopy.colors.Color: black, alpha=1.0>
52.9469 	EXP 	ternusObjRightPrac_2: borderColor = <psychopy.colors.Color: black, alpha=1.0>
52.9469 	EXP 	portalLeftPrac_2: fillColor = <psychopy.colors.Color: (1.0, -0.0, -1.0, 1.0)>
52.9469 	EXP 	portalLeftPrac_2: borderColor = <psychopy.colors.Color: (1.0, -0.0, -1.0, 1.0)>
52.9469 	EXP 	portalRightPrac_2: fillColor = <psychopy.colors.Color: (1.0, -0.0, -1.0, 1.0)>
52.9469 	EXP 	portalRightPrac_2: borderColor = <psychopy.colors.Color: (1.0, -0.0, -1.0, 1.0)>
52.9469 	EXP 	BarrierPrac_2: fillColor = <psychopy.colors.Color: (1.0, -0.0, -1.0, 1.0)>
52.9469 	EXP 	BarrierPrac_2: borderColor = <psychopy.colors.Color: (1.0, -0.0, -1.0, 1.0)>
52.9469 	EXP 	ternusObjLeftPrac_2: autoDraw = True
52.9469 	EXP 	ternusObjMiddlePrac_2: autoDraw = True
52.9469 	EXP 	ternusObjRightPrac_2: autoDraw = True
52.9469 	EXP 	FixationCrossPrac_2: autoDraw = True
52.9469 	EXP 	portalLeftPrac_2: autoDraw = True
52.9469 	EXP 	portalRightPrac_2: autoDraw = True
52.9469 	EXP 	BarrierPrac_2: autoDraw = True
53.9358 	INFO 	Keyboard events cleared
53.9466 	EXP 	ternusObjLeftPrac_2: autoDraw = False
53.9466 	EXP 	ternusObjMiddlePrac_2: autoDraw = False
53.9466 	EXP 	ternusObjRightPrac_2: autoDraw = False
53.9466 	EXP 	portalLeftPrac_2: autoDraw = False
53.9466 	EXP 	portalRightPrac_2: autoDraw = False
53.9466 	EXP 	BarrierPrac_2: autoDraw = False
54.4691 	EXP 	Device response: <KeyPress from None: t=54.46710599999642, value=j, duration=None>
54.4699 	DATA 	Keypress: j
54.4789 	EXP 	ternusObjLeftPrac_2: autoDraw = False
54.4789 	EXP 	ternusObjMiddlePrac_2: autoDraw = False
54.4789 	EXP 	ternusObjRightPrac_2: autoDraw = False
54.4789 	EXP 	FixationCrossPrac_2: autoDraw = False
54.4789 	EXP 	portalLeftPrac_2: autoDraw = False
54.4789 	EXP 	portalRightPrac_2: autoDraw = False
54.4789 	EXP 	BarrierPrac_2: autoDraw = False
54.4789 	EXP 	FixationCrossBlank800: autoDraw = True
54.6024 	EXP 	Device response: <KeyPress from None: t=54.46710599999642, value=j, duration=0.12763110001105815>
55.2798 	EXP 	FixationCrossBlank800: autoDraw = False
55.2798 	EXP 	FixationCrossBlank800: autoDraw = False
55.2798 	EXP 	textStartMessage: autoDraw = True
55.7685 	INFO 	Keyboard events cleared
56.3243 	EXP 	Device response: <KeyPress from None: t=56.315925500006415, value=escape, duration=None>
56.3248 	DATA 	Keypress: escape
56.4012 	EXP 	Device response: <KeyPress from None: t=56.315925500006415, value=escape, duration=0.0771128999767825>
56.4013 	EXP 	Teamprojekt: status = STOPPED
56.4122 	EXP 	textStartMessage: autoDraw = False
56.4123 	EXP 	Teamprojekt: status = STOPPED
56.4381 	INFO 	saved data to 'C:\\Users\\maria\\Documents\\Teamprojekt_Testphase\\data\\_Teamprojekt_2026-06-16_21h36.26.366.csv'
56.4394 	INFO 	saved data to C:\Users\maria\Documents\Teamprojekt_Testphase\data\_Teamprojekt_2026-06-16_21h36.26.366.psydat
56.8236 	WARNING 	Stopping key buffers but this could be dangerous ifother keyboards rely on the same.
56.8979 	WARNING 	Stopping key buffers but this could be dangerous ifother keyboards rely on the same.
56.8980 	WARNING 	Stopping key buffers but this could be dangerous ifother keyboards rely on the same.
56.8980 	WARNING 	Stopping key buffers but this could be dangerous ifother keyboards rely on the same.
56.8980 	WARNING 	Stopping key buffers but this could be dangerous ifother keyboards rely on the same.
56.8980 	WARNING 	Stopping key buffers but this could be dangerous ifother keyboards rely on the same.
