6.6747 	INFO 	Loaded monitor calibration from ['2026_06_03 14:46']
6.6961 	WARNING 	User requested fullscreen with size [1280  800], but screen is actually [2560, 1600]. Using actual size
7.1364 	INFO 	Using renderer 'AMD RadeonT 780M' for graphics
7.1364 	INFO 	OpenGL version supported by driver is 4..
7.1823 	EXP 	Created window1 = Window(allowGUI=False, allowStencil=False, autoLog=True, backendConf=UNKNOWN, backgroundFit=<method-wrapper '__getattribute__' of attributeSetter object at 0x000001C282F02080>, backgroundImage=<method-wrapper '__getattribute__' of attributeSetter object at 0x000001C282F02020>, bitsMode=UNKNOWN, blendMode='avg', bpc=(8, 8, 8), color=array([0, 0, 0]), colorSpace='rgb', depthBits=8, fullscr=True, gamma=None, gammaErrorPolicy='raise', infoMsg=UNKNOWN, lms=UNKNOWN, monitor=<psychopy.monitors.calibTools.Monitor object at 0x000001C283023AF0>, multiSample=False, name='window1', numSamples=2, pos=[0.0, 0.0], screen=0, size=array([2560, 1600]), stencilBits=0, stereo=False, title='PsychoPy', units='height', useFBO=True, useRetina=False, viewOri=0.0, viewPos=None, viewScale=None, waitBlanking=True, winType='pyglet')
7.1823 	EXP 	window1: backgroundImage = ''
7.1824 	EXP 	window1: backgroundFit = 'none'
7.8244 	EXP 	window1: Attempting to measure frame rate of screen (0) ...
7.8244 	EXP 	window1: recordFrameIntervals = False
7.9939 	EXP 	window1: recordFrameIntervals = True
8.2578 	EXP 	Screen (0) actual frame rate measured at 88.72Hz
8.2578 	EXP 	window1: recordFrameIntervals = False
8.4165 	INFO 	keyboard.Keyboard is using ptb backend.
8.4167 	INFO 	keyboard.Keyboard is using ptb backend.
8.4167 	INFO 	keyboard.Keyboard is using ptb backend.
8.4168 	INFO 	keyboard.Keyboard is using ptb backend.
8.4168 	INFO 	keyboard.Keyboard is using ptb backend.
8.4169 	INFO 	keyboard.Keyboard is using ptb backend.
8.4169 	INFO 	keyboard.Keyboard is using ptb backend.
8.4169 	EXP 	Teamprojekt: status = STARTED
8.5488 	EXP 	Created textInstructions = TextStim(__class__=<class 'psychopy.visual.text.TextStim'>, alignHoriz=method-wrapper(...), alignText='center', alignVert=method-wrapper(...), anchorHoriz='center', anchorVert='center', antialias=True, autoDraw=False, autoLog=True, bold=False, color=array([1., 1., 1.]), colorSpace='rgb', contrast=1.0, depth=0.0, draggable=False, flipHoriz=False, flipVert=False, font='Arial', fontFiles=[], height=0.025, italic=False, languageStyle='LTR', name='textInstructions', opacity=1, ori=0.0, pos=array([0., 0.]), rgb=UNKNOWN, text=str(...), units='height', win=Window(...), wrapWidth=1)
8.5531 	EXP 	Created ternusExampleLeft = ShapeStim(__class__=<class 'psychopy.visual.shape.ShapeStim'>, anchor=('center', 'center'), autoDraw=False, autoLog=True, closeShape=True, color=method-wrapper(...), colorSpace='rgb', contrast=None, depth=0.0, draggable=False, fillColor=array([-1., -1., -1.]), fillColorSpace='rgb', fillRGB=array([-1., -1., -1.]), interpolate=True, lineColor=array([-1., -1., -1.]), lineColorSpace='rgb', lineRGB=array([-1., -1., -1.]), lineWidth=1.0, name='ternusExampleLeft', opacity=1, ori=0.0, pos=array([-3.,  2.]), size=array([1.6, 1.6]), units='deg', vertices=ndarray(...), win=Window(...), windingRule=None)
8.5558 	EXP 	Created ternusExampleMiddle = ShapeStim(__class__=<class 'psychopy.visual.shape.ShapeStim'>, anchor=('center', 'center'), autoDraw=False, autoLog=True, closeShape=True, color=method-wrapper(...), colorSpace='rgb', contrast=None, depth=-1.0, draggable=False, fillColor=array([-1., -1., -1.]), fillColorSpace='rgb', fillRGB=array([-1., -1., -1.]), interpolate=True, lineColor=array([-1., -1., -1.]), lineColorSpace='rgb', lineRGB=array([-1., -1., -1.]), lineWidth=1.0, name='ternusExampleMiddle', opacity=1, ori=0.0, pos=array([-1.,  2.]), size=array([1.6, 1.6]), units='deg', vertices=ndarray(...), win=Window(...), windingRule=None)
8.5584 	EXP 	Created ternusExampleRight = ShapeStim(__class__=<class 'psychopy.visual.shape.ShapeStim'>, anchor=('center', 'center'), autoDraw=False, autoLog=True, closeShape=True, color=method-wrapper(...), colorSpace='rgb', contrast=None, depth=-2.0, draggable=False, fillColor=array([-1., -1., -1.]), fillColorSpace='rgb', fillRGB=array([-1., -1., -1.]), interpolate=True, lineColor=array([-1., -1., -1.]), lineColorSpace='rgb', lineRGB=array([-1., -1., -1.]), lineWidth=1.0, name='ternusExampleRight', opacity=1, ori=0.0, pos=array([1., 2.]), size=array([1.6, 1.6]), units='deg', vertices=ndarray(...), win=Window(...), windingRule=None)
8.5597 	EXP 	Created FixationCrossExample = ShapeStim(__class__=<class 'psychopy.visual.shape.ShapeStim'>, anchor=('center', 'center'), autoDraw=False, autoLog=True, closeShape=True, color=method-wrapper(...), colorSpace='rgb', contrast=None, depth=-3.0, draggable=False, fillColor=array([-1., -1., -1.]), fillColorSpace='rgb', fillRGB=array([-1., -1., -1.]), interpolate=True, lineColor=array([-1., -1., -1.]), lineColorSpace='rgb', lineRGB=array([-1., -1., -1.]), lineWidth=1.0, name='FixationCrossExample', opacity=1, ori=0.0, pos=array([0., 0.]), size=array([0.2, 0.2]), units='deg', vertices=ndarray(...), win=Window(...), windingRule=None)
8.5630 	EXP 	Created ternusExampleLeft_2 = ShapeStim(__class__=<class 'psychopy.visual.shape.ShapeStim'>, anchor=('center', 'center'), autoDraw=False, autoLog=True, closeShape=True, color=method-wrapper(...), colorSpace='rgb', contrast=None, depth=0.0, draggable=False, fillColor=array([-1., -1., -1.]), fillColorSpace='rgb', fillRGB=array([-1., -1., -1.]), interpolate=True, lineColor=array([-1., -1., -1.]), lineColorSpace='rgb', lineRGB=array([-1., -1., -1.]), lineWidth=1.0, name='ternusExampleLeft_2', opacity=1, ori=0.0, pos=array([-1.,  2.]), size=array([1.6, 1.6]), units='deg', vertices=ndarray(...), win=Window(...), windingRule=None)
8.5658 	EXP 	Created ternusExampleMiddle_2 = ShapeStim(__class__=<class 'psychopy.visual.shape.ShapeStim'>, anchor=('center', 'center'), autoDraw=False, autoLog=True, closeShape=True, color=method-wrapper(...), colorSpace='rgb', contrast=None, depth=-1.0, draggable=False, fillColor=array([-1., -1., -1.]), fillColorSpace='rgb', fillRGB=array([-1., -1., -1.]), interpolate=True, lineColor=array([-1., -1., -1.]), lineColorSpace='rgb', lineRGB=array([-1., -1., -1.]), lineWidth=1.0, name='ternusExampleMiddle_2', opacity=1, ori=0.0, pos=array([1., 2.]), size=array([1.6, 1.6]), units='deg', vertices=ndarray(...), win=Window(...), windingRule=None)
8.5685 	EXP 	Created ternusExampleRight_2 = ShapeStim(__class__=<class 'psychopy.visual.shape.ShapeStim'>, anchor=('center', 'center'), autoDraw=False, autoLog=True, closeShape=True, color=method-wrapper(...), colorSpace='rgb', contrast=None, depth=-2.0, draggable=False, fillColor=array([-1., -1., -1.]), fillColorSpace='rgb', fillRGB=array([-1., -1., -1.]), interpolate=True, lineColor=array([-1., -1., -1.]), lineColorSpace='rgb', lineRGB=array([-1., -1., -1.]), lineWidth=1.0, name='ternusExampleRight_2', opacity=1, ori=0.0, pos=array([3., 2.]), size=array([1.6, 1.6]), units='deg', vertices=ndarray(...), win=Window(...), windingRule=None)
8.5698 	EXP 	Created FixationCrossExample_2 = ShapeStim(__class__=<class 'psychopy.visual.shape.ShapeStim'>, anchor=('center', 'center'), autoDraw=False, autoLog=True, closeShape=True, color=method-wrapper(...), colorSpace='rgb', contrast=None, depth=-3.0, draggable=False, fillColor=array([-1., -1., -1.]), fillColorSpace='rgb', fillRGB=array([-1., -1., -1.]), interpolate=True, lineColor=array([-1., -1., -1.]), lineColorSpace='rgb', lineRGB=array([-1., -1., -1.]), lineWidth=1.0, name='FixationCrossExample_2', opacity=1, ori=0.0, pos=array([0., 0.]), size=array([0.2, 0.2]), units='deg', vertices=ndarray(...), win=Window(...), windingRule=None)
8.5710 	EXP 	Created FixationCrossBlank800 = ShapeStim(__class__=<class 'psychopy.visual.shape.ShapeStim'>, anchor=('center', 'center'), autoDraw=False, autoLog=True, closeShape=True, color=method-wrapper(...), colorSpace='rgb', contrast=None, depth=0.0, draggable=False, fillColor=array([-1., -1., -1.]), fillColorSpace='rgb', fillRGB=array([-1., -1., -1.]), interpolate=True, lineColor=array([-1., -1., -1.]), lineColorSpace='rgb', lineRGB=array([-1., -1., -1.]), lineWidth=1.0, name='FixationCrossBlank800', opacity=1, ori=0.0, pos=array([0., 0.]), size=array([0.2, 0.2]), units='deg', vertices=ndarray(...), win=Window(...), windingRule=None)
8.6720 	EXP 	Created textElementMotion = TextStim(__class__=<class 'psychopy.visual.text.TextStim'>, alignHoriz=method-wrapper(...), alignText='center', alignVert=method-wrapper(...), anchorHoriz='center', anchorVert='center', antialias=True, autoDraw=False, autoLog=True, bold=False, color=array([1., 1., 1.]), colorSpace='rgb', contrast=1.0, depth=-1.0, draggable=False, flipHoriz=False, flipVert=False, font='Arial', fontFiles=[], height=0.05, italic=False, languageStyle='LTR', name='textElementMotion', opacity=1, ori=0.0, pos=array([0., 0.]), rgb=UNKNOWN, text=str(...), units='height', win=Window(...), wrapWidth=1)
8.6757 	EXP 	Created ternusExampleLeft = ShapeStim(__class__=<class 'psychopy.visual.shape.ShapeStim'>, anchor=('center', 'center'), autoDraw=False, autoLog=True, closeShape=True, color=method-wrapper(...), colorSpace='rgb', contrast=None, depth=0.0, draggable=False, fillColor=array([-1., -1., -1.]), fillColorSpace='rgb', fillRGB=array([-1., -1., -1.]), interpolate=True, lineColor=array([-1., -1., -1.]), lineColorSpace='rgb', lineRGB=array([-1., -1., -1.]), lineWidth=1.0, name='ternusExampleLeft', opacity=1, ori=0.0, pos=array([-3.,  2.]), size=array([1.6, 1.6]), units='deg', vertices=ndarray(...), win=Window(...), windingRule=None)
8.6785 	EXP 	Created ternusExampleMiddle = ShapeStim(__class__=<class 'psychopy.visual.shape.ShapeStim'>, anchor=('center', 'center'), autoDraw=False, autoLog=True, closeShape=True, color=method-wrapper(...), colorSpace='rgb', contrast=None, depth=-1.0, draggable=False, fillColor=array([-1., -1., -1.]), fillColorSpace='rgb', fillRGB=array([-1., -1., -1.]), interpolate=True, lineColor=array([-1., -1., -1.]), lineColorSpace='rgb', lineRGB=array([-1., -1., -1.]), lineWidth=1.0, name='ternusExampleMiddle', opacity=1, ori=0.0, pos=array([-1.,  2.]), size=array([1.6, 1.6]), units='deg', vertices=ndarray(...), win=Window(...), windingRule=None)
8.6814 	EXP 	Created ternusExampleRight = ShapeStim(__class__=<class 'psychopy.visual.shape.ShapeStim'>, anchor=('center', 'center'), autoDraw=False, autoLog=True, closeShape=True, color=method-wrapper(...), colorSpace='rgb', contrast=None, depth=-2.0, draggable=False, fillColor=array([-1., -1., -1.]), fillColorSpace='rgb', fillRGB=array([-1., -1., -1.]), interpolate=True, lineColor=array([-1., -1., -1.]), lineColorSpace='rgb', lineRGB=array([-1., -1., -1.]), lineWidth=1.0, name='ternusExampleRight', opacity=1, ori=0.0, pos=array([1., 2.]), size=array([1.6, 1.6]), units='deg', vertices=ndarray(...), win=Window(...), windingRule=None)
8.6828 	EXP 	Created FixationCrossExample = ShapeStim(__class__=<class 'psychopy.visual.shape.ShapeStim'>, anchor=('center', 'center'), autoDraw=False, autoLog=True, closeShape=True, color=method-wrapper(...), colorSpace='rgb', contrast=None, depth=-3.0, draggable=False, fillColor=array([-1., -1., -1.]), fillColorSpace='rgb', fillRGB=array([-1., -1., -1.]), interpolate=True, lineColor=array([-1., -1., -1.]), lineColorSpace='rgb', lineRGB=array([-1., -1., -1.]), lineWidth=1.0, name='FixationCrossExample', opacity=1, ori=0.0, pos=array([0., 0.]), size=array([0.2, 0.2]), units='deg', vertices=ndarray(...), win=Window(...), windingRule=None)
8.6839 	EXP 	Created textBlank160 = TextStim(__class__=<class 'psychopy.visual.text.TextStim'>, alignHoriz=method-wrapper(...), alignText='center', alignVert=method-wrapper(...), anchorHoriz='center', anchorVert='center', antialias=True, autoDraw=False, autoLog=True, bold=False, color=array([1., 1., 1.]), colorSpace='rgb', contrast=1.0, depth=0.0, draggable=False, flipHoriz=False, flipVert=False, font='Arial', fontFiles=[], height=0.05, italic=False, languageStyle='LTR', name='textBlank160', opacity=1, ori=0.0, pos=array([0., 0.]), rgb=UNKNOWN, text='', units='height', win=Window(...), wrapWidth=1)
8.6867 	EXP 	Created ternusExampleLeft_2 = ShapeStim(__class__=<class 'psychopy.visual.shape.ShapeStim'>, anchor=('center', 'center'), autoDraw=False, autoLog=True, closeShape=True, color=method-wrapper(...), colorSpace='rgb', contrast=None, depth=0.0, draggable=False, fillColor=array([-1., -1., -1.]), fillColorSpace='rgb', fillRGB=array([-1., -1., -1.]), interpolate=True, lineColor=array([-1., -1., -1.]), lineColorSpace='rgb', lineRGB=array([-1., -1., -1.]), lineWidth=1.0, name='ternusExampleLeft_2', opacity=1, ori=0.0, pos=array([-1.,  2.]), size=array([1.6, 1.6]), units='deg', vertices=ndarray(...), win=Window(...), windingRule=None)
8.6896 	EXP 	Created ternusExampleMiddle_2 = ShapeStim(__class__=<class 'psychopy.visual.shape.ShapeStim'>, anchor=('center', 'center'), autoDraw=False, autoLog=True, closeShape=True, color=method-wrapper(...), colorSpace='rgb', contrast=None, depth=-1.0, draggable=False, fillColor=array([-1., -1., -1.]), fillColorSpace='rgb', fillRGB=array([-1., -1., -1.]), interpolate=True, lineColor=array([-1., -1., -1.]), lineColorSpace='rgb', lineRGB=array([-1., -1., -1.]), lineWidth=1.0, name='ternusExampleMiddle_2', opacity=1, ori=0.0, pos=array([1., 2.]), size=array([1.6, 1.6]), units='deg', vertices=ndarray(...), win=Window(...), windingRule=None)
8.6922 	EXP 	Created ternusExampleRight_2 = ShapeStim(__class__=<class 'psychopy.visual.shape.ShapeStim'>, anchor=('center', 'center'), autoDraw=False, autoLog=True, closeShape=True, color=method-wrapper(...), colorSpace='rgb', contrast=None, depth=-2.0, draggable=False, fillColor=array([-1., -1., -1.]), fillColorSpace='rgb', fillRGB=array([-1., -1., -1.]), interpolate=True, lineColor=array([-1., -1., -1.]), lineColorSpace='rgb', lineRGB=array([-1., -1., -1.]), lineWidth=1.0, name='ternusExampleRight_2', opacity=1, ori=0.0, pos=array([3., 2.]), size=array([1.6, 1.6]), units='deg', vertices=ndarray(...), win=Window(...), windingRule=None)
8.6935 	EXP 	Created FixationCrossExample_2 = ShapeStim(__class__=<class 'psychopy.visual.shape.ShapeStim'>, anchor=('center', 'center'), autoDraw=False, autoLog=True, closeShape=True, color=method-wrapper(...), colorSpace='rgb', contrast=None, depth=-3.0, draggable=False, fillColor=array([-1., -1., -1.]), fillColorSpace='rgb', fillRGB=array([-1., -1., -1.]), interpolate=True, lineColor=array([-1., -1., -1.]), lineColorSpace='rgb', lineRGB=array([-1., -1., -1.]), lineWidth=1.0, name='FixationCrossExample_2', opacity=1, ori=0.0, pos=array([0., 0.]), size=array([0.2, 0.2]), units='deg', vertices=ndarray(...), win=Window(...), windingRule=None)
8.6948 	EXP 	Created FixationCrossBlank800 = ShapeStim(__class__=<class 'psychopy.visual.shape.ShapeStim'>, anchor=('center', 'center'), autoDraw=False, autoLog=True, closeShape=True, color=method-wrapper(...), colorSpace='rgb', contrast=None, depth=0.0, draggable=False, fillColor=array([-1., -1., -1.]), fillColorSpace='rgb', fillRGB=array([-1., -1., -1.]), interpolate=True, lineColor=array([-1., -1., -1.]), lineColorSpace='rgb', lineRGB=array([-1., -1., -1.]), lineWidth=1.0, name='FixationCrossBlank800', opacity=1, ori=0.0, pos=array([0., 0.]), size=array([0.2, 0.2]), units='deg', vertices=ndarray(...), win=Window(...), windingRule=None)
8.7123 	EXP 	Created text_2 = TextStim(__class__=<class 'psychopy.visual.text.TextStim'>, alignHoriz=method-wrapper(...), alignText='center', alignVert=method-wrapper(...), anchorHoriz='center', anchorVert='center', antialias=True, autoDraw=False, autoLog=True, bold=False, color=array([1., 1., 1.]), colorSpace='rgb', contrast=1.0, depth=-1.0, draggable=False, flipHoriz=False, flipVert=False, font='Arial', fontFiles=[], height=0.05, italic=False, languageStyle='LTR', name='text_2', opacity=1, ori=0.0, pos=array([0., 0.]), rgb=UNKNOWN, text=str(...), units='height', win=Window(...), wrapWidth=1)
8.7183 	EXP 	Created textStartMessage = TextStim(__class__=<class 'psychopy.visual.text.TextStim'>, alignHoriz=method-wrapper(...), alignText='center', alignVert=method-wrapper(...), anchorHoriz='center', anchorVert='center', antialias=True, autoDraw=False, autoLog=True, bold=False, color=array([1., 1., 1.]), colorSpace='rgb', contrast=1.0, depth=0.0, draggable=False, flipHoriz=False, flipVert=False, font='Arial', fontFiles=[], height=0.05, italic=False, languageStyle='LTR', name='textStartMessage', opacity=1, ori=0.0, pos=array([0., 0.]), rgb=UNKNOWN, text=str(...), units='height', win=Window(...), wrapWidth=1)
8.7214 	EXP 	Created ternusObjLeft = ShapeStim(__class__=<class 'psychopy.visual.shape.ShapeStim'>, anchor=('center', 'center'), autoDraw=False, autoLog=True, closeShape=True, color=method-wrapper(...), colorSpace='rgb', contrast=None, depth=-1.0, draggable=False, fillColor=array([-1., -1., -1.]), fillColorSpace='rgb', fillRGB=array([-1., -1., -1.]), interpolate=True, lineColor=array([-1., -1., -1.]), lineColorSpace='rgb', lineRGB=array([-1., -1., -1.]), lineWidth=1.0, name='ternusObjLeft', opacity=1, ori=0.0, pos=array([-3.,  2.]), size=array([1.6, 1.6]), units='deg', vertices=ndarray(...), win=Window(...), windingRule=None)
8.7240 	EXP 	Created ternusObjMiddle = ShapeStim(__class__=<class 'psychopy.visual.shape.ShapeStim'>, anchor=('center', 'center'), autoDraw=False, autoLog=True, closeShape=True, color=method-wrapper(...), colorSpace='rgb', contrast=None, depth=-2.0, draggable=False, fillColor=array([-1., -1., -1.]), fillColorSpace='rgb', fillRGB=array([-1., -1., -1.]), interpolate=True, lineColor=array([-1., -1., -1.]), lineColorSpace='rgb', lineRGB=array([-1., -1., -1.]), lineWidth=1.0, name='ternusObjMiddle', opacity=1, ori=0.0, pos=array([-1.,  2.]), size=array([1.6, 1.6]), units='deg', vertices=ndarray(...), win=Window(...), windingRule=None)
8.7266 	EXP 	Created ternusObjRight = ShapeStim(__class__=<class 'psychopy.visual.shape.ShapeStim'>, anchor=('center', 'center'), autoDraw=False, autoLog=True, closeShape=True, color=method-wrapper(...), colorSpace='rgb', contrast=None, depth=-3.0, draggable=False, fillColor=array([-1., -1., -1.]), fillColorSpace='rgb', fillRGB=array([-1., -1., -1.]), interpolate=True, lineColor=array([-1., -1., -1.]), lineColorSpace='rgb', lineRGB=array([-1., -1., -1.]), lineWidth=1.0, name='ternusObjRight', opacity=1, ori=0.0, pos=array([1., 2.]), size=array([1.6, 1.6]), units='deg', vertices=ndarray(...), win=Window(...), windingRule=None)
8.7278 	EXP 	Created FixationCross = ShapeStim(__class__=<class 'psychopy.visual.shape.ShapeStim'>, anchor=('center', 'center'), autoDraw=False, autoLog=True, closeShape=True, color=method-wrapper(...), colorSpace='rgb', contrast=None, depth=-4.0, draggable=False, fillColor=array([-1., -1., -1.]), fillColorSpace='rgb', fillRGB=array([-1., -1., -1.]), interpolate=True, lineColor=array([-1., -1., -1.]), lineColorSpace='rgb', lineRGB=array([-1., -1., -1.]), lineWidth=1.0, name='FixationCross', opacity=1, ori=0.0, pos=array([0., 0.]), size=array([0.2, 0.2]), units='deg', vertices=ndarray(...), win=Window(...), windingRule=None)
8.7290 	EXP 	Created portalLeft = Rect(__class__=<class 'psychopy.visual.rect.Rect'>, anchor=('center', 'center'), autoDraw=False, autoLog=True, closeShape=True, color=method-wrapper(...), colorSpace='rgb', contrast=None, depth=-5.0, draggable=False, fillColor=array([1, 1, 1]), fillColorSpace='rgb', fillRGB=array([1, 1, 1]), interpolate=True, lineColor=array([1., 1., 1.]), lineColorSpace='rgb', lineRGB=array([1, 1, 1]), lineWidth=1.0, name='portalLeft', opacity=1.0, ori=0.0, pos=array([-4.,  2.]), size=array([0.1, 2. ]), units='deg', vertices=ndarray(...), win=Window(...))
8.7301 	EXP 	Created portalRight = Rect(__class__=<class 'psychopy.visual.rect.Rect'>, anchor=('center', 'center'), autoDraw=False, autoLog=True, closeShape=True, color=method-wrapper(...), colorSpace='rgb', contrast=None, depth=-6.0, draggable=False, fillColor=array([1, 1, 1]), fillColorSpace='rgb', fillRGB=array([1, 1, 1]), interpolate=True, lineColor=array([1., 1., 1.]), lineColorSpace='rgb', lineRGB=array([1, 1, 1]), lineWidth=1.0, name='portalRight', opacity=1.0, ori=0.0, pos=array([4., 2.]), size=array([0.1, 2. ]), units='deg', vertices=ndarray(...), win=Window(...))
8.7312 	EXP 	Created Barrier = Rect(__class__=<class 'psychopy.visual.rect.Rect'>, anchor=('center', 'center'), autoDraw=False, autoLog=True, closeShape=True, color=method-wrapper(...), colorSpace='rgb', contrast=None, depth=-7.0, draggable=False, fillColor=array([1, 1, 1]), fillColorSpace='rgb', fillRGB=array([1, 1, 1]), interpolate=True, lineColor=array([1., 1., 1.]), lineColorSpace='rgb', lineRGB=array([1, 1, 1]), lineWidth=1.0, name='Barrier', opacity=1.0, ori=0.0, pos=array([2., 2.]), size=array([0.1, 2. ]), units='deg', vertices=ndarray(...), win=Window(...))
8.7325 	EXP 	Created FixationCrossBlank = ShapeStim(__class__=<class 'psychopy.visual.shape.ShapeStim'>, anchor=('center', 'center'), autoDraw=False, autoLog=True, closeShape=True, color=method-wrapper(...), colorSpace='rgb', contrast=None, depth=0.0, draggable=False, fillColor=array([-1., -1., -1.]), fillColorSpace='rgb', fillRGB=array([-1., -1., -1.]), interpolate=True, lineColor=array([-1., -1., -1.]), lineColorSpace='rgb', lineRGB=array([-1., -1., -1.]), lineWidth=1.0, name='FixationCrossBlank', opacity=1, ori=0.0, pos=array([0., 0.]), size=array([0.2, 0.2]), units='deg', vertices=ndarray(...), win=Window(...), windingRule=None)
8.7356 	EXP 	Created ternusObjLeft_2 = ShapeStim(__class__=<class 'psychopy.visual.shape.ShapeStim'>, anchor=('center', 'center'), autoDraw=False, autoLog=True, closeShape=True, color=method-wrapper(...), colorSpace='rgb', contrast=None, depth=-1.0, draggable=False, fillColor=array([-1., -1., -1.]), fillColorSpace='rgb', fillRGB=array([-1., -1., -1.]), interpolate=True, lineColor=array([-1., -1., -1.]), lineColorSpace='rgb', lineRGB=array([-1., -1., -1.]), lineWidth=1.0, name='ternusObjLeft_2', opacity=1, ori=0.0, pos=array([-1.,  2.]), size=array([1.6, 1.6]), units='deg', vertices=ndarray(...), win=Window(...), windingRule=None)
8.7393 	EXP 	Created ternusObjMiddle_2 = ShapeStim(__class__=<class 'psychopy.visual.shape.ShapeStim'>, anchor=('center', 'center'), autoDraw=False, autoLog=True, closeShape=True, color=method-wrapper(...), colorSpace='rgb', contrast=None, depth=-2.0, draggable=False, fillColor=array([-1., -1., -1.]), fillColorSpace='rgb', fillRGB=array([-1., -1., -1.]), interpolate=True, lineColor=array([-1., -1., -1.]), lineColorSpace='rgb', lineRGB=array([-1., -1., -1.]), lineWidth=1.0, name='ternusObjMiddle_2', opacity=1, ori=0.0, pos=array([1., 2.]), size=array([1.6, 1.6]), units='deg', vertices=ndarray(...), win=Window(...), windingRule=None)
8.7422 	EXP 	Created ternusObjRight_2 = ShapeStim(__class__=<class 'psychopy.visual.shape.ShapeStim'>, anchor=('center', 'center'), autoDraw=False, autoLog=True, closeShape=True, color=method-wrapper(...), colorSpace='rgb', contrast=None, depth=-3.0, draggable=False, fillColor=array([1, 1, 1]), fillColorSpace='rgb', fillRGB=array([1, 1, 1]), interpolate=True, lineColor=array([1., 1., 1.]), lineColorSpace='rgb', lineRGB=array([1, 1, 1]), lineWidth=1.0, name='ternusObjRight_2', opacity=1, ori=0.0, pos=array([3., 2.]), size=array([1.6, 1.6]), units='deg', vertices=ndarray(...), win=Window(...), windingRule=None)
8.7435 	EXP 	Created FixationCross_2 = ShapeStim(__class__=<class 'psychopy.visual.shape.ShapeStim'>, anchor=('center', 'center'), autoDraw=False, autoLog=True, closeShape=True, color=method-wrapper(...), colorSpace='rgb', contrast=None, depth=-4.0, draggable=False, fillColor=array([-1., -1., -1.]), fillColorSpace='rgb', fillRGB=array([-1., -1., -1.]), interpolate=True, lineColor=array([-1., -1., -1.]), lineColorSpace='rgb', lineRGB=array([-1., -1., -1.]), lineWidth=1.0, name='FixationCross_2', opacity=1, ori=0.0, pos=array([0., 0.]), size=array([0.2, 0.2]), units='deg', vertices=ndarray(...), win=Window(...), windingRule=None)
8.7446 	EXP 	Created portalLeft_2 = Rect(__class__=<class 'psychopy.visual.rect.Rect'>, anchor=('center', 'center'), autoDraw=False, autoLog=True, closeShape=True, color=method-wrapper(...), colorSpace='rgb', contrast=None, depth=-5.0, draggable=False, fillColor=array([1, 1, 1]), fillColorSpace='rgb', fillRGB=array([1, 1, 1]), interpolate=True, lineColor=array([1., 1., 1.]), lineColorSpace='rgb', lineRGB=array([1, 1, 1]), lineWidth=1.0, name='portalLeft_2', opacity=1.0, ori=0.0, pos=array([-4.,  2.]), size=array([0.1, 2. ]), units='deg', vertices=ndarray(...), win=Window(...))
8.7457 	EXP 	Created portalRight_2 = Rect(__class__=<class 'psychopy.visual.rect.Rect'>, anchor=('center', 'center'), autoDraw=False, autoLog=True, closeShape=True, color=method-wrapper(...), colorSpace='rgb', contrast=None, depth=-6.0, draggable=False, fillColor=array([1, 1, 1]), fillColorSpace='rgb', fillRGB=array([1, 1, 1]), interpolate=True, lineColor=array([1., 1., 1.]), lineColorSpace='rgb', lineRGB=array([1, 1, 1]), lineWidth=1.0, name='portalRight_2', opacity=1.0, ori=0.0, pos=array([4., 2.]), size=array([0.1, 2. ]), units='deg', vertices=ndarray(...), win=Window(...))
8.7468 	EXP 	Created Barrier_2 = Rect(__class__=<class 'psychopy.visual.rect.Rect'>, anchor=('center', 'center'), autoDraw=False, autoLog=True, closeShape=True, color=method-wrapper(...), colorSpace='rgb', contrast=None, depth=-7.0, draggable=False, fillColor=array([1, 1, 1]), fillColorSpace='rgb', fillRGB=array([1, 1, 1]), interpolate=True, lineColor=array([1., 1., 1.]), lineColorSpace='rgb', lineRGB=array([1, 1, 1]), lineWidth=1.0, name='Barrier_2', opacity=1.0, ori=0.0, pos=array([2., 2.]), size=array([0.1, 2. ]), units='deg', vertices=ndarray(...), win=Window(...))
8.7480 	EXP 	Created FixationCrossBlank800 = ShapeStim(__class__=<class 'psychopy.visual.shape.ShapeStim'>, anchor=('center', 'center'), autoDraw=False, autoLog=True, closeShape=True, color=method-wrapper(...), colorSpace='rgb', contrast=None, depth=0.0, draggable=False, fillColor=array([-1., -1., -1.]), fillColorSpace='rgb', fillRGB=array([-1., -1., -1.]), interpolate=True, lineColor=array([-1., -1., -1.]), lineColorSpace='rgb', lineRGB=array([-1., -1., -1.]), lineWidth=1.0, name='FixationCrossBlank800', opacity=1, ori=0.0, pos=array([0., 0.]), size=array([0.2, 0.2]), units='deg', vertices=ndarray(...), win=Window(...), windingRule=None)
8.7487 	EXP 	Created textBlockInstructions = TextStim(__class__=<class 'psychopy.visual.text.TextStim'>, alignHoriz=method-wrapper(...), alignText='center', alignVert=method-wrapper(...), anchorHoriz='center', anchorVert='center', antialias=True, autoDraw=False, autoLog=True, bold=False, color=array([1., 1., 1.]), colorSpace='rgb', contrast=1.0, depth=-2.0, draggable=False, flipHoriz=False, flipVert=False, font='Arial', fontFiles=[], height=0.025, italic=False, languageStyle='LTR', name='textBlockInstructions', opacity=1, ori=0.0, pos=array([0., 0.]), rgb=UNKNOWN, text='', units='height', win=Window(...), wrapWidth=1)
8.7639 	EXP 	Created textEnd = TextStim(__class__=<class 'psychopy.visual.text.TextStim'>, alignHoriz=method-wrapper(...), alignText='center', alignVert=method-wrapper(...), anchorHoriz='center', anchorVert='center', antialias=True, autoDraw=False, autoLog=True, bold=False, color=array([1., 1., 1.]), colorSpace='rgb', contrast=1.0, depth=0.0, draggable=False, flipHoriz=False, flipVert=False, font='Arial', fontFiles=[], height=0.05, italic=False, languageStyle='LTR', name='textEnd', opacity=1, ori=0.0, pos=array([0., 0.]), rgb=UNKNOWN, text=str(...), units='height', win=Window(...), wrapWidth=1)
0.0114 	INFO 	Keyboard events cleared
0.0113 	EXP 	textInstructions: autoDraw = True
0.7961 	DATA 	Keypress: space
0.8116 	EXP 	Device response: <KeyPress from None: t=0.7953956000274047, value=space, duration=None>
0.8120 	EXP 	New trial (rep=0, index=0): <Trial 0 (0 in rep 0) data={'thisN': 0, 'thisTrialN': 0, 'thisRepN': 0}>
0.8169 	EXP 	textInstructions: autoDraw = False
0.8169 	EXP 	ternusExampleLeft: autoDraw = True
0.8169 	EXP 	ternusExampleMiddle: autoDraw = True
0.8169 	EXP 	ternusExampleRight: autoDraw = True
0.8169 	EXP 	FixationCrossExample: autoDraw = True
0.8611 	EXP 	Device response: <KeyPress from None: t=0.7953956000274047, value=space, duration=0.06355159997474402>
1.0174 	EXP 	ternusExampleLeft: autoDraw = False
1.0174 	EXP 	ternusExampleMiddle: autoDraw = False
1.0174 	EXP 	ternusExampleRight: autoDraw = False
1.0174 	EXP 	FixationCrossExample: autoDraw = False
1.0174 	EXP 	ternusExampleLeft: autoDraw = False
1.0174 	EXP 	ternusExampleMiddle: autoDraw = False
1.0174 	EXP 	ternusExampleRight: autoDraw = False
1.0174 	EXP 	FixationCrossExample: autoDraw = False
1.0174 	EXP 	ternusExampleLeft_2: autoDraw = True
1.0174 	EXP 	ternusExampleMiddle_2: autoDraw = True
1.0174 	EXP 	ternusExampleRight_2: autoDraw = True
1.0174 	EXP 	FixationCrossExample_2: autoDraw = True
1.2175 	EXP 	ternusExampleLeft_2: autoDraw = False
1.2175 	EXP 	ternusExampleMiddle_2: autoDraw = False
1.2175 	EXP 	ternusExampleRight_2: autoDraw = False
1.2175 	EXP 	FixationCrossExample_2: autoDraw = False
1.2175 	EXP 	ternusExampleLeft_2: autoDraw = False
1.2175 	EXP 	ternusExampleMiddle_2: autoDraw = False
1.2175 	EXP 	ternusExampleRight_2: autoDraw = False
1.2175 	EXP 	FixationCrossExample_2: autoDraw = False
1.2175 	EXP 	FixationCrossBlank800: autoDraw = True
2.0067 	EXP 	New trial (rep=1, index=0): <Trial 1 (0 in rep 1) data={'thisN': 1, 'thisTrialN': 0, 'thisRepN': 1}>
2.0180 	EXP 	FixationCrossBlank800: autoDraw = False
2.0180 	EXP 	ternusExampleLeft: autoDraw = True
2.0180 	EXP 	ternusExampleMiddle: autoDraw = True
2.0180 	EXP 	ternusExampleRight: autoDraw = True
2.0180 	EXP 	FixationCrossExample: autoDraw = True
2.2173 	EXP 	ternusExampleLeft: autoDraw = False
2.2173 	EXP 	ternusExampleMiddle: autoDraw = False
2.2173 	EXP 	ternusExampleRight: autoDraw = False
2.2173 	EXP 	FixationCrossExample: autoDraw = False
2.2173 	EXP 	ternusExampleLeft: autoDraw = False
2.2173 	EXP 	ternusExampleMiddle: autoDraw = False
2.2173 	EXP 	ternusExampleRight: autoDraw = False
2.2173 	EXP 	FixationCrossExample: autoDraw = False
2.2173 	EXP 	ternusExampleLeft_2: autoDraw = True
2.2173 	EXP 	ternusExampleMiddle_2: autoDraw = True
2.2173 	EXP 	ternusExampleRight_2: autoDraw = True
2.2173 	EXP 	FixationCrossExample_2: autoDraw = True
2.4169 	EXP 	ternusExampleLeft_2: autoDraw = False
2.4169 	EXP 	ternusExampleMiddle_2: autoDraw = False
2.4169 	EXP 	ternusExampleRight_2: autoDraw = False
2.4169 	EXP 	FixationCrossExample_2: autoDraw = False
2.4169 	EXP 	ternusExampleLeft_2: autoDraw = False
2.4169 	EXP 	ternusExampleMiddle_2: autoDraw = False
2.4169 	EXP 	ternusExampleRight_2: autoDraw = False
2.4169 	EXP 	FixationCrossExample_2: autoDraw = False
2.4169 	EXP 	FixationCrossBlank800: autoDraw = True
3.2057 	EXP 	New trial (rep=2, index=0): <Trial 2 (0 in rep 2) data={'thisN': 2, 'thisTrialN': 0, 'thisRepN': 2}>
3.2171 	EXP 	FixationCrossBlank800: autoDraw = False
3.2171 	EXP 	FixationCrossBlank800: autoDraw = False
3.2171 	EXP 	ternusExampleLeft: autoDraw = True
3.2171 	EXP 	ternusExampleMiddle: autoDraw = True
3.2171 	EXP 	ternusExampleRight: autoDraw = True
3.2171 	EXP 	FixationCrossExample: autoDraw = True
3.4165 	EXP 	ternusExampleLeft: autoDraw = False
3.4165 	EXP 	ternusExampleMiddle: autoDraw = False
3.4165 	EXP 	ternusExampleRight: autoDraw = False
3.4165 	EXP 	FixationCrossExample: autoDraw = False
3.4165 	EXP 	ternusExampleLeft: autoDraw = False
3.4165 	EXP 	ternusExampleMiddle: autoDraw = False
3.4165 	EXP 	ternusExampleRight: autoDraw = False
3.4165 	EXP 	FixationCrossExample: autoDraw = False
3.4165 	EXP 	ternusExampleLeft_2: autoDraw = True
3.4165 	EXP 	ternusExampleMiddle_2: autoDraw = True
3.4165 	EXP 	ternusExampleRight_2: autoDraw = True
3.4165 	EXP 	FixationCrossExample_2: autoDraw = True
3.6165 	EXP 	ternusExampleLeft_2: autoDraw = False
3.6165 	EXP 	ternusExampleMiddle_2: autoDraw = False
3.6165 	EXP 	ternusExampleRight_2: autoDraw = False
3.6165 	EXP 	FixationCrossExample_2: autoDraw = False
3.6165 	EXP 	ternusExampleLeft_2: autoDraw = False
3.6165 	EXP 	ternusExampleMiddle_2: autoDraw = False
3.6165 	EXP 	ternusExampleRight_2: autoDraw = False
3.6165 	EXP 	FixationCrossExample_2: autoDraw = False
3.6165 	EXP 	FixationCrossBlank800: autoDraw = True
4.4063 	EXP 	New trial (rep=3, index=0): <Trial 3 (0 in rep 3) data={'thisN': 3, 'thisTrialN': 0, 'thisRepN': 3}>
4.4174 	EXP 	FixationCrossBlank800: autoDraw = False
4.4174 	EXP 	FixationCrossBlank800: autoDraw = False
4.4174 	EXP 	ternusExampleLeft: autoDraw = True
4.4174 	EXP 	ternusExampleMiddle: autoDraw = True
4.4174 	EXP 	ternusExampleRight: autoDraw = True
4.4174 	EXP 	FixationCrossExample: autoDraw = True
4.6177 	EXP 	ternusExampleLeft: autoDraw = False
4.6177 	EXP 	ternusExampleMiddle: autoDraw = False
4.6177 	EXP 	ternusExampleRight: autoDraw = False
4.6177 	EXP 	FixationCrossExample: autoDraw = False
4.6177 	EXP 	ternusExampleLeft: autoDraw = False
4.6177 	EXP 	ternusExampleMiddle: autoDraw = False
4.6177 	EXP 	ternusExampleRight: autoDraw = False
4.6177 	EXP 	FixationCrossExample: autoDraw = False
4.6177 	EXP 	ternusExampleLeft_2: autoDraw = True
4.6177 	EXP 	ternusExampleMiddle_2: autoDraw = True
4.6177 	EXP 	ternusExampleRight_2: autoDraw = True
4.6177 	EXP 	FixationCrossExample_2: autoDraw = True
4.8166 	EXP 	ternusExampleLeft_2: autoDraw = False
4.8166 	EXP 	ternusExampleMiddle_2: autoDraw = False
4.8166 	EXP 	ternusExampleRight_2: autoDraw = False
4.8166 	EXP 	FixationCrossExample_2: autoDraw = False
4.8166 	EXP 	ternusExampleLeft_2: autoDraw = False
4.8166 	EXP 	ternusExampleMiddle_2: autoDraw = False
4.8166 	EXP 	ternusExampleRight_2: autoDraw = False
4.8166 	EXP 	FixationCrossExample_2: autoDraw = False
4.8166 	EXP 	FixationCrossBlank800: autoDraw = True
5.6178 	INFO 	Keyboard events cleared
5.6176 	EXP 	FixationCrossBlank800: autoDraw = False
5.6176 	EXP 	textElementMotion: autoDraw = True
11.9495 	EXP 	Device response: <KeyPress from None: t=11.939386599988211, value=escape, duration=None>
11.9503 	DATA 	Keypress: escape
12.0503 	EXP 	Device response: <KeyPress from None: t=11.939386599988211, value=escape, duration=0.10319330001948401>
12.0504 	EXP 	Teamprojekt: status = STOPPED
12.0611 	EXP 	textElementMotion: autoDraw = False
12.0612 	EXP 	Teamprojekt: status = STOPPED
12.0746 	INFO 	saved data to 'C:\\Users\\maria\\Documents\\Teamprojekt_Testphase\\data\\_Teamprojekt_2026-06-15_20h33.21.382.csv'
12.0761 	INFO 	saved data to C:\Users\maria\Documents\Teamprojekt_Testphase\data\_Teamprojekt_2026-06-15_20h33.21.382.psydat
12.4474 	WARNING 	Stopping key buffers but this could be dangerous ifother keyboards rely on the same.
12.5461 	WARNING 	Stopping key buffers but this could be dangerous ifother keyboards rely on the same.
12.5462 	WARNING 	Stopping key buffers but this could be dangerous ifother keyboards rely on the same.
12.5462 	WARNING 	Stopping key buffers but this could be dangerous ifother keyboards rely on the same.
12.5462 	WARNING 	Stopping key buffers but this could be dangerous ifother keyboards rely on the same.
12.5463 	WARNING 	Stopping key buffers but this could be dangerous ifother keyboards rely on the same.
12.5463 	WARNING 	Stopping key buffers but this could be dangerous ifother keyboards rely on the same.
