7.4228 	INFO 	Loaded monitor calibration from ['2026_06_03 14:46']
7.4406 	WARNING 	User requested fullscreen with size [1280  800], but screen is actually [2560, 1600]. Using actual size
7.9022 	INFO 	Using renderer 'AMD RadeonT 780M' for graphics
7.9022 	INFO 	OpenGL version supported by driver is 4..
7.9703 	EXP 	Created window1 = Window(allowGUI=False, allowStencil=False, autoLog=True, backendConf=UNKNOWN, backgroundFit=<method-wrapper '__getattribute__' of attributeSetter object at 0x0000026746066A40>, backgroundImage=<method-wrapper '__getattribute__' of attributeSetter object at 0x0000026746064370>, bitsMode=UNKNOWN, blendMode='avg', bpc=(8, 8, 8), color=array([0, 0, 0]), colorSpace='rgb', depthBits=8, fullscr=True, gamma=None, gammaErrorPolicy='raise', infoMsg=UNKNOWN, lms=UNKNOWN, monitor=<psychopy.monitors.calibTools.Monitor object at 0x000002674619E830>, multiSample=False, name='window1', numSamples=2, pos=[0.0, 0.0], screen=0, size=array([2560, 1600]), stencilBits=0, stereo=False, title='PsychoPy', units='height', useFBO=True, useRetina=False, viewOri=0.0, viewPos=None, viewScale=None, waitBlanking=True, winType='pyglet')
7.9706 	EXP 	window1: backgroundImage = ''
7.9706 	EXP 	window1: backgroundFit = 'none'
8.5730 	EXP 	window1: Attempting to measure frame rate of screen (0) ...
8.5730 	EXP 	window1: recordFrameIntervals = False
8.7291 	EXP 	window1: recordFrameIntervals = True
8.9709 	EXP 	Screen (0) actual frame rate measured at 84.87Hz
8.9710 	EXP 	window1: recordFrameIntervals = False
9.1507 	INFO 	keyboard.Keyboard is using ptb backend.
9.1510 	INFO 	keyboard.Keyboard is using ptb backend.
9.1511 	INFO 	keyboard.Keyboard is using ptb backend.
9.1512 	INFO 	keyboard.Keyboard is using ptb backend.
9.1512 	EXP 	Teamprojekt: status = STARTED
9.1547 	EXP 	Created FixationCrossBlank800 = ShapeStim(__class__=<class 'psychopy.visual.shape.ShapeStim'>, anchor=('center', 'center'), autoDraw=False, autoLog=True, closeShape=True, color=method-wrapper(...), colorSpace='rgb', contrast=None, depth=0.0, draggable=False, fillColor=array([-1., -1., -1.]), fillColorSpace='rgb', fillRGB=array([-1., -1., -1.]), interpolate=True, lineColor=array([-1., -1., -1.]), lineColorSpace='rgb', lineRGB=array([-1., -1., -1.]), lineWidth=1.0, name='FixationCrossBlank800', opacity=1, ori=0.0, pos=array([0., 0.]), size=array([0.2, 0.2]), units='deg', vertices=ndarray(...), win=Window(...), windingRule=None)
9.1560 	EXP 	Created FixationCrossBlank800 = ShapeStim(__class__=<class 'psychopy.visual.shape.ShapeStim'>, anchor=('center', 'center'), autoDraw=False, autoLog=True, closeShape=True, color=method-wrapper(...), colorSpace='rgb', contrast=None, depth=0.0, draggable=False, fillColor=array([-1., -1., -1.]), fillColorSpace='rgb', fillRGB=array([-1., -1., -1.]), interpolate=True, lineColor=array([-1., -1., -1.]), lineColorSpace='rgb', lineRGB=array([-1., -1., -1.]), lineWidth=1.0, name='FixationCrossBlank800', opacity=1, ori=0.0, pos=array([0., 0.]), size=array([0.2, 0.2]), units='deg', vertices=ndarray(...), win=Window(...), windingRule=None)
9.1573 	EXP 	Created FixationCrossBlank800 = ShapeStim(__class__=<class 'psychopy.visual.shape.ShapeStim'>, anchor=('center', 'center'), autoDraw=False, autoLog=True, closeShape=True, color=method-wrapper(...), colorSpace='rgb', contrast=None, depth=0.0, draggable=False, fillColor=array([-1., -1., -1.]), fillColorSpace='rgb', fillRGB=array([-1., -1., -1.]), interpolate=True, lineColor=array([-1., -1., -1.]), lineColorSpace='rgb', lineRGB=array([-1., -1., -1.]), lineWidth=1.0, name='FixationCrossBlank800', opacity=1, ori=0.0, pos=array([0., 0.]), size=array([0.2, 0.2]), units='deg', vertices=ndarray(...), win=Window(...), windingRule=None)
9.2683 	EXP 	Created textStartMessage = TextStim(__class__=<class 'psychopy.visual.text.TextStim'>, alignHoriz=method-wrapper(...), alignText='center', alignVert=method-wrapper(...), anchorHoriz='center', anchorVert='center', antialias=True, autoDraw=False, autoLog=True, bold=False, color=array([1., 1., 1.]), colorSpace='rgb', contrast=1.0, depth=-1.0, draggable=False, flipHoriz=False, flipVert=False, font='Arial', fontFiles=[], height=0.025, italic=False, languageStyle='LTR', name='textStartMessage', opacity=1, ori=0.0, pos=array([0., 0.]), rgb=UNKNOWN, text=str(...), units='height', win=Window(...), wrapWidth=1)
9.2717 	EXP 	Created ternusObjLeft = ShapeStim(__class__=<class 'psychopy.visual.shape.ShapeStim'>, anchor=('center', 'center'), autoDraw=False, autoLog=True, closeShape=True, color=method-wrapper(...), colorSpace='rgb', contrast=None, depth=-1.0, draggable=False, fillColor=array([-1., -1., -1.]), fillColorSpace='rgb', fillRGB=array([-1., -1., -1.]), interpolate=True, lineColor=array([-1., -1., -1.]), lineColorSpace='rgb', lineRGB=array([-1., -1., -1.]), lineWidth=1.0, name='ternusObjLeft', opacity=1, ori=0.0, pos=array([0., 0.]), size=array([1.6, 1.6]), units='deg', vertices=ndarray(...), win=Window(...), windingRule=None)
9.2747 	EXP 	Created ternusObjMiddle = ShapeStim(__class__=<class 'psychopy.visual.shape.ShapeStim'>, anchor=('center', 'center'), autoDraw=False, autoLog=True, closeShape=True, color=method-wrapper(...), colorSpace='rgb', contrast=None, depth=-2.0, draggable=False, fillColor=array([-1., -1., -1.]), fillColorSpace='rgb', fillRGB=array([-1., -1., -1.]), interpolate=True, lineColor=array([-1., -1., -1.]), lineColorSpace='rgb', lineRGB=array([-1., -1., -1.]), lineWidth=1.0, name='ternusObjMiddle', opacity=1, ori=0.0, pos=array([0., 0.]), size=array([1.6, 1.6]), units='deg', vertices=ndarray(...), win=Window(...), windingRule=None)
9.2774 	EXP 	Created ternusObjRight = ShapeStim(__class__=<class 'psychopy.visual.shape.ShapeStim'>, anchor=('center', 'center'), autoDraw=False, autoLog=True, closeShape=True, color=method-wrapper(...), colorSpace='rgb', contrast=None, depth=-3.0, draggable=False, fillColor=array([-1., -1., -1.]), fillColorSpace='rgb', fillRGB=array([-1., -1., -1.]), interpolate=True, lineColor=array([-1., -1., -1.]), lineColorSpace='rgb', lineRGB=array([-1., -1., -1.]), lineWidth=1.0, name='ternusObjRight', opacity=1, ori=0.0, pos=array([0., 0.]), size=array([1.6, 1.6]), units='deg', vertices=ndarray(...), win=Window(...), windingRule=None)
9.2787 	EXP 	Created FixationCross = ShapeStim(__class__=<class 'psychopy.visual.shape.ShapeStim'>, anchor=('center', 'center'), autoDraw=False, autoLog=True, closeShape=True, color=method-wrapper(...), colorSpace='rgb', contrast=None, depth=-4.0, draggable=False, fillColor=array([-1., -1., -1.]), fillColorSpace='rgb', fillRGB=array([-1., -1., -1.]), interpolate=True, lineColor=array([-1., -1., -1.]), lineColorSpace='rgb', lineRGB=array([-1., -1., -1.]), lineWidth=1.0, name='FixationCross', opacity=1, ori=0.0, pos=array([0., 0.]), size=array([0.2, 0.2]), units='deg', vertices=ndarray(...), win=Window(...), windingRule=None)
9.2800 	EXP 	Created portalLeft = Rect(__class__=<class 'psychopy.visual.rect.Rect'>, anchor=('center', 'center'), autoDraw=False, autoLog=True, closeShape=True, color=method-wrapper(...), colorSpace='rgb', contrast=None, depth=-5.0, draggable=False, fillColor=array([1, 1, 1]), fillColorSpace='rgb', fillRGB=array([1, 1, 1]), interpolate=True, lineColor=array([1., 1., 1.]), lineColorSpace='rgb', lineRGB=array([1, 1, 1]), lineWidth=1.0, name='portalLeft', opacity=1.0, ori=0.0, pos=array([-4.,  2.]), size=array([0.1, 2. ]), units='deg', vertices=ndarray(...), win=Window(...))
9.2811 	EXP 	Created portalRight = Rect(__class__=<class 'psychopy.visual.rect.Rect'>, anchor=('center', 'center'), autoDraw=False, autoLog=True, closeShape=True, color=method-wrapper(...), colorSpace='rgb', contrast=None, depth=-6.0, draggable=False, fillColor=array([1, 1, 1]), fillColorSpace='rgb', fillRGB=array([1, 1, 1]), interpolate=True, lineColor=array([1., 1., 1.]), lineColorSpace='rgb', lineRGB=array([1, 1, 1]), lineWidth=1.0, name='portalRight', opacity=1.0, ori=0.0, pos=array([4., 2.]), size=array([0.1, 2. ]), units='deg', vertices=ndarray(...), win=Window(...))
9.2822 	EXP 	Created Barrier = Rect(__class__=<class 'psychopy.visual.rect.Rect'>, anchor=('center', 'center'), autoDraw=False, autoLog=True, closeShape=True, color=method-wrapper(...), colorSpace='rgb', contrast=None, depth=-7.0, draggable=False, fillColor=array([1, 1, 1]), fillColorSpace='rgb', fillRGB=array([1, 1, 1]), interpolate=True, lineColor=array([1., 1., 1.]), lineColorSpace='rgb', lineRGB=array([1, 1, 1]), lineWidth=1.0, name='Barrier', opacity=1.0, ori=0.0, pos=array([0., 0.]), size=array([0.1, 2. ]), units='deg', vertices=ndarray(...), win=Window(...))
9.2835 	EXP 	Created FixationCrossBlank = ShapeStim(__class__=<class 'psychopy.visual.shape.ShapeStim'>, anchor=('center', 'center'), autoDraw=False, autoLog=True, closeShape=True, color=method-wrapper(...), colorSpace='rgb', contrast=None, depth=0.0, draggable=False, fillColor=array([-1., -1., -1.]), fillColorSpace='rgb', fillRGB=array([-1., -1., -1.]), interpolate=True, lineColor=array([-1., -1., -1.]), lineColorSpace='rgb', lineRGB=array([-1., -1., -1.]), lineWidth=1.0, name='FixationCrossBlank', opacity=1, ori=0.0, pos=array([0., 0.]), size=array([0.2, 0.2]), units='deg', vertices=ndarray(...), win=Window(...), windingRule=None)
9.2866 	EXP 	Created ternusObjLeft_2 = ShapeStim(__class__=<class 'psychopy.visual.shape.ShapeStim'>, anchor=('center', 'center'), autoDraw=False, autoLog=True, closeShape=True, color=method-wrapper(...), colorSpace='rgb', contrast=None, depth=-1.0, draggable=False, fillColor=array([1, 1, 1]), fillColorSpace='rgb', fillRGB=array([1, 1, 1]), interpolate=True, lineColor=array([1., 1., 1.]), lineColorSpace='rgb', lineRGB=array([1, 1, 1]), lineWidth=1.0, name='ternusObjLeft_2', opacity=1, ori=0.0, pos=array([0., 0.]), size=array([1.6, 1.6]), units='deg', vertices=ndarray(...), win=Window(...), windingRule=None)
9.2899 	EXP 	Created ternusObjMiddle_2 = ShapeStim(__class__=<class 'psychopy.visual.shape.ShapeStim'>, anchor=('center', 'center'), autoDraw=False, autoLog=True, closeShape=True, color=method-wrapper(...), colorSpace='rgb', contrast=None, depth=-2.0, draggable=False, fillColor=array([-1, -1, -1]), fillColorSpace='rgb', fillRGB=array([-1, -1, -1]), interpolate=True, lineColor=array([-1., -1., -1.]), lineColorSpace='rgb', lineRGB=array([-1, -1, -1]), lineWidth=1.0, name='ternusObjMiddle_2', opacity=1, ori=0.0, pos=array([0., 0.]), size=array([1.6, 1.6]), units='deg', vertices=ndarray(...), win=Window(...), windingRule=None)
9.2928 	EXP 	Created ternusObjRight_2 = ShapeStim(__class__=<class 'psychopy.visual.shape.ShapeStim'>, anchor=('center', 'center'), autoDraw=False, autoLog=True, closeShape=True, color=method-wrapper(...), colorSpace='rgb', contrast=None, depth=-3.0, draggable=False, fillColor=array([1, 1, 1]), fillColorSpace='rgb', fillRGB=array([1, 1, 1]), interpolate=True, lineColor=array([1., 1., 1.]), lineColorSpace='rgb', lineRGB=array([1, 1, 1]), lineWidth=1.0, name='ternusObjRight_2', opacity=1, ori=0.0, pos=array([0., 0.]), size=array([1.6, 1.6]), units='deg', vertices=ndarray(...), win=Window(...), windingRule=None)
9.2941 	EXP 	Created FixationCross_2 = ShapeStim(__class__=<class 'psychopy.visual.shape.ShapeStim'>, anchor=('center', 'center'), autoDraw=False, autoLog=True, closeShape=True, color=method-wrapper(...), colorSpace='rgb', contrast=None, depth=-4.0, draggable=False, fillColor=array([-1., -1., -1.]), fillColorSpace='rgb', fillRGB=array([-1., -1., -1.]), interpolate=True, lineColor=array([-1., -1., -1.]), lineColorSpace='rgb', lineRGB=array([-1., -1., -1.]), lineWidth=1.0, name='FixationCross_2', opacity=1, ori=0.0, pos=array([0., 0.]), size=array([0.2, 0.2]), units='deg', vertices=ndarray(...), win=Window(...), windingRule=None)
9.2952 	EXP 	Created portalLeft_2 = Rect(__class__=<class 'psychopy.visual.rect.Rect'>, anchor=('center', 'center'), autoDraw=False, autoLog=True, closeShape=True, color=method-wrapper(...), colorSpace='rgb', contrast=None, depth=-5.0, draggable=False, fillColor=array([1, 1, 1]), fillColorSpace='rgb', fillRGB=array([1, 1, 1]), interpolate=True, lineColor=array([1., 1., 1.]), lineColorSpace='rgb', lineRGB=array([1, 1, 1]), lineWidth=1.0, name='portalLeft_2', opacity=1.0, ori=0.0, pos=array([-4.,  2.]), size=array([0.1, 2. ]), units='deg', vertices=ndarray(...), win=Window(...))
9.2963 	EXP 	Created portalRight_2 = Rect(__class__=<class 'psychopy.visual.rect.Rect'>, anchor=('center', 'center'), autoDraw=False, autoLog=True, closeShape=True, color=method-wrapper(...), colorSpace='rgb', contrast=None, depth=-6.0, draggable=False, fillColor=array([1, 1, 1]), fillColorSpace='rgb', fillRGB=array([1, 1, 1]), interpolate=True, lineColor=array([1., 1., 1.]), lineColorSpace='rgb', lineRGB=array([1, 1, 1]), lineWidth=1.0, name='portalRight_2', opacity=1.0, ori=0.0, pos=array([4., 2.]), size=array([0.1, 2. ]), units='deg', vertices=ndarray(...), win=Window(...))
9.2974 	EXP 	Created Barrier_2 = Rect(__class__=<class 'psychopy.visual.rect.Rect'>, anchor=('center', 'center'), autoDraw=False, autoLog=True, closeShape=True, color=method-wrapper(...), colorSpace='rgb', contrast=None, depth=-7.0, draggable=False, fillColor=array([1, 1, 1]), fillColorSpace='rgb', fillRGB=array([1, 1, 1]), interpolate=True, lineColor=array([1., 1., 1.]), lineColorSpace='rgb', lineRGB=array([1, 1, 1]), lineWidth=1.0, name='Barrier_2', opacity=1.0, ori=0.0, pos=array([0., 0.]), size=array([0.1, 2. ]), units='deg', vertices=ndarray(...), win=Window(...))
9.2986 	EXP 	Created FixationCrossBlank800 = ShapeStim(__class__=<class 'psychopy.visual.shape.ShapeStim'>, anchor=('center', 'center'), autoDraw=False, autoLog=True, closeShape=True, color=method-wrapper(...), colorSpace='rgb', contrast=None, depth=0.0, draggable=False, fillColor=array([-1., -1., -1.]), fillColorSpace='rgb', fillRGB=array([-1., -1., -1.]), interpolate=True, lineColor=array([-1., -1., -1.]), lineColorSpace='rgb', lineRGB=array([-1., -1., -1.]), lineWidth=1.0, name='FixationCrossBlank800', opacity=1, ori=0.0, pos=array([0., 0.]), size=array([0.2, 0.2]), units='deg', vertices=ndarray(...), win=Window(...), windingRule=None)
9.2993 	EXP 	Created textBlockInstructions = TextStim(__class__=<class 'psychopy.visual.text.TextStim'>, alignHoriz=method-wrapper(...), alignText='center', alignVert=method-wrapper(...), anchorHoriz='center', anchorVert='center', antialias=True, autoDraw=False, autoLog=True, bold=False, color=array([1., 1., 1.]), colorSpace='rgb', contrast=1.0, depth=-2.0, draggable=False, flipHoriz=False, flipVert=False, font='Arial', fontFiles=[], height=0.025, italic=False, languageStyle='LTR', name='textBlockInstructions', opacity=1, ori=0.0, pos=array([0., 0.]), rgb=UNKNOWN, text='', units='height', win=Window(...), wrapWidth=1)
9.3077 	EXP 	Created textEnd = TextStim(__class__=<class 'psychopy.visual.text.TextStim'>, alignHoriz=method-wrapper(...), alignText='center', alignVert=method-wrapper(...), anchorHoriz='center', anchorVert='center', antialias=True, autoDraw=False, autoLog=True, bold=False, color=array([1., 1., 1.]), colorSpace='rgb', contrast=1.0, depth=0.0, draggable=False, flipHoriz=False, flipVert=False, font='Arial', fontFiles=[], height=0.025, italic=False, languageStyle='LTR', name='textEnd', opacity=1, ori=0.0, pos=array([0., 0.]), rgb=UNKNOWN, text=str(...), units='height', win=Window(...), wrapWidth=1)
0.0028 	EXP 	New trial (rep=0, index=0): <Trial 0 (0 in rep 0) data={'thisN': 0, 'thisTrialN': 0, 'thisRepN': 0}>
0.0070 	EXP 	FixationCrossBlank800: autoDraw = True
0.7916 	EXP 	New trial (rep=1, index=0): <Trial 1 (0 in rep 1) data={'thisN': 1, 'thisTrialN': 0, 'thisRepN': 1}>
0.8030 	EXP 	FixationCrossBlank800: autoDraw = False
0.8030 	EXP 	FixationCrossBlank800: autoDraw = False
0.8030 	EXP 	FixationCrossBlank800: autoDraw = True
1.5911 	EXP 	New trial (rep=2, index=0): <Trial 2 (0 in rep 2) data={'thisN': 2, 'thisTrialN': 0, 'thisRepN': 2}>
1.6035 	EXP 	FixationCrossBlank800: autoDraw = False
1.6035 	EXP 	FixationCrossBlank800: autoDraw = False
1.6035 	EXP 	FixationCrossBlank800: autoDraw = True
2.3918 	EXP 	New trial (rep=3, index=0): <Trial 3 (0 in rep 3) data={'thisN': 3, 'thisTrialN': 0, 'thisRepN': 3}>
2.4017 	EXP 	FixationCrossBlank800: autoDraw = False
2.4017 	EXP 	FixationCrossBlank800: autoDraw = False
2.4017 	EXP 	FixationCrossBlank800: autoDraw = True
3.1934 	EXP 	New trial (rep=0, index=0): <Trial 0 (0 in rep 0) data={'thisN': 0, 'thisTrialN': 0, 'thisRepN': 0}>
3.2017 	EXP 	FixationCrossBlank800: autoDraw = False
3.2017 	EXP 	FixationCrossBlank800: autoDraw = False
3.2017 	EXP 	FixationCrossBlank800: autoDraw = True
3.9924 	EXP 	New trial (rep=1, index=0): <Trial 1 (0 in rep 1) data={'thisN': 1, 'thisTrialN': 0, 'thisRepN': 1}>
4.0036 	EXP 	FixationCrossBlank800: autoDraw = False
4.0036 	EXP 	FixationCrossBlank800: autoDraw = False
4.0036 	EXP 	FixationCrossBlank800: autoDraw = True
4.7917 	EXP 	New trial (rep=2, index=0): <Trial 2 (0 in rep 2) data={'thisN': 2, 'thisTrialN': 0, 'thisRepN': 2}>
4.8023 	EXP 	FixationCrossBlank800: autoDraw = False
4.8023 	EXP 	FixationCrossBlank800: autoDraw = False
4.8023 	EXP 	FixationCrossBlank800: autoDraw = True
5.5915 	EXP 	New trial (rep=3, index=0): <Trial 3 (0 in rep 3) data={'thisN': 3, 'thisTrialN': 0, 'thisRepN': 3}>
5.6024 	EXP 	FixationCrossBlank800: autoDraw = False
5.6024 	EXP 	FixationCrossBlank800: autoDraw = False
5.6024 	EXP 	FixationCrossBlank800: autoDraw = True
6.3987 	EXP 	Imported practiceLoopConditionsTeamprojekt.xlsx as conditions, 12 conditions, 2 params
6.3991 	EXP 	New trial (rep=0, index=0): <Trial 0 (0 in rep 0) data={'conditions_practice': 'Portal', 'ISI_practice': 0.16, 'thisN': 0, 'thisTrialN': 0, 'thisRepN': 0}>
6.4023 	EXP 	FixationCrossBlank800: autoDraw = False
6.4023 	EXP 	FixationCrossBlank800: autoDraw = False
6.4023 	EXP 	FixationCrossBlank800: autoDraw = True
7.1916 	EXP 	New trial (rep=0, index=1): <Trial 1 (1 in rep 0) data={'conditions_practice': 'Standard', 'ISI_practice': 0, 'thisN': 1, 'thisTrialN': 1, 'thisRepN': 0}>
7.2023 	EXP 	FixationCrossBlank800: autoDraw = False
7.2023 	EXP 	FixationCrossBlank800: autoDraw = False
7.2023 	EXP 	FixationCrossBlank800: autoDraw = True
7.9917 	EXP 	New trial (rep=0, index=2): <Trial 2 (2 in rep 0) data={'conditions_practice': 'Portal', 'ISI_practice': 0, 'thisN': 2, 'thisTrialN': 2, 'thisRepN': 0}>
8.0024 	EXP 	FixationCrossBlank800: autoDraw = False
8.0024 	EXP 	FixationCrossBlank800: autoDraw = False
8.0024 	EXP 	FixationCrossBlank800: autoDraw = True
8.7921 	EXP 	New trial (rep=0, index=3): <Trial 3 (3 in rep 0) data={'conditions_practice': 'Standard', 'ISI_practice': 0.02, 'thisN': 3, 'thisTrialN': 3, 'thisRepN': 0}>
8.8031 	EXP 	FixationCrossBlank800: autoDraw = False
8.8031 	EXP 	FixationCrossBlank800: autoDraw = False
8.8031 	EXP 	FixationCrossBlank800: autoDraw = True
9.5932 	EXP 	New trial (rep=0, index=4): <Trial 4 (4 in rep 0) data={'conditions_practice': 'Barrier', 'ISI_practice': 0, 'thisN': 4, 'thisTrialN': 4, 'thisRepN': 0}>
9.6036 	EXP 	FixationCrossBlank800: autoDraw = False
9.6036 	EXP 	FixationCrossBlank800: autoDraw = False
9.6036 	EXP 	FixationCrossBlank800: autoDraw = True
10.3914 	EXP 	New trial (rep=0, index=5): <Trial 5 (5 in rep 0) data={'conditions_practice': 'Standard', 'ISI_practice': 0.08, 'thisN': 5, 'thisTrialN': 5, 'thisRepN': 0}>
10.4020 	EXP 	FixationCrossBlank800: autoDraw = False
10.4020 	EXP 	FixationCrossBlank800: autoDraw = False
10.4020 	EXP 	FixationCrossBlank800: autoDraw = True
11.1913 	EXP 	New trial (rep=0, index=6): <Trial 6 (6 in rep 0) data={'conditions_practice': 'Standard', 'ISI_practice': 0.16, 'thisN': 6, 'thisTrialN': 6, 'thisRepN': 0}>
11.2030 	EXP 	FixationCrossBlank800: autoDraw = False
11.2030 	EXP 	FixationCrossBlank800: autoDraw = False
11.2030 	EXP 	FixationCrossBlank800: autoDraw = True
11.9923 	EXP 	New trial (rep=0, index=7): <Trial 7 (7 in rep 0) data={'conditions_practice': 'Barrier', 'ISI_practice': 0.08, 'thisN': 7, 'thisTrialN': 7, 'thisRepN': 0}>
12.0031 	EXP 	FixationCrossBlank800: autoDraw = False
12.0031 	EXP 	FixationCrossBlank800: autoDraw = False
12.0031 	EXP 	FixationCrossBlank800: autoDraw = True
12.7919 	EXP 	New trial (rep=0, index=8): <Trial 8 (8 in rep 0) data={'conditions_practice': 'Barrier', 'ISI_practice': 0.02, 'thisN': 8, 'thisTrialN': 8, 'thisRepN': 0}>
12.8026 	EXP 	FixationCrossBlank800: autoDraw = False
12.8026 	EXP 	FixationCrossBlank800: autoDraw = False
12.8026 	EXP 	FixationCrossBlank800: autoDraw = True
13.5914 	EXP 	New trial (rep=0, index=9): <Trial 9 (9 in rep 0) data={'conditions_practice': 'Barrier', 'ISI_practice': 0.16, 'thisN': 9, 'thisTrialN': 9, 'thisRepN': 0}>
13.6027 	EXP 	FixationCrossBlank800: autoDraw = False
13.6027 	EXP 	FixationCrossBlank800: autoDraw = False
13.6027 	EXP 	FixationCrossBlank800: autoDraw = True
14.3917 	EXP 	New trial (rep=0, index=10): <Trial 10 (10 in rep 0) data={'conditions_practice': 'Portal', 'ISI_practice': 0.08, 'thisN': 10, 'thisTrialN': 10, 'thisRepN': 0}>
14.4018 	EXP 	FixationCrossBlank800: autoDraw = False
14.4018 	EXP 	FixationCrossBlank800: autoDraw = False
14.4018 	EXP 	FixationCrossBlank800: autoDraw = True
15.1915 	EXP 	New trial (rep=0, index=11): <Trial 11 (11 in rep 0) data={'conditions_practice': 'Portal', 'ISI_practice': 0.02, 'thisN': 11, 'thisTrialN': 11, 'thisRepN': 0}>
15.2020 	EXP 	FixationCrossBlank800: autoDraw = False
15.2020 	EXP 	FixationCrossBlank800: autoDraw = False
15.2020 	EXP 	FixationCrossBlank800: autoDraw = True
16.0019 	EXP 	FixationCrossBlank800: autoDraw = False
16.0019 	EXP 	FixationCrossBlank800: autoDraw = False
16.0019 	EXP 	textStartMessage: autoDraw = True
16.5018 	INFO 	Keyboard events cleared
33.1072 	EXP 	Device response: <KeyPress from None: t=33.09329129999969, value=space, duration=None>
33.1078 	EXP 	New trial (rep=0, index=0): <Trial 0 (0 in rep 0) data={'thisN': 0, 'thisTrialN': 0, 'thisRepN': 0}>
33.1145 	EXP 	Imported trialLoopConditionsTeamprojekt.xlsx as conditions, 18 conditions, 2 params
33.1148 	EXP 	New trial (rep=0, index=0): <Trial 0 (0 in rep 0) data={'condition': 'Portal', 'interstim_interval': 0, 'thisN': 0, 'thisTrialN': 0, 'thisRepN': 0}>
33.1211 	DATA 	Keypress: space
33.1241 	EXP 	textStartMessage: autoDraw = False
33.1241 	EXP 	portalLeft: fillColor = <psychopy.colors.Color: (-0.4, 0.37, -0.42, 1.0)>
33.1241 	EXP 	portalLeft: borderColor = <psychopy.colors.Color: (-0.4, 0.37, -0.42, 1.0)>
33.1241 	EXP 	portalRight: fillColor = <psychopy.colors.Color: (-0.4, 0.37, -0.42, 1.0)>
33.1241 	EXP 	portalRight: borderColor = <psychopy.colors.Color: (-0.4, 0.37, -0.42, 1.0)>
33.1241 	EXP 	Barrier: fillColor = <psychopy.colors.Color: (-0.4, 0.37, -0.42, 1.0)>
33.1241 	EXP 	Barrier: borderColor = <psychopy.colors.Color: (-0.4, 0.37, -0.42, 1.0)>
33.1241 	EXP 	ternusObjLeft: autoDraw = True
33.1241 	EXP 	ternusObjMiddle: autoDraw = True
33.1241 	EXP 	ternusObjRight: autoDraw = True
33.1241 	EXP 	FixationCross: autoDraw = True
33.1241 	EXP 	portalLeft: autoDraw = True
33.1241 	EXP 	portalRight: autoDraw = True
33.1241 	EXP 	Barrier: autoDraw = True
33.1927 	EXP 	Device response: <KeyPress from None: t=33.09329129999969, value=space, duration=0.09225970000261441>
34.1273 	EXP 	ternusObjLeft: autoDraw = False
34.1273 	EXP 	ternusObjMiddle: autoDraw = False
34.1273 	EXP 	ternusObjRight: autoDraw = False
34.1273 	EXP 	FixationCross: autoDraw = False
34.1273 	EXP 	portalLeft: autoDraw = False
34.1273 	EXP 	portalRight: autoDraw = False
34.1273 	EXP 	Barrier: autoDraw = False
34.1273 	EXP 	ternusObjLeft: autoDraw = False
34.1273 	EXP 	ternusObjMiddle: autoDraw = False
34.1273 	EXP 	ternusObjRight: autoDraw = False
34.1273 	EXP 	FixationCross: autoDraw = False
34.1273 	EXP 	portalLeft: autoDraw = False
34.1273 	EXP 	portalRight: autoDraw = False
34.1273 	EXP 	Barrier: autoDraw = False
34.1273 	EXP 	FixationCrossBlank: autoDraw = True
34.1273 	EXP 	FixationCrossBlank: autoDraw = False
34.1273 	EXP 	FixationCrossBlank: autoDraw = False
34.1273 	EXP 	ternusObjLeft_2: fillColor = <psychopy.colors.Color: black, alpha=1.0>
34.1273 	EXP 	ternusObjLeft_2: borderColor = <psychopy.colors.Color: black, alpha=1.0>
34.1273 	EXP 	ternusObjRight_2: fillColor = <psychopy.colors.Color: (-0.4, 0.37, -0.42, 1.0)>
34.1273 	EXP 	ternusObjRight_2: borderColor = <psychopy.colors.Color: (-0.4, 0.37, -0.42, 1.0)>
34.1273 	EXP 	portalLeft_2: fillColor = <psychopy.colors.Color: (-0.4, 0.37, -0.42, 1.0)>
34.1273 	EXP 	portalLeft_2: borderColor = <psychopy.colors.Color: (-0.4, 0.37, -0.42, 1.0)>
34.1273 	EXP 	portalRight_2: fillColor = <psychopy.colors.Color: (-0.4, 0.37, -0.42, 1.0)>
34.1273 	EXP 	portalRight_2: borderColor = <psychopy.colors.Color: (-0.4, 0.37, -0.42, 1.0)>
34.1273 	EXP 	Barrier_2: fillColor = <psychopy.colors.Color: (-0.4, 0.37, -0.42, 1.0)>
34.1273 	EXP 	Barrier_2: borderColor = <psychopy.colors.Color: (-0.4, 0.37, -0.42, 1.0)>
34.1273 	EXP 	ternusObjLeft_2: autoDraw = True
34.1273 	EXP 	ternusObjMiddle_2: autoDraw = True
34.1273 	EXP 	ternusObjRight_2: autoDraw = True
34.1273 	EXP 	FixationCross_2: autoDraw = True
34.1273 	EXP 	portalLeft_2: autoDraw = True
34.1273 	EXP 	portalRight_2: autoDraw = True
34.1273 	EXP 	Barrier_2: autoDraw = True
35.1136 	INFO 	Keyboard events cleared
35.1253 	EXP 	ternusObjLeft_2: autoDraw = False
35.1253 	EXP 	ternusObjMiddle_2: autoDraw = False
35.1253 	EXP 	ternusObjRight_2: autoDraw = False
35.1253 	EXP 	portalLeft_2: autoDraw = False
35.1253 	EXP 	portalRight_2: autoDraw = False
35.1253 	EXP 	Barrier_2: autoDraw = False
35.5692 	EXP 	Device response: <KeyPress from None: t=35.56695959996432, value=f, duration=None>
35.5699 	DATA 	Keypress: f
35.5803 	EXP 	ternusObjLeft_2: autoDraw = False
35.5803 	EXP 	ternusObjMiddle_2: autoDraw = False
35.5803 	EXP 	ternusObjRight_2: autoDraw = False
35.5803 	EXP 	FixationCross_2: autoDraw = False
35.5803 	EXP 	portalLeft_2: autoDraw = False
35.5803 	EXP 	portalRight_2: autoDraw = False
35.5803 	EXP 	Barrier_2: autoDraw = False
35.5803 	EXP 	FixationCrossBlank800: autoDraw = True
35.6918 	EXP 	Device response: <KeyPress from None: t=35.56695959996432, value=f, duration=0.1240442999987863>
36.3699 	EXP 	New trial (rep=0, index=1): <Trial 1 (1 in rep 0) data={'condition': 'Barrier', 'interstim_interval': 0.16, 'thisN': 1, 'thisTrialN': 1, 'thisRepN': 0}>
36.3801 	EXP 	FixationCrossBlank800: autoDraw = False
36.3801 	EXP 	portalLeft: fillColor = <psychopy.colors.Color: (0.3, -0.33, -0.69, 1.0)>
36.3801 	EXP 	portalLeft: borderColor = <psychopy.colors.Color: (0.3, -0.33, -0.69, 1.0)>
36.3801 	EXP 	portalRight: fillColor = <psychopy.colors.Color: (0.3, -0.33, -0.69, 1.0)>
36.3801 	EXP 	portalRight: borderColor = <psychopy.colors.Color: (0.3, -0.33, -0.69, 1.0)>
36.3801 	EXP 	Barrier: fillColor = <psychopy.colors.Color: (0.3, -0.33, -0.69, 1.0)>
36.3801 	EXP 	Barrier: borderColor = <psychopy.colors.Color: (0.3, -0.33, -0.69, 1.0)>
36.3801 	EXP 	ternusObjLeft: autoDraw = True
36.3801 	EXP 	ternusObjMiddle: autoDraw = True
36.3801 	EXP 	ternusObjRight: autoDraw = True
36.3801 	EXP 	FixationCross: autoDraw = True
36.3801 	EXP 	portalLeft: autoDraw = True
36.3801 	EXP 	portalRight: autoDraw = True
36.3801 	EXP 	Barrier: autoDraw = True
37.3805 	EXP 	ternusObjLeft: autoDraw = False
37.3805 	EXP 	ternusObjMiddle: autoDraw = False
37.3805 	EXP 	ternusObjRight: autoDraw = False
37.3805 	EXP 	FixationCross: autoDraw = False
37.3805 	EXP 	portalLeft: autoDraw = False
37.3805 	EXP 	portalRight: autoDraw = False
37.3805 	EXP 	Barrier: autoDraw = False
37.3805 	EXP 	ternusObjLeft: autoDraw = False
37.3805 	EXP 	ternusObjMiddle: autoDraw = False
37.3805 	EXP 	ternusObjRight: autoDraw = False
37.3805 	EXP 	FixationCross: autoDraw = False
37.3805 	EXP 	portalLeft: autoDraw = False
37.3805 	EXP 	portalRight: autoDraw = False
37.3805 	EXP 	Barrier: autoDraw = False
37.3805 	EXP 	FixationCrossBlank: autoDraw = True
37.5365 	EXP 	FixationCrossBlank: autoDraw = False
37.5365 	EXP 	FixationCrossBlank: autoDraw = False
37.5365 	EXP 	ternusObjLeft_2: fillColor = <psychopy.colors.Color: black, alpha=1.0>
37.5365 	EXP 	ternusObjLeft_2: borderColor = <psychopy.colors.Color: black, alpha=1.0>
37.5365 	EXP 	ternusObjRight_2: fillColor = <psychopy.colors.Color: (0.3, -0.33, -0.69, 1.0)>
37.5365 	EXP 	ternusObjRight_2: borderColor = <psychopy.colors.Color: (0.3, -0.33, -0.69, 1.0)>
37.5365 	EXP 	portalLeft_2: fillColor = <psychopy.colors.Color: (0.3, -0.33, -0.69, 1.0)>
37.5365 	EXP 	portalLeft_2: borderColor = <psychopy.colors.Color: (0.3, -0.33, -0.69, 1.0)>
37.5365 	EXP 	portalRight_2: fillColor = <psychopy.colors.Color: (0.3, -0.33, -0.69, 1.0)>
37.5365 	EXP 	portalRight_2: borderColor = <psychopy.colors.Color: (0.3, -0.33, -0.69, 1.0)>
37.5365 	EXP 	Barrier_2: fillColor = <psychopy.colors.Color: (0.3, -0.33, -0.69, 1.0)>
37.5365 	EXP 	Barrier_2: borderColor = <psychopy.colors.Color: (0.3, -0.33, -0.69, 1.0)>
37.5365 	EXP 	ternusObjLeft_2: autoDraw = True
37.5365 	EXP 	ternusObjMiddle_2: autoDraw = True
37.5365 	EXP 	ternusObjRight_2: autoDraw = True
37.5365 	EXP 	FixationCross_2: autoDraw = True
37.5365 	EXP 	portalLeft_2: autoDraw = True
37.5365 	EXP 	portalRight_2: autoDraw = True
37.5365 	EXP 	Barrier_2: autoDraw = True
38.5255 	INFO 	Keyboard events cleared
38.5355 	EXP 	ternusObjLeft_2: autoDraw = False
38.5355 	EXP 	ternusObjMiddle_2: autoDraw = False
38.5355 	EXP 	ternusObjRight_2: autoDraw = False
38.5355 	EXP 	portalLeft_2: autoDraw = False
38.5355 	EXP 	portalRight_2: autoDraw = False
38.5355 	EXP 	Barrier_2: autoDraw = False
38.9149 	EXP 	Device response: <KeyPress from None: t=38.906781299971044, value=f, duration=None>
38.9159 	DATA 	Keypress: f
38.9245 	EXP 	ternusObjLeft_2: autoDraw = False
38.9245 	EXP 	ternusObjMiddle_2: autoDraw = False
38.9245 	EXP 	ternusObjRight_2: autoDraw = False
38.9245 	EXP 	FixationCross_2: autoDraw = False
38.9245 	EXP 	portalLeft_2: autoDraw = False
38.9245 	EXP 	portalRight_2: autoDraw = False
38.9245 	EXP 	Barrier_2: autoDraw = False
38.9245 	EXP 	FixationCrossBlank800: autoDraw = True
39.0474 	EXP 	Device response: <KeyPress from None: t=38.906781299971044, value=f, duration=0.13203199999406934>
39.7146 	EXP 	New trial (rep=0, index=2): <Trial 2 (2 in rep 0) data={'condition': 'Portal', 'interstim_interval': 0.02, 'thisN': 2, 'thisTrialN': 2, 'thisRepN': 0}>
39.7243 	EXP 	FixationCrossBlank800: autoDraw = False
39.7243 	EXP 	FixationCrossBlank800: autoDraw = False
39.7243 	EXP 	portalLeft: fillColor = <psychopy.colors.Color: (0.94, 0.01, 0.5, 1.0)>
39.7243 	EXP 	portalLeft: borderColor = <psychopy.colors.Color: (0.94, 0.01, 0.5, 1.0)>
39.7243 	EXP 	portalRight: fillColor = <psychopy.colors.Color: (0.94, 0.01, 0.5, 1.0)>
39.7243 	EXP 	portalRight: borderColor = <psychopy.colors.Color: (0.94, 0.01, 0.5, 1.0)>
39.7243 	EXP 	Barrier: fillColor = <psychopy.colors.Color: (0.94, 0.01, 0.5, 1.0)>
39.7243 	EXP 	Barrier: borderColor = <psychopy.colors.Color: (0.94, 0.01, 0.5, 1.0)>
39.7243 	EXP 	ternusObjLeft: autoDraw = True
39.7243 	EXP 	ternusObjMiddle: autoDraw = True
39.7243 	EXP 	ternusObjRight: autoDraw = True
39.7243 	EXP 	FixationCross: autoDraw = True
39.7243 	EXP 	portalLeft: autoDraw = True
39.7243 	EXP 	portalRight: autoDraw = True
39.7243 	EXP 	Barrier: autoDraw = True
40.7253 	EXP 	ternusObjLeft: autoDraw = False
40.7253 	EXP 	ternusObjMiddle: autoDraw = False
40.7253 	EXP 	ternusObjRight: autoDraw = False
40.7253 	EXP 	FixationCross: autoDraw = False
40.7253 	EXP 	portalLeft: autoDraw = False
40.7253 	EXP 	portalRight: autoDraw = False
40.7253 	EXP 	Barrier: autoDraw = False
40.7253 	EXP 	ternusObjLeft: autoDraw = False
40.7253 	EXP 	ternusObjMiddle: autoDraw = False
40.7253 	EXP 	ternusObjRight: autoDraw = False
40.7253 	EXP 	FixationCross: autoDraw = False
40.7253 	EXP 	portalLeft: autoDraw = False
40.7253 	EXP 	portalRight: autoDraw = False
40.7253 	EXP 	Barrier: autoDraw = False
40.7253 	EXP 	FixationCrossBlank: autoDraw = True
40.7474 	EXP 	FixationCrossBlank: autoDraw = False
40.7474 	EXP 	FixationCrossBlank: autoDraw = False
40.7474 	EXP 	ternusObjLeft_2: fillColor = <psychopy.colors.Color: (0.94, 0.01, 0.5, 1.0)>
40.7474 	EXP 	ternusObjLeft_2: borderColor = <psychopy.colors.Color: (0.94, 0.01, 0.5, 1.0)>
40.7474 	EXP 	ternusObjRight_2: fillColor = <psychopy.colors.Color: black, alpha=1.0>
40.7474 	EXP 	ternusObjRight_2: borderColor = <psychopy.colors.Color: black, alpha=1.0>
40.7474 	EXP 	portalLeft_2: fillColor = <psychopy.colors.Color: (0.94, 0.01, 0.5, 1.0)>
40.7474 	EXP 	portalLeft_2: borderColor = <psychopy.colors.Color: (0.94, 0.01, 0.5, 1.0)>
40.7474 	EXP 	portalRight_2: fillColor = <psychopy.colors.Color: (0.94, 0.01, 0.5, 1.0)>
40.7474 	EXP 	portalRight_2: borderColor = <psychopy.colors.Color: (0.94, 0.01, 0.5, 1.0)>
40.7474 	EXP 	Barrier_2: fillColor = <psychopy.colors.Color: (0.94, 0.01, 0.5, 1.0)>
40.7474 	EXP 	Barrier_2: borderColor = <psychopy.colors.Color: (0.94, 0.01, 0.5, 1.0)>
40.7474 	EXP 	ternusObjLeft_2: autoDraw = True
40.7474 	EXP 	ternusObjMiddle_2: autoDraw = True
40.7474 	EXP 	ternusObjRight_2: autoDraw = True
40.7474 	EXP 	FixationCross_2: autoDraw = True
40.7474 	EXP 	portalLeft_2: autoDraw = True
40.7474 	EXP 	portalRight_2: autoDraw = True
40.7474 	EXP 	Barrier_2: autoDraw = True
41.7354 	INFO 	Keyboard events cleared
41.7475 	EXP 	ternusObjLeft_2: autoDraw = False
41.7475 	EXP 	ternusObjMiddle_2: autoDraw = False
41.7475 	EXP 	ternusObjRight_2: autoDraw = False
41.7475 	EXP 	portalLeft_2: autoDraw = False
41.7475 	EXP 	portalRight_2: autoDraw = False
41.7475 	EXP 	Barrier_2: autoDraw = False
42.3041 	EXP 	Device response: <KeyPress from None: t=42.29327500000363, value=f, duration=None>
42.3052 	DATA 	Keypress: f
42.3133 	EXP 	ternusObjLeft_2: autoDraw = False
42.3133 	EXP 	ternusObjMiddle_2: autoDraw = False
42.3133 	EXP 	ternusObjRight_2: autoDraw = False
42.3133 	EXP 	FixationCross_2: autoDraw = False
42.3133 	EXP 	portalLeft_2: autoDraw = False
42.3133 	EXP 	portalRight_2: autoDraw = False
42.3133 	EXP 	Barrier_2: autoDraw = False
42.3133 	EXP 	FixationCrossBlank800: autoDraw = True
42.4138 	EXP 	Device response: <KeyPress from None: t=42.29327500000363, value=f, duration=0.11713979998603463>
43.1026 	EXP 	New trial (rep=0, index=3): <Trial 3 (3 in rep 0) data={'condition': 'Barrier', 'interstim_interval': 0.02, 'thisN': 3, 'thisTrialN': 3, 'thisRepN': 0}>
43.1130 	EXP 	FixationCrossBlank800: autoDraw = False
43.1130 	EXP 	FixationCrossBlank800: autoDraw = False
43.1130 	EXP 	portalLeft: fillColor = <psychopy.colors.Color: (-0.79, 0.24, -0.07, 1.0)>
43.1130 	EXP 	portalLeft: borderColor = <psychopy.colors.Color: (-0.79, 0.24, -0.07, 1.0)>
43.1130 	EXP 	portalRight: fillColor = <psychopy.colors.Color: (-0.79, 0.24, -0.07, 1.0)>
43.1130 	EXP 	portalRight: borderColor = <psychopy.colors.Color: (-0.79, 0.24, -0.07, 1.0)>
43.1130 	EXP 	Barrier: fillColor = <psychopy.colors.Color: (-0.79, 0.24, -0.07, 1.0)>
43.1130 	EXP 	Barrier: borderColor = <psychopy.colors.Color: (-0.79, 0.24, -0.07, 1.0)>
43.1130 	EXP 	ternusObjLeft: autoDraw = True
43.1130 	EXP 	ternusObjMiddle: autoDraw = True
43.1130 	EXP 	ternusObjRight: autoDraw = True
43.1130 	EXP 	FixationCross: autoDraw = True
43.1130 	EXP 	portalLeft: autoDraw = True
43.1130 	EXP 	portalRight: autoDraw = True
43.1130 	EXP 	Barrier: autoDraw = True
44.1130 	EXP 	ternusObjLeft: autoDraw = False
44.1130 	EXP 	ternusObjMiddle: autoDraw = False
44.1130 	EXP 	ternusObjRight: autoDraw = False
44.1130 	EXP 	FixationCross: autoDraw = False
44.1130 	EXP 	portalLeft: autoDraw = False
44.1130 	EXP 	portalRight: autoDraw = False
44.1130 	EXP 	Barrier: autoDraw = False
44.1130 	EXP 	ternusObjLeft: autoDraw = False
44.1130 	EXP 	ternusObjMiddle: autoDraw = False
44.1130 	EXP 	ternusObjRight: autoDraw = False
44.1130 	EXP 	FixationCross: autoDraw = False
44.1130 	EXP 	portalLeft: autoDraw = False
44.1130 	EXP 	portalRight: autoDraw = False
44.1130 	EXP 	Barrier: autoDraw = False
44.1130 	EXP 	FixationCrossBlank: autoDraw = True
44.1357 	EXP 	FixationCrossBlank: autoDraw = False
44.1357 	EXP 	FixationCrossBlank: autoDraw = False
44.1357 	EXP 	ternusObjLeft_2: fillColor = <psychopy.colors.Color: black, alpha=1.0>
44.1357 	EXP 	ternusObjLeft_2: borderColor = <psychopy.colors.Color: black, alpha=1.0>
44.1357 	EXP 	ternusObjRight_2: fillColor = <psychopy.colors.Color: (-0.79, 0.24, -0.07, 1.0)>
44.1357 	EXP 	ternusObjRight_2: borderColor = <psychopy.colors.Color: (-0.79, 0.24, -0.07, 1.0)>
44.1357 	EXP 	portalLeft_2: fillColor = <psychopy.colors.Color: (-0.79, 0.24, -0.07, 1.0)>
44.1357 	EXP 	portalLeft_2: borderColor = <psychopy.colors.Color: (-0.79, 0.24, -0.07, 1.0)>
44.1357 	EXP 	portalRight_2: fillColor = <psychopy.colors.Color: (-0.79, 0.24, -0.07, 1.0)>
44.1357 	EXP 	portalRight_2: borderColor = <psychopy.colors.Color: (-0.79, 0.24, -0.07, 1.0)>
44.1357 	EXP 	Barrier_2: fillColor = <psychopy.colors.Color: (-0.79, 0.24, -0.07, 1.0)>
44.1357 	EXP 	Barrier_2: borderColor = <psychopy.colors.Color: (-0.79, 0.24, -0.07, 1.0)>
44.1357 	EXP 	ternusObjLeft_2: autoDraw = True
44.1357 	EXP 	ternusObjMiddle_2: autoDraw = True
44.1357 	EXP 	ternusObjRight_2: autoDraw = True
44.1357 	EXP 	FixationCross_2: autoDraw = True
44.1357 	EXP 	portalLeft_2: autoDraw = True
44.1357 	EXP 	portalRight_2: autoDraw = True
44.1357 	EXP 	Barrier_2: autoDraw = True
45.1250 	INFO 	Keyboard events cleared
45.1361 	EXP 	ternusObjLeft_2: autoDraw = False
45.1361 	EXP 	ternusObjMiddle_2: autoDraw = False
45.1361 	EXP 	ternusObjRight_2: autoDraw = False
45.1361 	EXP 	portalLeft_2: autoDraw = False
45.1361 	EXP 	portalRight_2: autoDraw = False
45.1361 	EXP 	Barrier_2: autoDraw = False
45.5920 	EXP 	Device response: <KeyPress from None: t=45.59033159998944, value=j, duration=None>
45.5929 	DATA 	Keypress: j
45.6018 	EXP 	ternusObjLeft_2: autoDraw = False
45.6018 	EXP 	ternusObjMiddle_2: autoDraw = False
45.6018 	EXP 	ternusObjRight_2: autoDraw = False
45.6018 	EXP 	FixationCross_2: autoDraw = False
45.6018 	EXP 	portalLeft_2: autoDraw = False
45.6018 	EXP 	portalRight_2: autoDraw = False
45.6018 	EXP 	Barrier_2: autoDraw = False
45.6018 	EXP 	FixationCrossBlank800: autoDraw = True
45.7146 	EXP 	Device response: <KeyPress from None: t=45.59033159998944, value=j, duration=0.11348359996918589>
46.3910 	EXP 	New trial (rep=0, index=4): <Trial 4 (4 in rep 0) data={'condition': 'Portal', 'interstim_interval': 0.08, 'thisN': 4, 'thisTrialN': 4, 'thisRepN': 0}>
46.4017 	EXP 	FixationCrossBlank800: autoDraw = False
46.4017 	EXP 	FixationCrossBlank800: autoDraw = False
46.4017 	EXP 	portalLeft: fillColor = <psychopy.colors.Color: (0.3, -0.33, -0.69, 1.0)>
46.4017 	EXP 	portalLeft: borderColor = <psychopy.colors.Color: (0.3, -0.33, -0.69, 1.0)>
46.4017 	EXP 	portalRight: fillColor = <psychopy.colors.Color: (0.3, -0.33, -0.69, 1.0)>
46.4017 	EXP 	portalRight: borderColor = <psychopy.colors.Color: (0.3, -0.33, -0.69, 1.0)>
46.4017 	EXP 	Barrier: fillColor = <psychopy.colors.Color: (0.3, -0.33, -0.69, 1.0)>
46.4017 	EXP 	Barrier: borderColor = <psychopy.colors.Color: (0.3, -0.33, -0.69, 1.0)>
46.4017 	EXP 	ternusObjLeft: autoDraw = True
46.4017 	EXP 	ternusObjMiddle: autoDraw = True
46.4017 	EXP 	ternusObjRight: autoDraw = True
46.4017 	EXP 	FixationCross: autoDraw = True
46.4017 	EXP 	portalLeft: autoDraw = True
46.4017 	EXP 	portalRight: autoDraw = True
46.4017 	EXP 	Barrier: autoDraw = True
47.4028 	EXP 	ternusObjLeft: autoDraw = False
47.4028 	EXP 	ternusObjMiddle: autoDraw = False
47.4028 	EXP 	ternusObjRight: autoDraw = False
47.4028 	EXP 	FixationCross: autoDraw = False
47.4028 	EXP 	portalLeft: autoDraw = False
47.4028 	EXP 	portalRight: autoDraw = False
47.4028 	EXP 	Barrier: autoDraw = False
47.4028 	EXP 	ternusObjLeft: autoDraw = False
47.4028 	EXP 	ternusObjMiddle: autoDraw = False
47.4028 	EXP 	ternusObjRight: autoDraw = False
47.4028 	EXP 	FixationCross: autoDraw = False
47.4028 	EXP 	portalLeft: autoDraw = False
47.4028 	EXP 	portalRight: autoDraw = False
47.4028 	EXP 	Barrier: autoDraw = False
47.4028 	EXP 	FixationCrossBlank: autoDraw = True
47.4799 	EXP 	FixationCrossBlank: autoDraw = False
47.4799 	EXP 	FixationCrossBlank: autoDraw = False
47.4799 	EXP 	ternusObjLeft_2: fillColor = <psychopy.colors.Color: (0.3, -0.33, -0.69, 1.0)>
47.4799 	EXP 	ternusObjLeft_2: borderColor = <psychopy.colors.Color: (0.3, -0.33, -0.69, 1.0)>
47.4799 	EXP 	ternusObjRight_2: fillColor = <psychopy.colors.Color: black, alpha=1.0>
47.4799 	EXP 	ternusObjRight_2: borderColor = <psychopy.colors.Color: black, alpha=1.0>
47.4799 	EXP 	portalLeft_2: fillColor = <psychopy.colors.Color: (0.3, -0.33, -0.69, 1.0)>
47.4799 	EXP 	portalLeft_2: borderColor = <psychopy.colors.Color: (0.3, -0.33, -0.69, 1.0)>
47.4799 	EXP 	portalRight_2: fillColor = <psychopy.colors.Color: (0.3, -0.33, -0.69, 1.0)>
47.4799 	EXP 	portalRight_2: borderColor = <psychopy.colors.Color: (0.3, -0.33, -0.69, 1.0)>
47.4799 	EXP 	Barrier_2: fillColor = <psychopy.colors.Color: (0.3, -0.33, -0.69, 1.0)>
47.4799 	EXP 	Barrier_2: borderColor = <psychopy.colors.Color: (0.3, -0.33, -0.69, 1.0)>
47.4799 	EXP 	ternusObjLeft_2: autoDraw = True
47.4799 	EXP 	ternusObjMiddle_2: autoDraw = True
47.4799 	EXP 	ternusObjRight_2: autoDraw = True
47.4799 	EXP 	FixationCross_2: autoDraw = True
47.4799 	EXP 	portalLeft_2: autoDraw = True
47.4799 	EXP 	portalRight_2: autoDraw = True
47.4799 	EXP 	Barrier_2: autoDraw = True
48.4694 	INFO 	Keyboard events cleared
48.4795 	EXP 	ternusObjLeft_2: autoDraw = False
48.4795 	EXP 	ternusObjMiddle_2: autoDraw = False
48.4795 	EXP 	ternusObjRight_2: autoDraw = False
48.4795 	EXP 	portalLeft_2: autoDraw = False
48.4795 	EXP 	portalRight_2: autoDraw = False
48.4795 	EXP 	Barrier_2: autoDraw = False
48.8363 	EXP 	Device response: <KeyPress from None: t=48.82657409994863, value=f, duration=None>
48.8370 	DATA 	Keypress: f
48.8471 	EXP 	ternusObjLeft_2: autoDraw = False
48.8471 	EXP 	ternusObjMiddle_2: autoDraw = False
48.8471 	EXP 	ternusObjRight_2: autoDraw = False
48.8471 	EXP 	FixationCross_2: autoDraw = False
48.8471 	EXP 	portalLeft_2: autoDraw = False
48.8471 	EXP 	portalRight_2: autoDraw = False
48.8471 	EXP 	Barrier_2: autoDraw = False
48.8471 	EXP 	FixationCrossBlank800: autoDraw = True
48.9467 	EXP 	Device response: <KeyPress from None: t=48.82657409994863, value=f, duration=0.1136943000019528>
49.6363 	EXP 	New trial (rep=0, index=5): <Trial 5 (5 in rep 0) data={'condition': 'Barrier', 'interstim_interval': 0.01, 'thisN': 5, 'thisTrialN': 5, 'thisRepN': 0}>
49.6468 	EXP 	FixationCrossBlank800: autoDraw = False
49.6468 	EXP 	FixationCrossBlank800: autoDraw = False
49.6468 	EXP 	portalLeft: fillColor = <psychopy.colors.Color: (0.94, 0.01, 0.5, 1.0)>
49.6468 	EXP 	portalLeft: borderColor = <psychopy.colors.Color: (0.94, 0.01, 0.5, 1.0)>
49.6468 	EXP 	portalRight: fillColor = <psychopy.colors.Color: (0.94, 0.01, 0.5, 1.0)>
49.6468 	EXP 	portalRight: borderColor = <psychopy.colors.Color: (0.94, 0.01, 0.5, 1.0)>
49.6468 	EXP 	Barrier: fillColor = <psychopy.colors.Color: (0.94, 0.01, 0.5, 1.0)>
49.6468 	EXP 	Barrier: borderColor = <psychopy.colors.Color: (0.94, 0.01, 0.5, 1.0)>
49.6468 	EXP 	ternusObjLeft: autoDraw = True
49.6468 	EXP 	ternusObjMiddle: autoDraw = True
49.6468 	EXP 	ternusObjRight: autoDraw = True
49.6468 	EXP 	FixationCross: autoDraw = True
49.6468 	EXP 	portalLeft: autoDraw = True
49.6468 	EXP 	portalRight: autoDraw = True
49.6468 	EXP 	Barrier: autoDraw = True
50.6460 	EXP 	ternusObjLeft: autoDraw = False
50.6460 	EXP 	ternusObjMiddle: autoDraw = False
50.6460 	EXP 	ternusObjRight: autoDraw = False
50.6460 	EXP 	FixationCross: autoDraw = False
50.6460 	EXP 	portalLeft: autoDraw = False
50.6460 	EXP 	portalRight: autoDraw = False
50.6460 	EXP 	Barrier: autoDraw = False
50.6460 	EXP 	ternusObjLeft: autoDraw = False
50.6460 	EXP 	ternusObjMiddle: autoDraw = False
50.6460 	EXP 	ternusObjRight: autoDraw = False
50.6460 	EXP 	FixationCross: autoDraw = False
50.6460 	EXP 	portalLeft: autoDraw = False
50.6460 	EXP 	portalRight: autoDraw = False
50.6460 	EXP 	Barrier: autoDraw = False
50.6460 	EXP 	FixationCrossBlank: autoDraw = True
50.6581 	EXP 	FixationCrossBlank: autoDraw = False
50.6581 	EXP 	FixationCrossBlank: autoDraw = False
50.6581 	EXP 	ternusObjLeft_2: fillColor = <psychopy.colors.Color: black, alpha=1.0>
50.6581 	EXP 	ternusObjLeft_2: borderColor = <psychopy.colors.Color: black, alpha=1.0>
50.6581 	EXP 	ternusObjRight_2: fillColor = <psychopy.colors.Color: (0.94, 0.01, 0.5, 1.0)>
50.6581 	EXP 	ternusObjRight_2: borderColor = <psychopy.colors.Color: (0.94, 0.01, 0.5, 1.0)>
50.6581 	EXP 	portalLeft_2: fillColor = <psychopy.colors.Color: (0.94, 0.01, 0.5, 1.0)>
50.6581 	EXP 	portalLeft_2: borderColor = <psychopy.colors.Color: (0.94, 0.01, 0.5, 1.0)>
50.6581 	EXP 	portalRight_2: fillColor = <psychopy.colors.Color: (0.94, 0.01, 0.5, 1.0)>
50.6581 	EXP 	portalRight_2: borderColor = <psychopy.colors.Color: (0.94, 0.01, 0.5, 1.0)>
50.6581 	EXP 	Barrier_2: fillColor = <psychopy.colors.Color: (0.94, 0.01, 0.5, 1.0)>
50.6581 	EXP 	Barrier_2: borderColor = <psychopy.colors.Color: (0.94, 0.01, 0.5, 1.0)>
50.6581 	EXP 	ternusObjLeft_2: autoDraw = True
50.6581 	EXP 	ternusObjMiddle_2: autoDraw = True
50.6581 	EXP 	ternusObjRight_2: autoDraw = True
50.6581 	EXP 	FixationCross_2: autoDraw = True
50.6581 	EXP 	portalLeft_2: autoDraw = True
50.6581 	EXP 	portalRight_2: autoDraw = True
50.6581 	EXP 	Barrier_2: autoDraw = True
51.6472 	INFO 	Keyboard events cleared
51.6580 	EXP 	ternusObjLeft_2: autoDraw = False
51.6580 	EXP 	ternusObjMiddle_2: autoDraw = False
51.6580 	EXP 	ternusObjRight_2: autoDraw = False
51.6580 	EXP 	portalLeft_2: autoDraw = False
51.6580 	EXP 	portalRight_2: autoDraw = False
51.6580 	EXP 	Barrier_2: autoDraw = False
52.0020 	EXP 	Device response: <KeyPress from None: t=52.00031479995232, value=j, duration=None>
52.0029 	DATA 	Keypress: j
52.0133 	EXP 	ternusObjLeft_2: autoDraw = False
52.0133 	EXP 	ternusObjMiddle_2: autoDraw = False
52.0133 	EXP 	ternusObjRight_2: autoDraw = False
52.0133 	EXP 	FixationCross_2: autoDraw = False
52.0133 	EXP 	portalLeft_2: autoDraw = False
52.0133 	EXP 	portalRight_2: autoDraw = False
52.0133 	EXP 	Barrier_2: autoDraw = False
52.0133 	EXP 	FixationCrossBlank800: autoDraw = True
52.1251 	EXP 	Device response: <KeyPress from None: t=52.00031479995232, value=j, duration=0.11336800002027303>
52.8028 	EXP 	New trial (rep=0, index=6): <Trial 6 (6 in rep 0) data={'condition': 'Standard', 'interstim_interval': 0.08, 'thisN': 6, 'thisTrialN': 6, 'thisRepN': 0}>
52.8135 	EXP 	FixationCrossBlank800: autoDraw = False
52.8135 	EXP 	portalLeft: fillColor = <psychopy.colors.Color: (1.0, -0.0, -1.0, 1.0)>
52.8135 	EXP 	portalLeft: borderColor = <psychopy.colors.Color: (1.0, -0.0, -1.0, 1.0)>
52.8135 	EXP 	portalRight: fillColor = <psychopy.colors.Color: (1.0, -0.0, -1.0, 1.0)>
52.8135 	EXP 	portalRight: borderColor = <psychopy.colors.Color: (1.0, -0.0, -1.0, 1.0)>
52.8135 	EXP 	Barrier: fillColor = <psychopy.colors.Color: (1.0, -0.0, -1.0, 1.0)>
52.8135 	EXP 	Barrier: borderColor = <psychopy.colors.Color: (1.0, -0.0, -1.0, 1.0)>
52.8135 	EXP 	ternusObjLeft: autoDraw = True
52.8135 	EXP 	ternusObjMiddle: autoDraw = True
52.8135 	EXP 	ternusObjRight: autoDraw = True
52.8135 	EXP 	FixationCross: autoDraw = True
52.8135 	EXP 	portalLeft: autoDraw = True
52.8135 	EXP 	portalRight: autoDraw = True
52.8135 	EXP 	Barrier: autoDraw = True
53.8127 	EXP 	ternusObjLeft: autoDraw = False
53.8127 	EXP 	ternusObjMiddle: autoDraw = False
53.8127 	EXP 	ternusObjRight: autoDraw = False
53.8127 	EXP 	FixationCross: autoDraw = False
53.8127 	EXP 	portalLeft: autoDraw = False
53.8127 	EXP 	portalRight: autoDraw = False
53.8127 	EXP 	Barrier: autoDraw = False
53.8127 	EXP 	ternusObjLeft: autoDraw = False
53.8127 	EXP 	ternusObjMiddle: autoDraw = False
53.8127 	EXP 	ternusObjRight: autoDraw = False
53.8127 	EXP 	FixationCross: autoDraw = False
53.8127 	EXP 	portalLeft: autoDraw = False
53.8127 	EXP 	portalRight: autoDraw = False
53.8127 	EXP 	Barrier: autoDraw = False
53.8127 	EXP 	FixationCrossBlank: autoDraw = True
53.8930 	EXP 	FixationCrossBlank: autoDraw = False
53.8930 	EXP 	FixationCrossBlank: autoDraw = False
53.8930 	EXP 	ternusObjLeft_2: fillColor = <psychopy.colors.Color: black, alpha=1.0>
53.8930 	EXP 	ternusObjLeft_2: borderColor = <psychopy.colors.Color: black, alpha=1.0>
53.8930 	EXP 	ternusObjRight_2: fillColor = <psychopy.colors.Color: black, alpha=1.0>
53.8930 	EXP 	ternusObjRight_2: borderColor = <psychopy.colors.Color: black, alpha=1.0>
53.8930 	EXP 	portalLeft_2: fillColor = <psychopy.colors.Color: (1.0, -0.0, -1.0, 1.0)>
53.8930 	EXP 	portalLeft_2: borderColor = <psychopy.colors.Color: (1.0, -0.0, -1.0, 1.0)>
53.8930 	EXP 	portalRight_2: fillColor = <psychopy.colors.Color: (1.0, -0.0, -1.0, 1.0)>
53.8930 	EXP 	portalRight_2: borderColor = <psychopy.colors.Color: (1.0, -0.0, -1.0, 1.0)>
53.8930 	EXP 	Barrier_2: fillColor = <psychopy.colors.Color: (1.0, -0.0, -1.0, 1.0)>
53.8930 	EXP 	Barrier_2: borderColor = <psychopy.colors.Color: (1.0, -0.0, -1.0, 1.0)>
53.8930 	EXP 	ternusObjLeft_2: autoDraw = True
53.8930 	EXP 	ternusObjMiddle_2: autoDraw = True
53.8930 	EXP 	ternusObjRight_2: autoDraw = True
53.8930 	EXP 	FixationCross_2: autoDraw = True
53.8930 	EXP 	portalLeft_2: autoDraw = True
53.8930 	EXP 	portalRight_2: autoDraw = True
53.8930 	EXP 	Barrier_2: autoDraw = True
54.8798 	INFO 	Keyboard events cleared
54.8913 	EXP 	ternusObjLeft_2: autoDraw = False
54.8913 	EXP 	ternusObjMiddle_2: autoDraw = False
54.8913 	EXP 	ternusObjRight_2: autoDraw = False
54.8913 	EXP 	portalLeft_2: autoDraw = False
54.8913 	EXP 	portalRight_2: autoDraw = False
54.8913 	EXP 	Barrier_2: autoDraw = False
55.1804 	EXP 	Device response: <KeyPress from None: t=55.171747499960475, value=j, duration=None>
55.1814 	DATA 	Keypress: j
55.1902 	EXP 	ternusObjLeft_2: autoDraw = False
55.1902 	EXP 	ternusObjMiddle_2: autoDraw = False
55.1902 	EXP 	ternusObjRight_2: autoDraw = False
55.1902 	EXP 	FixationCross_2: autoDraw = False
55.1902 	EXP 	portalLeft_2: autoDraw = False
55.1902 	EXP 	portalRight_2: autoDraw = False
55.1902 	EXP 	Barrier_2: autoDraw = False
55.1902 	EXP 	FixationCrossBlank800: autoDraw = True
55.3026 	EXP 	Device response: <KeyPress from None: t=55.171747499960475, value=j, duration=0.11871780001092702>
55.9799 	EXP 	New trial (rep=0, index=7): <Trial 7 (7 in rep 0) data={'condition': 'Barrier', 'interstim_interval': 0.04, 'thisN': 7, 'thisTrialN': 7, 'thisRepN': 0}>
55.9901 	EXP 	FixationCrossBlank800: autoDraw = False
55.9901 	EXP 	FixationCrossBlank800: autoDraw = False
55.9901 	EXP 	portalLeft: fillColor = <psychopy.colors.Color: (-0.57, -0.01, 0.44, 1.0)>
55.9901 	EXP 	portalLeft: borderColor = <psychopy.colors.Color: (-0.57, -0.01, 0.44, 1.0)>
55.9901 	EXP 	portalRight: fillColor = <psychopy.colors.Color: (-0.57, -0.01, 0.44, 1.0)>
55.9901 	EXP 	portalRight: borderColor = <psychopy.colors.Color: (-0.57, -0.01, 0.44, 1.0)>
55.9901 	EXP 	Barrier: fillColor = <psychopy.colors.Color: (-0.57, -0.01, 0.44, 1.0)>
55.9901 	EXP 	Barrier: borderColor = <psychopy.colors.Color: (-0.57, -0.01, 0.44, 1.0)>
55.9901 	EXP 	ternusObjLeft: autoDraw = True
55.9901 	EXP 	ternusObjMiddle: autoDraw = True
55.9901 	EXP 	ternusObjRight: autoDraw = True
55.9901 	EXP 	FixationCross: autoDraw = True
55.9901 	EXP 	portalLeft: autoDraw = True
55.9901 	EXP 	portalRight: autoDraw = True
55.9901 	EXP 	Barrier: autoDraw = True
56.9910 	EXP 	ternusObjLeft: autoDraw = False
56.9910 	EXP 	ternusObjMiddle: autoDraw = False
56.9910 	EXP 	ternusObjRight: autoDraw = False
56.9910 	EXP 	FixationCross: autoDraw = False
56.9910 	EXP 	portalLeft: autoDraw = False
56.9910 	EXP 	portalRight: autoDraw = False
56.9910 	EXP 	Barrier: autoDraw = False
56.9910 	EXP 	ternusObjLeft: autoDraw = False
56.9910 	EXP 	ternusObjMiddle: autoDraw = False
56.9910 	EXP 	ternusObjRight: autoDraw = False
56.9910 	EXP 	FixationCross: autoDraw = False
56.9910 	EXP 	portalLeft: autoDraw = False
56.9910 	EXP 	portalRight: autoDraw = False
56.9910 	EXP 	Barrier: autoDraw = False
56.9910 	EXP 	FixationCrossBlank: autoDraw = True
57.0346 	EXP 	FixationCrossBlank: autoDraw = False
57.0346 	EXP 	FixationCrossBlank: autoDraw = False
57.0346 	EXP 	ternusObjLeft_2: fillColor = <psychopy.colors.Color: black, alpha=1.0>
57.0346 	EXP 	ternusObjLeft_2: borderColor = <psychopy.colors.Color: black, alpha=1.0>
57.0346 	EXP 	ternusObjRight_2: fillColor = <psychopy.colors.Color: (-0.57, -0.01, 0.44, 1.0)>
57.0346 	EXP 	ternusObjRight_2: borderColor = <psychopy.colors.Color: (-0.57, -0.01, 0.44, 1.0)>
57.0346 	EXP 	portalLeft_2: fillColor = <psychopy.colors.Color: (-0.57, -0.01, 0.44, 1.0)>
57.0346 	EXP 	portalLeft_2: borderColor = <psychopy.colors.Color: (-0.57, -0.01, 0.44, 1.0)>
57.0346 	EXP 	portalRight_2: fillColor = <psychopy.colors.Color: (-0.57, -0.01, 0.44, 1.0)>
57.0346 	EXP 	portalRight_2: borderColor = <psychopy.colors.Color: (-0.57, -0.01, 0.44, 1.0)>
57.0346 	EXP 	Barrier_2: fillColor = <psychopy.colors.Color: (-0.57, -0.01, 0.44, 1.0)>
57.0346 	EXP 	Barrier_2: borderColor = <psychopy.colors.Color: (-0.57, -0.01, 0.44, 1.0)>
57.0346 	EXP 	ternusObjLeft_2: autoDraw = True
57.0346 	EXP 	ternusObjMiddle_2: autoDraw = True
57.0346 	EXP 	ternusObjRight_2: autoDraw = True
57.0346 	EXP 	FixationCross_2: autoDraw = True
57.0346 	EXP 	portalLeft_2: autoDraw = True
57.0346 	EXP 	portalRight_2: autoDraw = True
57.0346 	EXP 	Barrier_2: autoDraw = True
58.0235 	INFO 	Keyboard events cleared
58.0354 	EXP 	ternusObjLeft_2: autoDraw = False
58.0354 	EXP 	ternusObjMiddle_2: autoDraw = False
58.0354 	EXP 	ternusObjRight_2: autoDraw = False
58.0354 	EXP 	portalLeft_2: autoDraw = False
58.0354 	EXP 	portalRight_2: autoDraw = False
58.0354 	EXP 	Barrier_2: autoDraw = False
58.2570 	EXP 	Device response: <KeyPress from None: t=58.25260680000065, value=f, duration=None>
58.2576 	DATA 	Keypress: f
58.2682 	EXP 	ternusObjLeft_2: autoDraw = False
58.2682 	EXP 	ternusObjMiddle_2: autoDraw = False
58.2682 	EXP 	ternusObjRight_2: autoDraw = False
58.2682 	EXP 	FixationCross_2: autoDraw = False
58.2682 	EXP 	portalLeft_2: autoDraw = False
58.2682 	EXP 	portalRight_2: autoDraw = False
58.2682 	EXP 	Barrier_2: autoDraw = False
58.2682 	EXP 	FixationCrossBlank800: autoDraw = True
58.3683 	EXP 	Device response: <KeyPress from None: t=58.25260680000065, value=f, duration=0.10903719998896122>
59.0581 	EXP 	New trial (rep=0, index=8): <Trial 8 (8 in rep 0) data={'condition': 'Standard', 'interstim_interval': 0.04, 'thisN': 8, 'thisTrialN': 8, 'thisRepN': 0}>
59.0688 	EXP 	FixationCrossBlank800: autoDraw = False
59.0688 	EXP 	portalLeft: fillColor = <psychopy.colors.Color: (0.3, -0.33, -0.69, 1.0)>
59.0688 	EXP 	portalLeft: borderColor = <psychopy.colors.Color: (0.3, -0.33, -0.69, 1.0)>
59.0688 	EXP 	portalRight: fillColor = <psychopy.colors.Color: (0.3, -0.33, -0.69, 1.0)>
59.0688 	EXP 	portalRight: borderColor = <psychopy.colors.Color: (0.3, -0.33, -0.69, 1.0)>
59.0688 	EXP 	Barrier: fillColor = <psychopy.colors.Color: (0.3, -0.33, -0.69, 1.0)>
59.0688 	EXP 	Barrier: borderColor = <psychopy.colors.Color: (0.3, -0.33, -0.69, 1.0)>
59.0688 	EXP 	ternusObjLeft: autoDraw = True
59.0688 	EXP 	ternusObjMiddle: autoDraw = True
59.0688 	EXP 	ternusObjRight: autoDraw = True
59.0688 	EXP 	FixationCross: autoDraw = True
59.0688 	EXP 	portalLeft: autoDraw = True
59.0688 	EXP 	portalRight: autoDraw = True
59.0688 	EXP 	Barrier: autoDraw = True
60.0682 	EXP 	ternusObjLeft: autoDraw = False
60.0682 	EXP 	ternusObjMiddle: autoDraw = False
60.0682 	EXP 	ternusObjRight: autoDraw = False
60.0682 	EXP 	FixationCross: autoDraw = False
60.0682 	EXP 	portalLeft: autoDraw = False
60.0682 	EXP 	portalRight: autoDraw = False
60.0682 	EXP 	Barrier: autoDraw = False
60.0682 	EXP 	ternusObjLeft: autoDraw = False
60.0682 	EXP 	ternusObjMiddle: autoDraw = False
60.0682 	EXP 	ternusObjRight: autoDraw = False
60.0682 	EXP 	FixationCross: autoDraw = False
60.0682 	EXP 	portalLeft: autoDraw = False
60.0682 	EXP 	portalRight: autoDraw = False
60.0682 	EXP 	Barrier: autoDraw = False
60.0682 	EXP 	FixationCrossBlank: autoDraw = True
60.1125 	EXP 	FixationCrossBlank: autoDraw = False
60.1125 	EXP 	FixationCrossBlank: autoDraw = False
60.1125 	EXP 	ternusObjLeft_2: fillColor = <psychopy.colors.Color: black, alpha=1.0>
60.1125 	EXP 	ternusObjLeft_2: borderColor = <psychopy.colors.Color: black, alpha=1.0>
60.1125 	EXP 	ternusObjRight_2: fillColor = <psychopy.colors.Color: black, alpha=1.0>
60.1125 	EXP 	ternusObjRight_2: borderColor = <psychopy.colors.Color: black, alpha=1.0>
60.1125 	EXP 	portalLeft_2: fillColor = <psychopy.colors.Color: (0.3, -0.33, -0.69, 1.0)>
60.1125 	EXP 	portalLeft_2: borderColor = <psychopy.colors.Color: (0.3, -0.33, -0.69, 1.0)>
60.1125 	EXP 	portalRight_2: fillColor = <psychopy.colors.Color: (0.3, -0.33, -0.69, 1.0)>
60.1125 	EXP 	portalRight_2: borderColor = <psychopy.colors.Color: (0.3, -0.33, -0.69, 1.0)>
60.1125 	EXP 	Barrier_2: fillColor = <psychopy.colors.Color: (0.3, -0.33, -0.69, 1.0)>
60.1125 	EXP 	Barrier_2: borderColor = <psychopy.colors.Color: (0.3, -0.33, -0.69, 1.0)>
60.1125 	EXP 	ternusObjLeft_2: autoDraw = True
60.1125 	EXP 	ternusObjMiddle_2: autoDraw = True
60.1125 	EXP 	ternusObjRight_2: autoDraw = True
60.1125 	EXP 	FixationCross_2: autoDraw = True
60.1125 	EXP 	portalLeft_2: autoDraw = True
60.1125 	EXP 	portalRight_2: autoDraw = True
60.1125 	EXP 	Barrier_2: autoDraw = True
61.1021 	INFO 	Keyboard events cleared
61.1127 	EXP 	ternusObjLeft_2: autoDraw = False
61.1127 	EXP 	ternusObjMiddle_2: autoDraw = False
61.1127 	EXP 	ternusObjRight_2: autoDraw = False
61.1127 	EXP 	portalLeft_2: autoDraw = False
61.1127 	EXP 	portalRight_2: autoDraw = False
61.1127 	EXP 	Barrier_2: autoDraw = False
61.3790 	EXP 	Device response: <KeyPress from None: t=61.37317029997939, value=j, duration=None>
61.3796 	DATA 	Keypress: j
61.3909 	EXP 	ternusObjLeft_2: autoDraw = False
61.3909 	EXP 	ternusObjMiddle_2: autoDraw = False
61.3909 	EXP 	ternusObjRight_2: autoDraw = False
61.3909 	EXP 	FixationCross_2: autoDraw = False
61.3909 	EXP 	portalLeft_2: autoDraw = False
61.3909 	EXP 	portalRight_2: autoDraw = False
61.3909 	EXP 	Barrier_2: autoDraw = False
61.3909 	EXP 	FixationCrossBlank800: autoDraw = True
61.5022 	EXP 	Device response: <KeyPress from None: t=61.37317029997939, value=j, duration=0.12823640002170578>
62.1800 	EXP 	New trial (rep=0, index=9): <Trial 9 (9 in rep 0) data={'condition': 'Portal', 'interstim_interval': 0.16, 'thisN': 9, 'thisTrialN': 9, 'thisRepN': 0}>
62.1898 	EXP 	FixationCrossBlank800: autoDraw = False
62.1898 	EXP 	portalLeft: fillColor = <psychopy.colors.Color: (0.94, 0.01, 0.5, 1.0)>
62.1898 	EXP 	portalLeft: borderColor = <psychopy.colors.Color: (0.94, 0.01, 0.5, 1.0)>
62.1898 	EXP 	portalRight: fillColor = <psychopy.colors.Color: (0.94, 0.01, 0.5, 1.0)>
62.1898 	EXP 	portalRight: borderColor = <psychopy.colors.Color: (0.94, 0.01, 0.5, 1.0)>
62.1898 	EXP 	Barrier: fillColor = <psychopy.colors.Color: (0.94, 0.01, 0.5, 1.0)>
62.1898 	EXP 	Barrier: borderColor = <psychopy.colors.Color: (0.94, 0.01, 0.5, 1.0)>
62.1898 	EXP 	ternusObjLeft: autoDraw = True
62.1898 	EXP 	ternusObjMiddle: autoDraw = True
62.1898 	EXP 	ternusObjRight: autoDraw = True
62.1898 	EXP 	FixationCross: autoDraw = True
62.1898 	EXP 	portalLeft: autoDraw = True
62.1898 	EXP 	portalRight: autoDraw = True
62.1898 	EXP 	Barrier: autoDraw = True
63.1907 	EXP 	ternusObjLeft: autoDraw = False
63.1907 	EXP 	ternusObjMiddle: autoDraw = False
63.1907 	EXP 	ternusObjRight: autoDraw = False
63.1907 	EXP 	FixationCross: autoDraw = False
63.1907 	EXP 	portalLeft: autoDraw = False
63.1907 	EXP 	portalRight: autoDraw = False
63.1907 	EXP 	Barrier: autoDraw = False
63.1907 	EXP 	ternusObjLeft: autoDraw = False
63.1907 	EXP 	ternusObjMiddle: autoDraw = False
63.1907 	EXP 	ternusObjRight: autoDraw = False
63.1907 	EXP 	FixationCross: autoDraw = False
63.1907 	EXP 	portalLeft: autoDraw = False
63.1907 	EXP 	portalRight: autoDraw = False
63.1907 	EXP 	Barrier: autoDraw = False
63.1907 	EXP 	FixationCrossBlank: autoDraw = True
63.3458 	EXP 	FixationCrossBlank: autoDraw = False
63.3458 	EXP 	FixationCrossBlank: autoDraw = False
63.3458 	EXP 	ternusObjLeft_2: fillColor = <psychopy.colors.Color: black, alpha=1.0>
63.3458 	EXP 	ternusObjLeft_2: borderColor = <psychopy.colors.Color: black, alpha=1.0>
63.3458 	EXP 	ternusObjRight_2: fillColor = <psychopy.colors.Color: (0.94, 0.01, 0.5, 1.0)>
63.3458 	EXP 	ternusObjRight_2: borderColor = <psychopy.colors.Color: (0.94, 0.01, 0.5, 1.0)>
63.3458 	EXP 	portalLeft_2: fillColor = <psychopy.colors.Color: (0.94, 0.01, 0.5, 1.0)>
63.3458 	EXP 	portalLeft_2: borderColor = <psychopy.colors.Color: (0.94, 0.01, 0.5, 1.0)>
63.3458 	EXP 	portalRight_2: fillColor = <psychopy.colors.Color: (0.94, 0.01, 0.5, 1.0)>
63.3458 	EXP 	portalRight_2: borderColor = <psychopy.colors.Color: (0.94, 0.01, 0.5, 1.0)>
63.3458 	EXP 	Barrier_2: fillColor = <psychopy.colors.Color: (0.94, 0.01, 0.5, 1.0)>
63.3458 	EXP 	Barrier_2: borderColor = <psychopy.colors.Color: (0.94, 0.01, 0.5, 1.0)>
63.3458 	EXP 	ternusObjLeft_2: autoDraw = True
63.3458 	EXP 	ternusObjMiddle_2: autoDraw = True
63.3458 	EXP 	ternusObjRight_2: autoDraw = True
63.3458 	EXP 	FixationCross_2: autoDraw = True
63.3458 	EXP 	portalLeft_2: autoDraw = True
63.3458 	EXP 	portalRight_2: autoDraw = True
63.3458 	EXP 	Barrier_2: autoDraw = True
64.3345 	INFO 	Keyboard events cleared
64.3462 	EXP 	ternusObjLeft_2: autoDraw = False
64.3462 	EXP 	ternusObjMiddle_2: autoDraw = False
64.3462 	EXP 	ternusObjRight_2: autoDraw = False
64.3462 	EXP 	portalLeft_2: autoDraw = False
64.3462 	EXP 	portalRight_2: autoDraw = False
64.3462 	EXP 	Barrier_2: autoDraw = False
64.6681 	EXP 	Device response: <KeyPress from None: t=64.66109709994635, value=j, duration=None>
64.6690 	DATA 	Keypress: j
64.6788 	EXP 	ternusObjLeft_2: autoDraw = False
64.6788 	EXP 	ternusObjMiddle_2: autoDraw = False
64.6788 	EXP 	ternusObjRight_2: autoDraw = False
64.6788 	EXP 	FixationCross_2: autoDraw = False
64.6788 	EXP 	portalLeft_2: autoDraw = False
64.6788 	EXP 	portalRight_2: autoDraw = False
64.6788 	EXP 	Barrier_2: autoDraw = False
64.6788 	EXP 	FixationCrossBlank800: autoDraw = True
64.8022 	EXP 	Device response: <KeyPress from None: t=64.66109709994635, value=j, duration=0.13270030001876876>
65.4680 	EXP 	New trial (rep=0, index=10): <Trial 10 (10 in rep 0) data={'condition': 'Barrier', 'interstim_interval': 0, 'thisN': 10, 'thisTrialN': 10, 'thisRepN': 0}>
65.4790 	EXP 	FixationCrossBlank800: autoDraw = False
65.4790 	EXP 	FixationCrossBlank800: autoDraw = False
65.4790 	EXP 	portalLeft: fillColor = <psychopy.colors.Color: (-0.79, 0.24, -0.07, 1.0)>
65.4790 	EXP 	portalLeft: borderColor = <psychopy.colors.Color: (-0.79, 0.24, -0.07, 1.0)>
65.4790 	EXP 	portalRight: fillColor = <psychopy.colors.Color: (-0.79, 0.24, -0.07, 1.0)>
65.4790 	EXP 	portalRight: borderColor = <psychopy.colors.Color: (-0.79, 0.24, -0.07, 1.0)>
65.4790 	EXP 	Barrier: fillColor = <psychopy.colors.Color: (-0.79, 0.24, -0.07, 1.0)>
65.4790 	EXP 	Barrier: borderColor = <psychopy.colors.Color: (-0.79, 0.24, -0.07, 1.0)>
65.4790 	EXP 	ternusObjLeft: autoDraw = True
65.4790 	EXP 	ternusObjMiddle: autoDraw = True
65.4790 	EXP 	ternusObjRight: autoDraw = True
65.4790 	EXP 	FixationCross: autoDraw = True
65.4790 	EXP 	portalLeft: autoDraw = True
65.4790 	EXP 	portalRight: autoDraw = True
65.4790 	EXP 	Barrier: autoDraw = True
66.4816 	EXP 	ternusObjLeft: autoDraw = False
66.4816 	EXP 	ternusObjMiddle: autoDraw = False
66.4816 	EXP 	ternusObjRight: autoDraw = False
66.4816 	EXP 	FixationCross: autoDraw = False
66.4816 	EXP 	portalLeft: autoDraw = False
66.4816 	EXP 	portalRight: autoDraw = False
66.4816 	EXP 	Barrier: autoDraw = False
66.4816 	EXP 	ternusObjLeft: autoDraw = False
66.4816 	EXP 	ternusObjMiddle: autoDraw = False
66.4816 	EXP 	ternusObjRight: autoDraw = False
66.4816 	EXP 	FixationCross: autoDraw = False
66.4816 	EXP 	portalLeft: autoDraw = False
66.4816 	EXP 	portalRight: autoDraw = False
66.4816 	EXP 	Barrier: autoDraw = False
66.4816 	EXP 	FixationCrossBlank: autoDraw = True
66.4816 	EXP 	FixationCrossBlank: autoDraw = False
66.4816 	EXP 	FixationCrossBlank: autoDraw = False
66.4816 	EXP 	ternusObjLeft_2: fillColor = <psychopy.colors.Color: black, alpha=1.0>
66.4816 	EXP 	ternusObjLeft_2: borderColor = <psychopy.colors.Color: black, alpha=1.0>
66.4816 	EXP 	ternusObjRight_2: fillColor = <psychopy.colors.Color: (-0.79, 0.24, -0.07, 1.0)>
66.4816 	EXP 	ternusObjRight_2: borderColor = <psychopy.colors.Color: (-0.79, 0.24, -0.07, 1.0)>
66.4816 	EXP 	portalLeft_2: fillColor = <psychopy.colors.Color: (-0.79, 0.24, -0.07, 1.0)>
66.4816 	EXP 	portalLeft_2: borderColor = <psychopy.colors.Color: (-0.79, 0.24, -0.07, 1.0)>
66.4816 	EXP 	portalRight_2: fillColor = <psychopy.colors.Color: (-0.79, 0.24, -0.07, 1.0)>
66.4816 	EXP 	portalRight_2: borderColor = <psychopy.colors.Color: (-0.79, 0.24, -0.07, 1.0)>
66.4816 	EXP 	Barrier_2: fillColor = <psychopy.colors.Color: (-0.79, 0.24, -0.07, 1.0)>
66.4816 	EXP 	Barrier_2: borderColor = <psychopy.colors.Color: (-0.79, 0.24, -0.07, 1.0)>
66.4816 	EXP 	ternusObjLeft_2: autoDraw = True
66.4816 	EXP 	ternusObjMiddle_2: autoDraw = True
66.4816 	EXP 	ternusObjRight_2: autoDraw = True
66.4816 	EXP 	FixationCross_2: autoDraw = True
66.4816 	EXP 	portalLeft_2: autoDraw = True
66.4816 	EXP 	portalRight_2: autoDraw = True
66.4816 	EXP 	Barrier_2: autoDraw = True
67.4688 	INFO 	Keyboard events cleared
67.4785 	EXP 	ternusObjLeft_2: autoDraw = False
67.4785 	EXP 	ternusObjMiddle_2: autoDraw = False
67.4785 	EXP 	ternusObjRight_2: autoDraw = False
67.4785 	EXP 	portalLeft_2: autoDraw = False
67.4785 	EXP 	portalRight_2: autoDraw = False
67.4785 	EXP 	Barrier_2: autoDraw = False
67.7912 	EXP 	Device response: <KeyPress from None: t=67.78055679996032, value=f, duration=None>
67.7927 	DATA 	Keypress: f
67.8007 	EXP 	ternusObjLeft_2: autoDraw = False
67.8007 	EXP 	ternusObjMiddle_2: autoDraw = False
67.8007 	EXP 	ternusObjRight_2: autoDraw = False
67.8007 	EXP 	FixationCross_2: autoDraw = False
67.8007 	EXP 	portalLeft_2: autoDraw = False
67.8007 	EXP 	portalRight_2: autoDraw = False
67.8007 	EXP 	Barrier_2: autoDraw = False
67.8007 	EXP 	FixationCrossBlank800: autoDraw = True
67.9124 	EXP 	Device response: <KeyPress from None: t=67.78055679996032, value=f, duration=0.1220848000375554>
68.5904 	EXP 	New trial (rep=0, index=11): <Trial 11 (11 in rep 0) data={'condition': 'Standard', 'interstim_interval': 0.01, 'thisN': 11, 'thisTrialN': 11, 'thisRepN': 0}>
68.6006 	EXP 	FixationCrossBlank800: autoDraw = False
68.6006 	EXP 	FixationCrossBlank800: autoDraw = False
68.6006 	EXP 	portalLeft: fillColor = <psychopy.colors.Color: (1.0, -0.0, -1.0, 1.0)>
68.6006 	EXP 	portalLeft: borderColor = <psychopy.colors.Color: (1.0, -0.0, -1.0, 1.0)>
68.6006 	EXP 	portalRight: fillColor = <psychopy.colors.Color: (1.0, -0.0, -1.0, 1.0)>
68.6006 	EXP 	portalRight: borderColor = <psychopy.colors.Color: (1.0, -0.0, -1.0, 1.0)>
68.6006 	EXP 	Barrier: fillColor = <psychopy.colors.Color: (1.0, -0.0, -1.0, 1.0)>
68.6006 	EXP 	Barrier: borderColor = <psychopy.colors.Color: (1.0, -0.0, -1.0, 1.0)>
68.6006 	EXP 	ternusObjLeft: autoDraw = True
68.6006 	EXP 	ternusObjMiddle: autoDraw = True
68.6006 	EXP 	ternusObjRight: autoDraw = True
68.6006 	EXP 	FixationCross: autoDraw = True
68.6006 	EXP 	portalLeft: autoDraw = True
68.6006 	EXP 	portalRight: autoDraw = True
68.6006 	EXP 	Barrier: autoDraw = True
69.6015 	EXP 	ternusObjLeft: autoDraw = False
69.6015 	EXP 	ternusObjMiddle: autoDraw = False
69.6015 	EXP 	ternusObjRight: autoDraw = False
69.6015 	EXP 	FixationCross: autoDraw = False
69.6015 	EXP 	portalLeft: autoDraw = False
69.6015 	EXP 	portalRight: autoDraw = False
69.6015 	EXP 	Barrier: autoDraw = False
69.6015 	EXP 	ternusObjLeft: autoDraw = False
69.6015 	EXP 	ternusObjMiddle: autoDraw = False
69.6015 	EXP 	ternusObjRight: autoDraw = False
69.6015 	EXP 	FixationCross: autoDraw = False
69.6015 	EXP 	portalLeft: autoDraw = False
69.6015 	EXP 	portalRight: autoDraw = False
69.6015 	EXP 	Barrier: autoDraw = False
69.6015 	EXP 	FixationCrossBlank: autoDraw = True
69.6121 	EXP 	FixationCrossBlank: autoDraw = False
69.6121 	EXP 	FixationCrossBlank: autoDraw = False
69.6121 	EXP 	ternusObjLeft_2: fillColor = <psychopy.colors.Color: black, alpha=1.0>
69.6121 	EXP 	ternusObjLeft_2: borderColor = <psychopy.colors.Color: black, alpha=1.0>
69.6121 	EXP 	ternusObjRight_2: fillColor = <psychopy.colors.Color: black, alpha=1.0>
69.6121 	EXP 	ternusObjRight_2: borderColor = <psychopy.colors.Color: black, alpha=1.0>
69.6121 	EXP 	portalLeft_2: fillColor = <psychopy.colors.Color: (1.0, -0.0, -1.0, 1.0)>
69.6121 	EXP 	portalLeft_2: borderColor = <psychopy.colors.Color: (1.0, -0.0, -1.0, 1.0)>
69.6121 	EXP 	portalRight_2: fillColor = <psychopy.colors.Color: (1.0, -0.0, -1.0, 1.0)>
69.6121 	EXP 	portalRight_2: borderColor = <psychopy.colors.Color: (1.0, -0.0, -1.0, 1.0)>
69.6121 	EXP 	Barrier_2: fillColor = <psychopy.colors.Color: (1.0, -0.0, -1.0, 1.0)>
69.6121 	EXP 	Barrier_2: borderColor = <psychopy.colors.Color: (1.0, -0.0, -1.0, 1.0)>
69.6121 	EXP 	ternusObjLeft_2: autoDraw = True
69.6121 	EXP 	ternusObjMiddle_2: autoDraw = True
69.6121 	EXP 	ternusObjRight_2: autoDraw = True
69.6121 	EXP 	FixationCross_2: autoDraw = True
69.6121 	EXP 	portalLeft_2: autoDraw = True
69.6121 	EXP 	portalRight_2: autoDraw = True
69.6121 	EXP 	Barrier_2: autoDraw = True
70.6015 	INFO 	Keyboard events cleared
70.6126 	EXP 	ternusObjLeft_2: autoDraw = False
70.6126 	EXP 	ternusObjMiddle_2: autoDraw = False
70.6126 	EXP 	ternusObjRight_2: autoDraw = False
70.6126 	EXP 	portalLeft_2: autoDraw = False
70.6126 	EXP 	portalRight_2: autoDraw = False
70.6126 	EXP 	Barrier_2: autoDraw = False
70.8566 	EXP 	Device response: <KeyPress from None: t=70.84764829999767, value=j, duration=None>
70.8574 	DATA 	Keypress: j
70.8681 	EXP 	ternusObjLeft_2: autoDraw = False
70.8681 	EXP 	ternusObjMiddle_2: autoDraw = False
70.8681 	EXP 	ternusObjRight_2: autoDraw = False
70.8681 	EXP 	FixationCross_2: autoDraw = False
70.8681 	EXP 	portalLeft_2: autoDraw = False
70.8681 	EXP 	portalRight_2: autoDraw = False
70.8681 	EXP 	Barrier_2: autoDraw = False
70.8681 	EXP 	FixationCrossBlank800: autoDraw = True
71.0010 	EXP 	Device response: <KeyPress from None: t=70.84764829999767, value=j, duration=0.14368799998192117>
71.6563 	EXP 	New trial (rep=0, index=12): <Trial 12 (12 in rep 0) data={'condition': 'Portal', 'interstim_interval': 0.04, 'thisN': 12, 'thisTrialN': 12, 'thisRepN': 0}>
71.6671 	EXP 	FixationCrossBlank800: autoDraw = False
71.6671 	EXP 	FixationCrossBlank800: autoDraw = False
71.6671 	EXP 	portalLeft: fillColor = <psychopy.colors.Color: (-0.4, 0.37, -0.42, 1.0)>
71.6671 	EXP 	portalLeft: borderColor = <psychopy.colors.Color: (-0.4, 0.37, -0.42, 1.0)>
71.6671 	EXP 	portalRight: fillColor = <psychopy.colors.Color: (-0.4, 0.37, -0.42, 1.0)>
71.6671 	EXP 	portalRight: borderColor = <psychopy.colors.Color: (-0.4, 0.37, -0.42, 1.0)>
71.6671 	EXP 	Barrier: fillColor = <psychopy.colors.Color: (-0.4, 0.37, -0.42, 1.0)>
71.6671 	EXP 	Barrier: borderColor = <psychopy.colors.Color: (-0.4, 0.37, -0.42, 1.0)>
71.6671 	EXP 	ternusObjLeft: autoDraw = True
71.6671 	EXP 	ternusObjMiddle: autoDraw = True
71.6671 	EXP 	ternusObjRight: autoDraw = True
71.6671 	EXP 	FixationCross: autoDraw = True
71.6671 	EXP 	portalLeft: autoDraw = True
71.6671 	EXP 	portalRight: autoDraw = True
71.6671 	EXP 	Barrier: autoDraw = True
72.6679 	EXP 	ternusObjLeft: autoDraw = False
72.6679 	EXP 	ternusObjMiddle: autoDraw = False
72.6679 	EXP 	ternusObjRight: autoDraw = False
72.6679 	EXP 	FixationCross: autoDraw = False
72.6679 	EXP 	portalLeft: autoDraw = False
72.6679 	EXP 	portalRight: autoDraw = False
72.6679 	EXP 	Barrier: autoDraw = False
72.6679 	EXP 	ternusObjLeft: autoDraw = False
72.6679 	EXP 	ternusObjMiddle: autoDraw = False
72.6679 	EXP 	ternusObjRight: autoDraw = False
72.6679 	EXP 	FixationCross: autoDraw = False
72.6679 	EXP 	portalLeft: autoDraw = False
72.6679 	EXP 	portalRight: autoDraw = False
72.6679 	EXP 	Barrier: autoDraw = False
72.6679 	EXP 	FixationCrossBlank: autoDraw = True
72.7119 	EXP 	FixationCrossBlank: autoDraw = False
72.7119 	EXP 	FixationCrossBlank: autoDraw = False
72.7119 	EXP 	ternusObjLeft_2: fillColor = <psychopy.colors.Color: (-0.4, 0.37, -0.42, 1.0)>
72.7119 	EXP 	ternusObjLeft_2: borderColor = <psychopy.colors.Color: (-0.4, 0.37, -0.42, 1.0)>
72.7119 	EXP 	ternusObjRight_2: fillColor = <psychopy.colors.Color: black, alpha=1.0>
72.7119 	EXP 	ternusObjRight_2: borderColor = <psychopy.colors.Color: black, alpha=1.0>
72.7119 	EXP 	portalLeft_2: fillColor = <psychopy.colors.Color: (-0.4, 0.37, -0.42, 1.0)>
72.7119 	EXP 	portalLeft_2: borderColor = <psychopy.colors.Color: (-0.4, 0.37, -0.42, 1.0)>
72.7119 	EXP 	portalRight_2: fillColor = <psychopy.colors.Color: (-0.4, 0.37, -0.42, 1.0)>
72.7119 	EXP 	portalRight_2: borderColor = <psychopy.colors.Color: (-0.4, 0.37, -0.42, 1.0)>
72.7119 	EXP 	Barrier_2: fillColor = <psychopy.colors.Color: (-0.4, 0.37, -0.42, 1.0)>
72.7119 	EXP 	Barrier_2: borderColor = <psychopy.colors.Color: (-0.4, 0.37, -0.42, 1.0)>
72.7119 	EXP 	ternusObjLeft_2: autoDraw = True
72.7119 	EXP 	ternusObjMiddle_2: autoDraw = True
72.7119 	EXP 	ternusObjRight_2: autoDraw = True
72.7119 	EXP 	FixationCross_2: autoDraw = True
72.7119 	EXP 	portalLeft_2: autoDraw = True
72.7119 	EXP 	portalRight_2: autoDraw = True
72.7119 	EXP 	Barrier_2: autoDraw = True
73.7014 	INFO 	Keyboard events cleared
73.7114 	EXP 	ternusObjLeft_2: autoDraw = False
73.7114 	EXP 	ternusObjMiddle_2: autoDraw = False
73.7114 	EXP 	ternusObjRight_2: autoDraw = False
73.7114 	EXP 	portalLeft_2: autoDraw = False
73.7114 	EXP 	portalRight_2: autoDraw = False
73.7114 	EXP 	Barrier_2: autoDraw = False
74.0905 	EXP 	Device response: <KeyPress from None: t=74.08157709997613, value=f, duration=None>
74.0913 	DATA 	Keypress: f
74.1003 	EXP 	ternusObjLeft_2: autoDraw = False
74.1003 	EXP 	ternusObjMiddle_2: autoDraw = False
74.1003 	EXP 	ternusObjRight_2: autoDraw = False
74.1003 	EXP 	FixationCross_2: autoDraw = False
74.1003 	EXP 	portalLeft_2: autoDraw = False
74.1003 	EXP 	portalRight_2: autoDraw = False
74.1003 	EXP 	Barrier_2: autoDraw = False
74.1003 	EXP 	FixationCrossBlank800: autoDraw = True
74.2127 	EXP 	Device response: <KeyPress from None: t=74.08157709997613, value=f, duration=0.11972389998845756>
74.8896 	EXP 	New trial (rep=0, index=13): <Trial 13 (13 in rep 0) data={'condition': 'Standard', 'interstim_interval': 0.02, 'thisN': 13, 'thisTrialN': 13, 'thisRepN': 0}>
74.9013 	EXP 	FixationCrossBlank800: autoDraw = False
74.9013 	EXP 	FixationCrossBlank800: autoDraw = False
74.9013 	EXP 	portalLeft: fillColor = <psychopy.colors.Color: (0.79, -0.8, -0.78, 1.0)>
74.9013 	EXP 	portalLeft: borderColor = <psychopy.colors.Color: (0.79, -0.8, -0.78, 1.0)>
74.9013 	EXP 	portalRight: fillColor = <psychopy.colors.Color: (0.79, -0.8, -0.78, 1.0)>
74.9013 	EXP 	portalRight: borderColor = <psychopy.colors.Color: (0.79, -0.8, -0.78, 1.0)>
74.9013 	EXP 	Barrier: fillColor = <psychopy.colors.Color: (0.79, -0.8, -0.78, 1.0)>
74.9013 	EXP 	Barrier: borderColor = <psychopy.colors.Color: (0.79, -0.8, -0.78, 1.0)>
74.9013 	EXP 	ternusObjLeft: autoDraw = True
74.9013 	EXP 	ternusObjMiddle: autoDraw = True
74.9013 	EXP 	ternusObjRight: autoDraw = True
74.9013 	EXP 	FixationCross: autoDraw = True
74.9013 	EXP 	portalLeft: autoDraw = True
74.9013 	EXP 	portalRight: autoDraw = True
74.9013 	EXP 	Barrier: autoDraw = True
75.9012 	EXP 	ternusObjLeft: autoDraw = False
75.9012 	EXP 	ternusObjMiddle: autoDraw = False
75.9012 	EXP 	ternusObjRight: autoDraw = False
75.9012 	EXP 	FixationCross: autoDraw = False
75.9012 	EXP 	portalLeft: autoDraw = False
75.9012 	EXP 	portalRight: autoDraw = False
75.9012 	EXP 	Barrier: autoDraw = False
75.9012 	EXP 	ternusObjLeft: autoDraw = False
75.9012 	EXP 	ternusObjMiddle: autoDraw = False
75.9012 	EXP 	ternusObjRight: autoDraw = False
75.9012 	EXP 	FixationCross: autoDraw = False
75.9012 	EXP 	portalLeft: autoDraw = False
75.9012 	EXP 	portalRight: autoDraw = False
75.9012 	EXP 	Barrier: autoDraw = False
75.9012 	EXP 	FixationCrossBlank: autoDraw = True
75.9228 	EXP 	FixationCrossBlank: autoDraw = False
75.9228 	EXP 	FixationCrossBlank: autoDraw = False
75.9228 	EXP 	ternusObjLeft_2: fillColor = <psychopy.colors.Color: black, alpha=1.0>
75.9228 	EXP 	ternusObjLeft_2: borderColor = <psychopy.colors.Color: black, alpha=1.0>
75.9228 	EXP 	ternusObjRight_2: fillColor = <psychopy.colors.Color: black, alpha=1.0>
75.9228 	EXP 	ternusObjRight_2: borderColor = <psychopy.colors.Color: black, alpha=1.0>
75.9228 	EXP 	portalLeft_2: fillColor = <psychopy.colors.Color: (0.79, -0.8, -0.78, 1.0)>
75.9228 	EXP 	portalLeft_2: borderColor = <psychopy.colors.Color: (0.79, -0.8, -0.78, 1.0)>
75.9228 	EXP 	portalRight_2: fillColor = <psychopy.colors.Color: (0.79, -0.8, -0.78, 1.0)>
75.9228 	EXP 	portalRight_2: borderColor = <psychopy.colors.Color: (0.79, -0.8, -0.78, 1.0)>
75.9228 	EXP 	Barrier_2: fillColor = <psychopy.colors.Color: (0.79, -0.8, -0.78, 1.0)>
75.9228 	EXP 	Barrier_2: borderColor = <psychopy.colors.Color: (0.79, -0.8, -0.78, 1.0)>
75.9228 	EXP 	ternusObjLeft_2: autoDraw = True
75.9228 	EXP 	ternusObjMiddle_2: autoDraw = True
75.9228 	EXP 	ternusObjRight_2: autoDraw = True
75.9228 	EXP 	FixationCross_2: autoDraw = True
75.9228 	EXP 	portalLeft_2: autoDraw = True
75.9228 	EXP 	portalRight_2: autoDraw = True
75.9228 	EXP 	Barrier_2: autoDraw = True
76.9114 	INFO 	Keyboard events cleared
76.9235 	EXP 	ternusObjLeft_2: autoDraw = False
76.9235 	EXP 	ternusObjMiddle_2: autoDraw = False
76.9235 	EXP 	ternusObjRight_2: autoDraw = False
76.9235 	EXP 	portalLeft_2: autoDraw = False
76.9235 	EXP 	portalRight_2: autoDraw = False
76.9235 	EXP 	Barrier_2: autoDraw = False
77.2559 	EXP 	Device response: <KeyPress from None: t=77.2510537999915, value=j, duration=None>
77.2566 	DATA 	Keypress: j
77.2678 	EXP 	ternusObjLeft_2: autoDraw = False
77.2678 	EXP 	ternusObjMiddle_2: autoDraw = False
77.2678 	EXP 	ternusObjRight_2: autoDraw = False
77.2678 	EXP 	FixationCross_2: autoDraw = False
77.2678 	EXP 	portalLeft_2: autoDraw = False
77.2678 	EXP 	portalRight_2: autoDraw = False
77.2678 	EXP 	Barrier_2: autoDraw = False
77.2678 	EXP 	FixationCrossBlank800: autoDraw = True
77.3670 	EXP 	Device response: <KeyPress from None: t=77.2510537999915, value=j, duration=0.11545049998676404>
78.0571 	EXP 	New trial (rep=0, index=14): <Trial 14 (14 in rep 0) data={'condition': 'Portal', 'interstim_interval': 0.01, 'thisN': 14, 'thisTrialN': 14, 'thisRepN': 0}>
78.0669 	EXP 	FixationCrossBlank800: autoDraw = False
78.0669 	EXP 	portalLeft: fillColor = <psychopy.colors.Color: (-0.57, -0.01, 0.44, 1.0)>
78.0669 	EXP 	portalLeft: borderColor = <psychopy.colors.Color: (-0.57, -0.01, 0.44, 1.0)>
78.0669 	EXP 	portalRight: fillColor = <psychopy.colors.Color: (-0.57, -0.01, 0.44, 1.0)>
78.0669 	EXP 	portalRight: borderColor = <psychopy.colors.Color: (-0.57, -0.01, 0.44, 1.0)>
78.0669 	EXP 	Barrier: fillColor = <psychopy.colors.Color: (-0.57, -0.01, 0.44, 1.0)>
78.0669 	EXP 	Barrier: borderColor = <psychopy.colors.Color: (-0.57, -0.01, 0.44, 1.0)>
78.0669 	EXP 	ternusObjLeft: autoDraw = True
78.0669 	EXP 	ternusObjMiddle: autoDraw = True
78.0669 	EXP 	ternusObjRight: autoDraw = True
78.0669 	EXP 	FixationCross: autoDraw = True
78.0669 	EXP 	portalLeft: autoDraw = True
78.0669 	EXP 	portalRight: autoDraw = True
78.0669 	EXP 	Barrier: autoDraw = True
79.0668 	EXP 	ternusObjLeft: autoDraw = False
79.0668 	EXP 	ternusObjMiddle: autoDraw = False
79.0668 	EXP 	ternusObjRight: autoDraw = False
79.0668 	EXP 	FixationCross: autoDraw = False
79.0668 	EXP 	portalLeft: autoDraw = False
79.0668 	EXP 	portalRight: autoDraw = False
79.0668 	EXP 	Barrier: autoDraw = False
79.0668 	EXP 	ternusObjLeft: autoDraw = False
79.0668 	EXP 	ternusObjMiddle: autoDraw = False
79.0668 	EXP 	ternusObjRight: autoDraw = False
79.0668 	EXP 	FixationCross: autoDraw = False
79.0668 	EXP 	portalLeft: autoDraw = False
79.0668 	EXP 	portalRight: autoDraw = False
79.0668 	EXP 	Barrier: autoDraw = False
79.0668 	EXP 	FixationCrossBlank: autoDraw = True
79.0779 	EXP 	FixationCrossBlank: autoDraw = False
79.0779 	EXP 	FixationCrossBlank: autoDraw = False
79.0779 	EXP 	ternusObjLeft_2: fillColor = <psychopy.colors.Color: (-0.57, -0.01, 0.44, 1.0)>
79.0779 	EXP 	ternusObjLeft_2: borderColor = <psychopy.colors.Color: (-0.57, -0.01, 0.44, 1.0)>
79.0779 	EXP 	ternusObjRight_2: fillColor = <psychopy.colors.Color: black, alpha=1.0>
79.0779 	EXP 	ternusObjRight_2: borderColor = <psychopy.colors.Color: black, alpha=1.0>
79.0779 	EXP 	portalLeft_2: fillColor = <psychopy.colors.Color: (-0.57, -0.01, 0.44, 1.0)>
79.0779 	EXP 	portalLeft_2: borderColor = <psychopy.colors.Color: (-0.57, -0.01, 0.44, 1.0)>
79.0779 	EXP 	portalRight_2: fillColor = <psychopy.colors.Color: (-0.57, -0.01, 0.44, 1.0)>
79.0779 	EXP 	portalRight_2: borderColor = <psychopy.colors.Color: (-0.57, -0.01, 0.44, 1.0)>
79.0779 	EXP 	Barrier_2: fillColor = <psychopy.colors.Color: (-0.57, -0.01, 0.44, 1.0)>
79.0779 	EXP 	Barrier_2: borderColor = <psychopy.colors.Color: (-0.57, -0.01, 0.44, 1.0)>
79.0779 	EXP 	ternusObjLeft_2: autoDraw = True
79.0779 	EXP 	ternusObjMiddle_2: autoDraw = True
79.0779 	EXP 	ternusObjRight_2: autoDraw = True
79.0779 	EXP 	FixationCross_2: autoDraw = True
79.0779 	EXP 	portalLeft_2: autoDraw = True
79.0779 	EXP 	portalRight_2: autoDraw = True
79.0779 	EXP 	Barrier_2: autoDraw = True
80.0668 	INFO 	Keyboard events cleared
80.0789 	EXP 	ternusObjLeft_2: autoDraw = False
80.0789 	EXP 	ternusObjMiddle_2: autoDraw = False
80.0789 	EXP 	ternusObjRight_2: autoDraw = False
80.0789 	EXP 	portalLeft_2: autoDraw = False
80.0789 	EXP 	portalRight_2: autoDraw = False
80.0789 	EXP 	Barrier_2: autoDraw = False
80.4347 	EXP 	Device response: <KeyPress from None: t=80.42742679995717, value=f, duration=None>
80.4357 	DATA 	Keypress: f
80.4453 	EXP 	ternusObjLeft_2: autoDraw = False
80.4453 	EXP 	ternusObjMiddle_2: autoDraw = False
80.4453 	EXP 	ternusObjRight_2: autoDraw = False
80.4453 	EXP 	FixationCross_2: autoDraw = False
80.4453 	EXP 	portalLeft_2: autoDraw = False
80.4453 	EXP 	portalRight_2: autoDraw = False
80.4453 	EXP 	Barrier_2: autoDraw = False
80.4453 	EXP 	FixationCrossBlank800: autoDraw = True
80.5562 	EXP 	Device response: <KeyPress from None: t=80.42742679995717, value=f, duration=0.12026620004326105>
81.2342 	EXP 	New trial (rep=0, index=15): <Trial 15 (15 in rep 0) data={'condition': 'Barrier', 'interstim_interval': 0.08, 'thisN': 15, 'thisTrialN': 15, 'thisRepN': 0}>
81.2444 	EXP 	FixationCrossBlank800: autoDraw = False
81.2444 	EXP 	FixationCrossBlank800: autoDraw = False
81.2444 	EXP 	portalLeft: fillColor = <psychopy.colors.Color: (0.19, -0.39, 0.28, 1.0)>
81.2444 	EXP 	portalLeft: borderColor = <psychopy.colors.Color: (0.19, -0.39, 0.28, 1.0)>
81.2444 	EXP 	portalRight: fillColor = <psychopy.colors.Color: (0.19, -0.39, 0.28, 1.0)>
81.2444 	EXP 	portalRight: borderColor = <psychopy.colors.Color: (0.19, -0.39, 0.28, 1.0)>
81.2444 	EXP 	Barrier: fillColor = <psychopy.colors.Color: (0.19, -0.39, 0.28, 1.0)>
81.2444 	EXP 	Barrier: borderColor = <psychopy.colors.Color: (0.19, -0.39, 0.28, 1.0)>
81.2444 	EXP 	ternusObjLeft: autoDraw = True
81.2444 	EXP 	ternusObjMiddle: autoDraw = True
81.2444 	EXP 	ternusObjRight: autoDraw = True
81.2444 	EXP 	FixationCross: autoDraw = True
81.2444 	EXP 	portalLeft: autoDraw = True
81.2444 	EXP 	portalRight: autoDraw = True
81.2444 	EXP 	Barrier: autoDraw = True
82.2447 	EXP 	ternusObjLeft: autoDraw = False
82.2447 	EXP 	ternusObjMiddle: autoDraw = False
82.2447 	EXP 	ternusObjRight: autoDraw = False
82.2447 	EXP 	FixationCross: autoDraw = False
82.2447 	EXP 	portalLeft: autoDraw = False
82.2447 	EXP 	portalRight: autoDraw = False
82.2447 	EXP 	Barrier: autoDraw = False
82.2447 	EXP 	ternusObjLeft: autoDraw = False
82.2447 	EXP 	ternusObjMiddle: autoDraw = False
82.2447 	EXP 	ternusObjRight: autoDraw = False
82.2447 	EXP 	FixationCross: autoDraw = False
82.2447 	EXP 	portalLeft: autoDraw = False
82.2447 	EXP 	portalRight: autoDraw = False
82.2447 	EXP 	Barrier: autoDraw = False
82.2447 	EXP 	FixationCrossBlank: autoDraw = True
82.3243 	EXP 	FixationCrossBlank: autoDraw = False
82.3243 	EXP 	FixationCrossBlank: autoDraw = False
82.3243 	EXP 	ternusObjLeft_2: fillColor = <psychopy.colors.Color: (0.19, -0.39, 0.28, 1.0)>
82.3243 	EXP 	ternusObjLeft_2: borderColor = <psychopy.colors.Color: (0.19, -0.39, 0.28, 1.0)>
82.3243 	EXP 	ternusObjRight_2: fillColor = <psychopy.colors.Color: black, alpha=1.0>
82.3243 	EXP 	ternusObjRight_2: borderColor = <psychopy.colors.Color: black, alpha=1.0>
82.3243 	EXP 	portalLeft_2: fillColor = <psychopy.colors.Color: (0.19, -0.39, 0.28, 1.0)>
82.3243 	EXP 	portalLeft_2: borderColor = <psychopy.colors.Color: (0.19, -0.39, 0.28, 1.0)>
82.3243 	EXP 	portalRight_2: fillColor = <psychopy.colors.Color: (0.19, -0.39, 0.28, 1.0)>
82.3243 	EXP 	portalRight_2: borderColor = <psychopy.colors.Color: (0.19, -0.39, 0.28, 1.0)>
82.3243 	EXP 	Barrier_2: fillColor = <psychopy.colors.Color: (0.19, -0.39, 0.28, 1.0)>
82.3243 	EXP 	Barrier_2: borderColor = <psychopy.colors.Color: (0.19, -0.39, 0.28, 1.0)>
82.3243 	EXP 	ternusObjLeft_2: autoDraw = True
82.3243 	EXP 	ternusObjMiddle_2: autoDraw = True
82.3243 	EXP 	ternusObjRight_2: autoDraw = True
82.3243 	EXP 	FixationCross_2: autoDraw = True
82.3243 	EXP 	portalLeft_2: autoDraw = True
82.3243 	EXP 	portalRight_2: autoDraw = True
82.3243 	EXP 	Barrier_2: autoDraw = True
83.3110 	INFO 	Keyboard events cleared
83.3230 	EXP 	ternusObjLeft_2: autoDraw = False
83.3230 	EXP 	ternusObjMiddle_2: autoDraw = False
83.3230 	EXP 	ternusObjRight_2: autoDraw = False
83.3230 	EXP 	portalLeft_2: autoDraw = False
83.3230 	EXP 	portalRight_2: autoDraw = False
83.3230 	EXP 	Barrier_2: autoDraw = False
83.6796 	EXP 	Device response: <KeyPress from None: t=83.67780869995477, value=j, duration=None>
83.6808 	DATA 	Keypress: j
83.6889 	EXP 	ternusObjLeft_2: autoDraw = False
83.6889 	EXP 	ternusObjMiddle_2: autoDraw = False
83.6889 	EXP 	ternusObjRight_2: autoDraw = False
83.6889 	EXP 	FixationCross_2: autoDraw = False
83.6889 	EXP 	portalLeft_2: autoDraw = False
83.6889 	EXP 	portalRight_2: autoDraw = False
83.6889 	EXP 	Barrier_2: autoDraw = False
83.6889 	EXP 	FixationCrossBlank800: autoDraw = True
83.8001 	EXP 	Device response: <KeyPress from None: t=83.67780869995477, value=j, duration=0.11234150000382215>
84.4789 	EXP 	New trial (rep=0, index=16): <Trial 16 (16 in rep 0) data={'condition': 'Standard', 'interstim_interval': 0, 'thisN': 16, 'thisTrialN': 16, 'thisRepN': 0}>
84.4893 	EXP 	FixationCrossBlank800: autoDraw = False
84.4893 	EXP 	FixationCrossBlank800: autoDraw = False
84.4893 	EXP 	portalLeft: fillColor = <psychopy.colors.Color: (-0.4, 0.37, -0.42, 1.0)>
84.4893 	EXP 	portalLeft: borderColor = <psychopy.colors.Color: (-0.4, 0.37, -0.42, 1.0)>
84.4893 	EXP 	portalRight: fillColor = <psychopy.colors.Color: (-0.4, 0.37, -0.42, 1.0)>
84.4893 	EXP 	portalRight: borderColor = <psychopy.colors.Color: (-0.4, 0.37, -0.42, 1.0)>
84.4893 	EXP 	Barrier: fillColor = <psychopy.colors.Color: (-0.4, 0.37, -0.42, 1.0)>
84.4893 	EXP 	Barrier: borderColor = <psychopy.colors.Color: (-0.4, 0.37, -0.42, 1.0)>
84.4893 	EXP 	ternusObjLeft: autoDraw = True
84.4893 	EXP 	ternusObjMiddle: autoDraw = True
84.4893 	EXP 	ternusObjRight: autoDraw = True
84.4893 	EXP 	FixationCross: autoDraw = True
84.4893 	EXP 	portalLeft: autoDraw = True
84.4893 	EXP 	portalRight: autoDraw = True
84.4893 	EXP 	Barrier: autoDraw = True
85.4911 	EXP 	ternusObjLeft: autoDraw = False
85.4911 	EXP 	ternusObjMiddle: autoDraw = False
85.4911 	EXP 	ternusObjRight: autoDraw = False
85.4911 	EXP 	FixationCross: autoDraw = False
85.4911 	EXP 	portalLeft: autoDraw = False
85.4911 	EXP 	portalRight: autoDraw = False
85.4911 	EXP 	Barrier: autoDraw = False
85.4911 	EXP 	ternusObjLeft: autoDraw = False
85.4911 	EXP 	ternusObjMiddle: autoDraw = False
85.4911 	EXP 	ternusObjRight: autoDraw = False
85.4911 	EXP 	FixationCross: autoDraw = False
85.4911 	EXP 	portalLeft: autoDraw = False
85.4911 	EXP 	portalRight: autoDraw = False
85.4911 	EXP 	Barrier: autoDraw = False
85.4911 	EXP 	FixationCrossBlank: autoDraw = True
85.4911 	EXP 	FixationCrossBlank: autoDraw = False
85.4911 	EXP 	FixationCrossBlank: autoDraw = False
85.4911 	EXP 	ternusObjLeft_2: fillColor = <psychopy.colors.Color: black, alpha=1.0>
85.4911 	EXP 	ternusObjLeft_2: borderColor = <psychopy.colors.Color: black, alpha=1.0>
85.4911 	EXP 	ternusObjRight_2: fillColor = <psychopy.colors.Color: black, alpha=1.0>
85.4911 	EXP 	ternusObjRight_2: borderColor = <psychopy.colors.Color: black, alpha=1.0>
85.4911 	EXP 	portalLeft_2: fillColor = <psychopy.colors.Color: (-0.4, 0.37, -0.42, 1.0)>
85.4911 	EXP 	portalLeft_2: borderColor = <psychopy.colors.Color: (-0.4, 0.37, -0.42, 1.0)>
85.4911 	EXP 	portalRight_2: fillColor = <psychopy.colors.Color: (-0.4, 0.37, -0.42, 1.0)>
85.4911 	EXP 	portalRight_2: borderColor = <psychopy.colors.Color: (-0.4, 0.37, -0.42, 1.0)>
85.4911 	EXP 	Barrier_2: fillColor = <psychopy.colors.Color: (-0.4, 0.37, -0.42, 1.0)>
85.4911 	EXP 	Barrier_2: borderColor = <psychopy.colors.Color: (-0.4, 0.37, -0.42, 1.0)>
85.4911 	EXP 	ternusObjLeft_2: autoDraw = True
85.4911 	EXP 	ternusObjMiddle_2: autoDraw = True
85.4911 	EXP 	ternusObjRight_2: autoDraw = True
85.4911 	EXP 	FixationCross_2: autoDraw = True
85.4911 	EXP 	portalLeft_2: autoDraw = True
85.4911 	EXP 	portalRight_2: autoDraw = True
85.4911 	EXP 	Barrier_2: autoDraw = True
86.4784 	INFO 	Keyboard events cleared
86.4895 	EXP 	ternusObjLeft_2: autoDraw = False
86.4895 	EXP 	ternusObjMiddle_2: autoDraw = False
86.4895 	EXP 	ternusObjRight_2: autoDraw = False
86.4895 	EXP 	portalLeft_2: autoDraw = False
86.4895 	EXP 	portalRight_2: autoDraw = False
86.4895 	EXP 	Barrier_2: autoDraw = False
87.4009 	EXP 	Device response: <KeyPress from None: t=87.38971139997011, value=f, duration=None>
87.4018 	DATA 	Keypress: f
87.4108 	EXP 	ternusObjLeft_2: autoDraw = False
87.4108 	EXP 	ternusObjMiddle_2: autoDraw = False
87.4108 	EXP 	ternusObjRight_2: autoDraw = False
87.4108 	EXP 	FixationCross_2: autoDraw = False
87.4108 	EXP 	portalLeft_2: autoDraw = False
87.4108 	EXP 	portalRight_2: autoDraw = False
87.4108 	EXP 	Barrier_2: autoDraw = False
87.4108 	EXP 	FixationCrossBlank800: autoDraw = True
87.5119 	EXP 	Device response: <KeyPress from None: t=87.38971139997011, value=f, duration=0.11611360003007576>
88.1998 	EXP 	New trial (rep=0, index=17): <Trial 17 (17 in rep 0) data={'condition': 'Standard', 'interstim_interval': 0.16, 'thisN': 17, 'thisTrialN': 17, 'thisRepN': 0}>
88.2111 	EXP 	FixationCrossBlank800: autoDraw = False
88.2111 	EXP 	FixationCrossBlank800: autoDraw = False
88.2111 	EXP 	portalLeft: fillColor = <psychopy.colors.Color: (0.79, -0.8, -0.78, 1.0)>
88.2111 	EXP 	portalLeft: borderColor = <psychopy.colors.Color: (0.79, -0.8, -0.78, 1.0)>
88.2111 	EXP 	portalRight: fillColor = <psychopy.colors.Color: (0.79, -0.8, -0.78, 1.0)>
88.2111 	EXP 	portalRight: borderColor = <psychopy.colors.Color: (0.79, -0.8, -0.78, 1.0)>
88.2111 	EXP 	Barrier: fillColor = <psychopy.colors.Color: (0.79, -0.8, -0.78, 1.0)>
88.2111 	EXP 	Barrier: borderColor = <psychopy.colors.Color: (0.79, -0.8, -0.78, 1.0)>
88.2111 	EXP 	ternusObjLeft: autoDraw = True
88.2111 	EXP 	ternusObjMiddle: autoDraw = True
88.2111 	EXP 	ternusObjRight: autoDraw = True
88.2111 	EXP 	FixationCross: autoDraw = True
88.2111 	EXP 	portalLeft: autoDraw = True
88.2111 	EXP 	portalRight: autoDraw = True
88.2111 	EXP 	Barrier: autoDraw = True
89.2116 	EXP 	ternusObjLeft: autoDraw = False
89.2116 	EXP 	ternusObjMiddle: autoDraw = False
89.2116 	EXP 	ternusObjRight: autoDraw = False
89.2116 	EXP 	FixationCross: autoDraw = False
89.2116 	EXP 	portalLeft: autoDraw = False
89.2116 	EXP 	portalRight: autoDraw = False
89.2116 	EXP 	Barrier: autoDraw = False
89.2116 	EXP 	ternusObjLeft: autoDraw = False
89.2116 	EXP 	ternusObjMiddle: autoDraw = False
89.2116 	EXP 	ternusObjRight: autoDraw = False
89.2116 	EXP 	FixationCross: autoDraw = False
89.2116 	EXP 	portalLeft: autoDraw = False
89.2116 	EXP 	portalRight: autoDraw = False
89.2116 	EXP 	Barrier: autoDraw = False
89.2116 	EXP 	FixationCrossBlank: autoDraw = True
89.3687 	EXP 	FixationCrossBlank: autoDraw = False
89.3687 	EXP 	FixationCrossBlank: autoDraw = False
89.3687 	EXP 	ternusObjLeft_2: fillColor = <psychopy.colors.Color: black, alpha=1.0>
89.3687 	EXP 	ternusObjLeft_2: borderColor = <psychopy.colors.Color: black, alpha=1.0>
89.3687 	EXP 	ternusObjRight_2: fillColor = <psychopy.colors.Color: black, alpha=1.0>
89.3687 	EXP 	ternusObjRight_2: borderColor = <psychopy.colors.Color: black, alpha=1.0>
89.3687 	EXP 	portalLeft_2: fillColor = <psychopy.colors.Color: (0.79, -0.8, -0.78, 1.0)>
89.3687 	EXP 	portalLeft_2: borderColor = <psychopy.colors.Color: (0.79, -0.8, -0.78, 1.0)>
89.3687 	EXP 	portalRight_2: fillColor = <psychopy.colors.Color: (0.79, -0.8, -0.78, 1.0)>
89.3687 	EXP 	portalRight_2: borderColor = <psychopy.colors.Color: (0.79, -0.8, -0.78, 1.0)>
89.3687 	EXP 	Barrier_2: fillColor = <psychopy.colors.Color: (0.79, -0.8, -0.78, 1.0)>
89.3687 	EXP 	Barrier_2: borderColor = <psychopy.colors.Color: (0.79, -0.8, -0.78, 1.0)>
89.3687 	EXP 	ternusObjLeft_2: autoDraw = True
89.3687 	EXP 	ternusObjMiddle_2: autoDraw = True
89.3687 	EXP 	ternusObjRight_2: autoDraw = True
89.3687 	EXP 	FixationCross_2: autoDraw = True
89.3687 	EXP 	portalLeft_2: autoDraw = True
89.3687 	EXP 	portalRight_2: autoDraw = True
89.3687 	EXP 	Barrier_2: autoDraw = True
90.3563 	INFO 	Keyboard events cleared
90.3667 	EXP 	ternusObjLeft_2: autoDraw = False
90.3667 	EXP 	ternusObjMiddle_2: autoDraw = False
90.3667 	EXP 	ternusObjRight_2: autoDraw = False
90.3667 	EXP 	portalLeft_2: autoDraw = False
90.3667 	EXP 	portalRight_2: autoDraw = False
90.3667 	EXP 	Barrier_2: autoDraw = False
90.7118 	EXP 	Device response: <KeyPress from None: t=90.70612769998843, value=j, duration=None>
90.7127 	DATA 	Keypress: j
90.7218 	EXP 	ternusObjLeft_2: autoDraw = False
90.7218 	EXP 	ternusObjMiddle_2: autoDraw = False
90.7218 	EXP 	ternusObjRight_2: autoDraw = False
90.7218 	EXP 	FixationCross_2: autoDraw = False
90.7218 	EXP 	portalLeft_2: autoDraw = False
90.7218 	EXP 	portalRight_2: autoDraw = False
90.7218 	EXP 	Barrier_2: autoDraw = False
90.7218 	EXP 	FixationCrossBlank800: autoDraw = True
90.8225 	EXP 	Device response: <KeyPress from None: t=90.70612769998843, value=j, duration=0.11070620000828058>
91.5327 	INFO 	Keyboard events cleared
91.5326 	EXP 	FixationCrossBlank800: autoDraw = False
91.5326 	EXP 	FixationCrossBlank800: autoDraw = False
91.5326 	EXP 	textBlockInstructions: height = 0.025
91.5326 	EXP 	textBlockInstructions: height = 0.025
91.5326 	EXP 	textBlockInstructions: height = 0.025
91.5326 	EXP 	textBlockInstructions: text = "Sehr gut! Du hast Block 1 von 10 abgeschlossen.\n\nMach gerne eine kurze Pause.\n\nBitte drücke die 'F'-Taste, wenn sich die Elemente unabhängig voneinander bewegen (Elementbewegung), und die 'J'-Taste, wenn sich die Elemente gemeinsam  bewegen (Gruppenbewegung).\n\nDrücke die Leertaste, um mit dem nächsten Block fortzufahren."
91.5326 	EXP 	textBlockInstructions: autoDraw = True
94.3783 	EXP 	Device response: <KeyPress from None: t=94.3758004999836, value=escape, duration=None>
94.3791 	DATA 	Keypress: escape
94.4555 	EXP 	Device response: <KeyPress from None: t=94.3758004999836, value=escape, duration=0.07916219998151064>
94.4555 	EXP 	Teamprojekt: status = STOPPED
94.4659 	EXP 	textBlockInstructions: autoDraw = False
94.4659 	EXP 	Teamprojekt: status = STOPPED
94.4888 	INFO 	saved data to 'C:\\Users\\maria\\Documents\\Teamprojekt_Testphase\\data\\_Teamprojekt_2026-06-16_21h29.38.090.csv'
94.4903 	INFO 	saved data to C:\Users\maria\Documents\Teamprojekt_Testphase\data\_Teamprojekt_2026-06-16_21h29.38.090.psydat
94.8484 	WARNING 	Stopping key buffers but this could be dangerous ifother keyboards rely on the same.
94.8594 	WARNING 	Stopping key buffers but this could be dangerous ifother keyboards rely on the same.
94.8594 	WARNING 	Stopping key buffers but this could be dangerous ifother keyboards rely on the same.
94.8595 	WARNING 	Stopping key buffers but this could be dangerous ifother keyboards rely on the same.
