6.9640 	INFO 	Loaded monitor calibration from ['2026_06_03 14:46']
6.9783 	WARNING 	User requested fullscreen with size [1280  800], but screen is actually [2560, 1600]. Using actual size
7.4012 	INFO 	Using renderer 'AMD RadeonT 780M' for graphics
7.4012 	INFO 	OpenGL version supported by driver is 4..
7.4590 	EXP 	Created window1 = Window(allowGUI=False, allowStencil=False, autoLog=True, backendConf=UNKNOWN, backgroundFit=<method-wrapper '__getattribute__' of attributeSetter object at 0x000001E4057820E0>, backgroundImage=<method-wrapper '__getattribute__' of attributeSetter object at 0x000001E405782080>, bitsMode=UNKNOWN, blendMode='avg', bpc=(8, 8, 8), color=array([0, 0, 0]), colorSpace='rgb', depthBits=8, fullscr=True, gamma=None, gammaErrorPolicy='raise', infoMsg=UNKNOWN, lms=UNKNOWN, monitor=<psychopy.monitors.calibTools.Monitor object at 0x000001E405893B20>, multiSample=False, name='window1', numSamples=2, pos=[0.0, 0.0], screen=0, size=array([2560, 1600]), stencilBits=0, stereo=False, title='PsychoPy', units='height', useFBO=True, useRetina=False, viewOri=0.0, viewPos=None, viewScale=None, waitBlanking=True, winType='pyglet')
7.4591 	EXP 	window1: backgroundImage = ''
7.4591 	EXP 	window1: backgroundFit = 'none'
8.0998 	EXP 	window1: Attempting to measure frame rate of screen (0) ...
8.0998 	EXP 	window1: recordFrameIntervals = False
8.2719 	EXP 	window1: recordFrameIntervals = True
8.5245 	EXP 	Screen (0) actual frame rate measured at 86.99Hz
8.5246 	EXP 	window1: recordFrameIntervals = False
8.6896 	INFO 	keyboard.Keyboard is using ptb backend.
8.6898 	INFO 	keyboard.Keyboard is using ptb backend.
8.6898 	INFO 	keyboard.Keyboard is using ptb backend.
8.6899 	INFO 	keyboard.Keyboard is using ptb backend.
8.6899 	INFO 	keyboard.Keyboard is using ptb backend.
8.6900 	INFO 	keyboard.Keyboard is using ptb backend.
8.6900 	INFO 	keyboard.Keyboard is using ptb backend.
8.6900 	EXP 	Teamprojekt: status = STARTED
8.8187 	EXP 	Created textInstructions = TextStim(__class__=<class 'psychopy.visual.text.TextStim'>, alignHoriz=method-wrapper(...), alignText='center', alignVert=method-wrapper(...), anchorHoriz='center', anchorVert='center', antialias=True, autoDraw=False, autoLog=True, bold=False, color=array([1., 1., 1.]), colorSpace='rgb', contrast=1.0, depth=0.0, draggable=False, flipHoriz=False, flipVert=False, font='Arial', fontFiles=[], height=0.025, italic=False, languageStyle='LTR', name='textInstructions', opacity=1, ori=0.0, pos=array([0., 0.]), rgb=UNKNOWN, text=str(...), units='height', win=Window(...), wrapWidth=1)
8.8232 	EXP 	Created ternusExampleLeft = ShapeStim(__class__=<class 'psychopy.visual.shape.ShapeStim'>, anchor=('center', 'center'), autoDraw=False, autoLog=True, closeShape=True, color=method-wrapper(...), colorSpace='rgb', contrast=None, depth=0.0, draggable=False, fillColor=array([-1., -1., -1.]), fillColorSpace='rgb', fillRGB=array([-1., -1., -1.]), interpolate=True, lineColor=array([-1., -1., -1.]), lineColorSpace='rgb', lineRGB=array([-1., -1., -1.]), lineWidth=1.0, name='ternusExampleLeft', opacity=1, ori=0.0, pos=array([-3.,  2.]), size=array([1.6, 1.6]), units='deg', vertices=ndarray(...), win=Window(...), windingRule=None)
8.8262 	EXP 	Created ternusExampleMiddle = ShapeStim(__class__=<class 'psychopy.visual.shape.ShapeStim'>, anchor=('center', 'center'), autoDraw=False, autoLog=True, closeShape=True, color=method-wrapper(...), colorSpace='rgb', contrast=None, depth=-1.0, draggable=False, fillColor=array([-1., -1., -1.]), fillColorSpace='rgb', fillRGB=array([-1., -1., -1.]), interpolate=True, lineColor=array([-1., -1., -1.]), lineColorSpace='rgb', lineRGB=array([-1., -1., -1.]), lineWidth=1.0, name='ternusExampleMiddle', opacity=1, ori=0.0, pos=array([-1.,  2.]), size=array([1.6, 1.6]), units='deg', vertices=ndarray(...), win=Window(...), windingRule=None)
8.8289 	EXP 	Created ternusExampleRight = ShapeStim(__class__=<class 'psychopy.visual.shape.ShapeStim'>, anchor=('center', 'center'), autoDraw=False, autoLog=True, closeShape=True, color=method-wrapper(...), colorSpace='rgb', contrast=None, depth=-2.0, draggable=False, fillColor=array([-1., -1., -1.]), fillColorSpace='rgb', fillRGB=array([-1., -1., -1.]), interpolate=True, lineColor=array([-1., -1., -1.]), lineColorSpace='rgb', lineRGB=array([-1., -1., -1.]), lineWidth=1.0, name='ternusExampleRight', opacity=1, ori=0.0, pos=array([1., 2.]), size=array([1.6, 1.6]), units='deg', vertices=ndarray(...), win=Window(...), windingRule=None)
8.8303 	EXP 	Created FixationCrossExample = ShapeStim(__class__=<class 'psychopy.visual.shape.ShapeStim'>, anchor=('center', 'center'), autoDraw=False, autoLog=True, closeShape=True, color=method-wrapper(...), colorSpace='rgb', contrast=None, depth=-3.0, draggable=False, fillColor=array([-1., -1., -1.]), fillColorSpace='rgb', fillRGB=array([-1., -1., -1.]), interpolate=True, lineColor=array([-1., -1., -1.]), lineColorSpace='rgb', lineRGB=array([-1., -1., -1.]), lineWidth=1.0, name='FixationCrossExample', opacity=1, ori=0.0, pos=array([0., 0.]), size=array([0.2, 0.2]), units='deg', vertices=ndarray(...), win=Window(...), windingRule=None)
8.8329 	EXP 	Created ternusExampleLeft_2 = ShapeStim(__class__=<class 'psychopy.visual.shape.ShapeStim'>, anchor=('center', 'center'), autoDraw=False, autoLog=True, closeShape=True, color=method-wrapper(...), colorSpace='rgb', contrast=None, depth=0.0, draggable=False, fillColor=array([-1., -1., -1.]), fillColorSpace='rgb', fillRGB=array([-1., -1., -1.]), interpolate=True, lineColor=array([-1., -1., -1.]), lineColorSpace='rgb', lineRGB=array([-1., -1., -1.]), lineWidth=1.0, name='ternusExampleLeft_2', opacity=1, ori=0.0, pos=array([-1.,  2.]), size=array([1.6, 1.6]), units='deg', vertices=ndarray(...), win=Window(...), windingRule=None)
8.8357 	EXP 	Created ternusExampleMiddle_2 = ShapeStim(__class__=<class 'psychopy.visual.shape.ShapeStim'>, anchor=('center', 'center'), autoDraw=False, autoLog=True, closeShape=True, color=method-wrapper(...), colorSpace='rgb', contrast=None, depth=-1.0, draggable=False, fillColor=array([-1., -1., -1.]), fillColorSpace='rgb', fillRGB=array([-1., -1., -1.]), interpolate=True, lineColor=array([-1., -1., -1.]), lineColorSpace='rgb', lineRGB=array([-1., -1., -1.]), lineWidth=1.0, name='ternusExampleMiddle_2', opacity=1, ori=0.0, pos=array([1., 2.]), size=array([1.6, 1.6]), units='deg', vertices=ndarray(...), win=Window(...), windingRule=None)
8.8384 	EXP 	Created ternusExampleRight_2 = ShapeStim(__class__=<class 'psychopy.visual.shape.ShapeStim'>, anchor=('center', 'center'), autoDraw=False, autoLog=True, closeShape=True, color=method-wrapper(...), colorSpace='rgb', contrast=None, depth=-2.0, draggable=False, fillColor=array([-1., -1., -1.]), fillColorSpace='rgb', fillRGB=array([-1., -1., -1.]), interpolate=True, lineColor=array([-1., -1., -1.]), lineColorSpace='rgb', lineRGB=array([-1., -1., -1.]), lineWidth=1.0, name='ternusExampleRight_2', opacity=1, ori=0.0, pos=array([3., 2.]), size=array([1.6, 1.6]), units='deg', vertices=ndarray(...), win=Window(...), windingRule=None)
8.8397 	EXP 	Created FixationCrossExample_2 = ShapeStim(__class__=<class 'psychopy.visual.shape.ShapeStim'>, anchor=('center', 'center'), autoDraw=False, autoLog=True, closeShape=True, color=method-wrapper(...), colorSpace='rgb', contrast=None, depth=-3.0, draggable=False, fillColor=array([-1., -1., -1.]), fillColorSpace='rgb', fillRGB=array([-1., -1., -1.]), interpolate=True, lineColor=array([-1., -1., -1.]), lineColorSpace='rgb', lineRGB=array([-1., -1., -1.]), lineWidth=1.0, name='FixationCrossExample_2', opacity=1, ori=0.0, pos=array([0., 0.]), size=array([0.2, 0.2]), units='deg', vertices=ndarray(...), win=Window(...), windingRule=None)
8.8409 	EXP 	Created FixationCrossBlank800 = ShapeStim(__class__=<class 'psychopy.visual.shape.ShapeStim'>, anchor=('center', 'center'), autoDraw=False, autoLog=True, closeShape=True, color=method-wrapper(...), colorSpace='rgb', contrast=None, depth=0.0, draggable=False, fillColor=array([-1., -1., -1.]), fillColorSpace='rgb', fillRGB=array([-1., -1., -1.]), interpolate=True, lineColor=array([-1., -1., -1.]), lineColorSpace='rgb', lineRGB=array([-1., -1., -1.]), lineWidth=1.0, name='FixationCrossBlank800', opacity=1, ori=0.0, pos=array([0., 0.]), size=array([0.2, 0.2]), units='deg', vertices=ndarray(...), win=Window(...), windingRule=None)
8.9396 	EXP 	Created textElementMotion = TextStim(__class__=<class 'psychopy.visual.text.TextStim'>, alignHoriz=method-wrapper(...), alignText='center', alignVert=method-wrapper(...), anchorHoriz='center', anchorVert='center', antialias=True, autoDraw=False, autoLog=True, bold=False, color=array([1., 1., 1.]), colorSpace='rgb', contrast=1.0, depth=-1.0, draggable=False, flipHoriz=False, flipVert=False, font='Arial', fontFiles=[], height=0.05, italic=False, languageStyle='LTR', name='textElementMotion', opacity=1, ori=0.0, pos=array([0., 0.]), rgb=UNKNOWN, text=str(...), units='height', win=Window(...), wrapWidth=1)
8.9428 	EXP 	Created ternusExampleLeft = ShapeStim(__class__=<class 'psychopy.visual.shape.ShapeStim'>, anchor=('center', 'center'), autoDraw=False, autoLog=True, closeShape=True, color=method-wrapper(...), colorSpace='rgb', contrast=None, depth=0.0, draggable=False, fillColor=array([-1., -1., -1.]), fillColorSpace='rgb', fillRGB=array([-1., -1., -1.]), interpolate=True, lineColor=array([-1., -1., -1.]), lineColorSpace='rgb', lineRGB=array([-1., -1., -1.]), lineWidth=1.0, name='ternusExampleLeft', opacity=1, ori=0.0, pos=array([-3.,  2.]), size=array([1.6, 1.6]), units='deg', vertices=ndarray(...), win=Window(...), windingRule=None)
8.9456 	EXP 	Created ternusExampleMiddle = ShapeStim(__class__=<class 'psychopy.visual.shape.ShapeStim'>, anchor=('center', 'center'), autoDraw=False, autoLog=True, closeShape=True, color=method-wrapper(...), colorSpace='rgb', contrast=None, depth=-1.0, draggable=False, fillColor=array([-1., -1., -1.]), fillColorSpace='rgb', fillRGB=array([-1., -1., -1.]), interpolate=True, lineColor=array([-1., -1., -1.]), lineColorSpace='rgb', lineRGB=array([-1., -1., -1.]), lineWidth=1.0, name='ternusExampleMiddle', opacity=1, ori=0.0, pos=array([-1.,  2.]), size=array([1.6, 1.6]), units='deg', vertices=ndarray(...), win=Window(...), windingRule=None)
8.9483 	EXP 	Created ternusExampleRight = ShapeStim(__class__=<class 'psychopy.visual.shape.ShapeStim'>, anchor=('center', 'center'), autoDraw=False, autoLog=True, closeShape=True, color=method-wrapper(...), colorSpace='rgb', contrast=None, depth=-2.0, draggable=False, fillColor=array([-1., -1., -1.]), fillColorSpace='rgb', fillRGB=array([-1., -1., -1.]), interpolate=True, lineColor=array([-1., -1., -1.]), lineColorSpace='rgb', lineRGB=array([-1., -1., -1.]), lineWidth=1.0, name='ternusExampleRight', opacity=1, ori=0.0, pos=array([1., 2.]), size=array([1.6, 1.6]), units='deg', vertices=ndarray(...), win=Window(...), windingRule=None)
8.9496 	EXP 	Created FixationCrossExample = ShapeStim(__class__=<class 'psychopy.visual.shape.ShapeStim'>, anchor=('center', 'center'), autoDraw=False, autoLog=True, closeShape=True, color=method-wrapper(...), colorSpace='rgb', contrast=None, depth=-3.0, draggable=False, fillColor=array([-1., -1., -1.]), fillColorSpace='rgb', fillRGB=array([-1., -1., -1.]), interpolate=True, lineColor=array([-1., -1., -1.]), lineColorSpace='rgb', lineRGB=array([-1., -1., -1.]), lineWidth=1.0, name='FixationCrossExample', opacity=1, ori=0.0, pos=array([0., 0.]), size=array([0.2, 0.2]), units='deg', vertices=ndarray(...), win=Window(...), windingRule=None)
8.9577 	EXP 	Created text = TextStim(__class__=<class 'psychopy.visual.text.TextStim'>, alignHoriz=method-wrapper(...), alignText='center', alignVert=method-wrapper(...), anchorHoriz='center', anchorVert='center', antialias=True, autoDraw=False, autoLog=True, bold=False, color=array([1., 1., 1.]), colorSpace='rgb', contrast=1.0, depth=0.0, draggable=False, flipHoriz=False, flipVert=False, font='Arial', fontFiles=[], height=0.05, italic=False, languageStyle='LTR', name='text', opacity=1, ori=0.0, pos=array([0., 0.]), rgb=UNKNOWN, text='Any text\n\nincluding line breaks', units='height', win=Window(...), wrapWidth=1)
8.9605 	EXP 	Created ternusExampleLeft_2 = ShapeStim(__class__=<class 'psychopy.visual.shape.ShapeStim'>, anchor=('center', 'center'), autoDraw=False, autoLog=True, closeShape=True, color=method-wrapper(...), colorSpace='rgb', contrast=None, depth=0.0, draggable=False, fillColor=array([-1., -1., -1.]), fillColorSpace='rgb', fillRGB=array([-1., -1., -1.]), interpolate=True, lineColor=array([-1., -1., -1.]), lineColorSpace='rgb', lineRGB=array([-1., -1., -1.]), lineWidth=1.0, name='ternusExampleLeft_2', opacity=1, ori=0.0, pos=array([-1.,  2.]), size=array([1.6, 1.6]), units='deg', vertices=ndarray(...), win=Window(...), windingRule=None)
8.9631 	EXP 	Created ternusExampleMiddle_2 = ShapeStim(__class__=<class 'psychopy.visual.shape.ShapeStim'>, anchor=('center', 'center'), autoDraw=False, autoLog=True, closeShape=True, color=method-wrapper(...), colorSpace='rgb', contrast=None, depth=-1.0, draggable=False, fillColor=array([-1., -1., -1.]), fillColorSpace='rgb', fillRGB=array([-1., -1., -1.]), interpolate=True, lineColor=array([-1., -1., -1.]), lineColorSpace='rgb', lineRGB=array([-1., -1., -1.]), lineWidth=1.0, name='ternusExampleMiddle_2', opacity=1, ori=0.0, pos=array([1., 2.]), size=array([1.6, 1.6]), units='deg', vertices=ndarray(...), win=Window(...), windingRule=None)
8.9658 	EXP 	Created ternusExampleRight_2 = ShapeStim(__class__=<class 'psychopy.visual.shape.ShapeStim'>, anchor=('center', 'center'), autoDraw=False, autoLog=True, closeShape=True, color=method-wrapper(...), colorSpace='rgb', contrast=None, depth=-2.0, draggable=False, fillColor=array([-1., -1., -1.]), fillColorSpace='rgb', fillRGB=array([-1., -1., -1.]), interpolate=True, lineColor=array([-1., -1., -1.]), lineColorSpace='rgb', lineRGB=array([-1., -1., -1.]), lineWidth=1.0, name='ternusExampleRight_2', opacity=1, ori=0.0, pos=array([3., 2.]), size=array([1.6, 1.6]), units='deg', vertices=ndarray(...), win=Window(...), windingRule=None)
8.9672 	EXP 	Created FixationCrossExample_2 = ShapeStim(__class__=<class 'psychopy.visual.shape.ShapeStim'>, anchor=('center', 'center'), autoDraw=False, autoLog=True, closeShape=True, color=method-wrapper(...), colorSpace='rgb', contrast=None, depth=-3.0, draggable=False, fillColor=array([-1., -1., -1.]), fillColorSpace='rgb', fillRGB=array([-1., -1., -1.]), interpolate=True, lineColor=array([-1., -1., -1.]), lineColorSpace='rgb', lineRGB=array([-1., -1., -1.]), lineWidth=1.0, name='FixationCrossExample_2', opacity=1, ori=0.0, pos=array([0., 0.]), size=array([0.2, 0.2]), units='deg', vertices=ndarray(...), win=Window(...), windingRule=None)
8.9684 	EXP 	Created FixationCrossBlank800 = ShapeStim(__class__=<class 'psychopy.visual.shape.ShapeStim'>, anchor=('center', 'center'), autoDraw=False, autoLog=True, closeShape=True, color=method-wrapper(...), colorSpace='rgb', contrast=None, depth=0.0, draggable=False, fillColor=array([-1., -1., -1.]), fillColorSpace='rgb', fillRGB=array([-1., -1., -1.]), interpolate=True, lineColor=array([-1., -1., -1.]), lineColorSpace='rgb', lineRGB=array([-1., -1., -1.]), lineWidth=1.0, name='FixationCrossBlank800', opacity=1, ori=0.0, pos=array([0., 0.]), size=array([0.2, 0.2]), units='deg', vertices=ndarray(...), win=Window(...), windingRule=None)
8.9843 	EXP 	Created text_2 = TextStim(__class__=<class 'psychopy.visual.text.TextStim'>, alignHoriz=method-wrapper(...), alignText='center', alignVert=method-wrapper(...), anchorHoriz='center', anchorVert='center', antialias=True, autoDraw=False, autoLog=True, bold=False, color=array([1., 1., 1.]), colorSpace='rgb', contrast=1.0, depth=-1.0, draggable=False, flipHoriz=False, flipVert=False, font='Arial', fontFiles=[], height=0.05, italic=False, languageStyle='LTR', name='text_2', opacity=1, ori=0.0, pos=array([0., 0.]), rgb=UNKNOWN, text=str(...), units='height', win=Window(...), wrapWidth=1)
8.9909 	EXP 	Created textStartMessage = TextStim(__class__=<class 'psychopy.visual.text.TextStim'>, alignHoriz=method-wrapper(...), alignText='center', alignVert=method-wrapper(...), anchorHoriz='center', anchorVert='center', antialias=True, autoDraw=False, autoLog=True, bold=False, color=array([1., 1., 1.]), colorSpace='rgb', contrast=1.0, depth=0.0, draggable=False, flipHoriz=False, flipVert=False, font='Arial', fontFiles=[], height=0.05, italic=False, languageStyle='LTR', name='textStartMessage', opacity=1, ori=0.0, pos=array([0., 0.]), rgb=UNKNOWN, text=str(...), units='height', win=Window(...), wrapWidth=1)
8.9937 	EXP 	Created ternusObjLeft = ShapeStim(__class__=<class 'psychopy.visual.shape.ShapeStim'>, anchor=('center', 'center'), autoDraw=False, autoLog=True, closeShape=True, color=method-wrapper(...), colorSpace='rgb', contrast=None, depth=-1.0, draggable=False, fillColor=array([-1., -1., -1.]), fillColorSpace='rgb', fillRGB=array([-1., -1., -1.]), interpolate=True, lineColor=array([-1., -1., -1.]), lineColorSpace='rgb', lineRGB=array([-1., -1., -1.]), lineWidth=1.0, name='ternusObjLeft', opacity=1, ori=0.0, pos=array([-3.,  2.]), size=array([1.6, 1.6]), units='deg', vertices=ndarray(...), win=Window(...), windingRule=None)
8.9964 	EXP 	Created ternusObjMiddle = ShapeStim(__class__=<class 'psychopy.visual.shape.ShapeStim'>, anchor=('center', 'center'), autoDraw=False, autoLog=True, closeShape=True, color=method-wrapper(...), colorSpace='rgb', contrast=None, depth=-2.0, draggable=False, fillColor=array([-1., -1., -1.]), fillColorSpace='rgb', fillRGB=array([-1., -1., -1.]), interpolate=True, lineColor=array([-1., -1., -1.]), lineColorSpace='rgb', lineRGB=array([-1., -1., -1.]), lineWidth=1.0, name='ternusObjMiddle', opacity=1, ori=0.0, pos=array([-1.,  2.]), size=array([1.6, 1.6]), units='deg', vertices=ndarray(...), win=Window(...), windingRule=None)
8.9990 	EXP 	Created ternusObjRight = ShapeStim(__class__=<class 'psychopy.visual.shape.ShapeStim'>, anchor=('center', 'center'), autoDraw=False, autoLog=True, closeShape=True, color=method-wrapper(...), colorSpace='rgb', contrast=None, depth=-3.0, draggable=False, fillColor=array([-1., -1., -1.]), fillColorSpace='rgb', fillRGB=array([-1., -1., -1.]), interpolate=True, lineColor=array([-1., -1., -1.]), lineColorSpace='rgb', lineRGB=array([-1., -1., -1.]), lineWidth=1.0, name='ternusObjRight', opacity=1, ori=0.0, pos=array([1., 2.]), size=array([1.6, 1.6]), units='deg', vertices=ndarray(...), win=Window(...), windingRule=None)
9.0002 	EXP 	Created FixationCross = ShapeStim(__class__=<class 'psychopy.visual.shape.ShapeStim'>, anchor=('center', 'center'), autoDraw=False, autoLog=True, closeShape=True, color=method-wrapper(...), colorSpace='rgb', contrast=None, depth=-4.0, draggable=False, fillColor=array([-1., -1., -1.]), fillColorSpace='rgb', fillRGB=array([-1., -1., -1.]), interpolate=True, lineColor=array([-1., -1., -1.]), lineColorSpace='rgb', lineRGB=array([-1., -1., -1.]), lineWidth=1.0, name='FixationCross', opacity=1, ori=0.0, pos=array([0., 0.]), size=array([0.2, 0.2]), units='deg', vertices=ndarray(...), win=Window(...), windingRule=None)
9.0016 	EXP 	Created portalLeft = Rect(__class__=<class 'psychopy.visual.rect.Rect'>, anchor=('center', 'center'), autoDraw=False, autoLog=True, closeShape=True, color=method-wrapper(...), colorSpace='rgb', contrast=None, depth=-5.0, draggable=False, fillColor=array([1, 1, 1]), fillColorSpace='rgb', fillRGB=array([1, 1, 1]), interpolate=True, lineColor=array([1., 1., 1.]), lineColorSpace='rgb', lineRGB=array([1, 1, 1]), lineWidth=1.0, name='portalLeft', opacity=1.0, ori=0.0, pos=array([-4.,  2.]), size=array([0.1, 2. ]), units='deg', vertices=ndarray(...), win=Window(...))
9.0028 	EXP 	Created portalRight = Rect(__class__=<class 'psychopy.visual.rect.Rect'>, anchor=('center', 'center'), autoDraw=False, autoLog=True, closeShape=True, color=method-wrapper(...), colorSpace='rgb', contrast=None, depth=-6.0, draggable=False, fillColor=array([1, 1, 1]), fillColorSpace='rgb', fillRGB=array([1, 1, 1]), interpolate=True, lineColor=array([1., 1., 1.]), lineColorSpace='rgb', lineRGB=array([1, 1, 1]), lineWidth=1.0, name='portalRight', opacity=1.0, ori=0.0, pos=array([4., 2.]), size=array([0.1, 2. ]), units='deg', vertices=ndarray(...), win=Window(...))
9.0039 	EXP 	Created Barrier = Rect(__class__=<class 'psychopy.visual.rect.Rect'>, anchor=('center', 'center'), autoDraw=False, autoLog=True, closeShape=True, color=method-wrapper(...), colorSpace='rgb', contrast=None, depth=-7.0, draggable=False, fillColor=array([1, 1, 1]), fillColorSpace='rgb', fillRGB=array([1, 1, 1]), interpolate=True, lineColor=array([1., 1., 1.]), lineColorSpace='rgb', lineRGB=array([1, 1, 1]), lineWidth=1.0, name='Barrier', opacity=1.0, ori=0.0, pos=array([2., 2.]), size=array([0.1, 2. ]), units='deg', vertices=ndarray(...), win=Window(...))
9.0052 	EXP 	Created FixationCrossBlank = ShapeStim(__class__=<class 'psychopy.visual.shape.ShapeStim'>, anchor=('center', 'center'), autoDraw=False, autoLog=True, closeShape=True, color=method-wrapper(...), colorSpace='rgb', contrast=None, depth=0.0, draggable=False, fillColor=array([-1., -1., -1.]), fillColorSpace='rgb', fillRGB=array([-1., -1., -1.]), interpolate=True, lineColor=array([-1., -1., -1.]), lineColorSpace='rgb', lineRGB=array([-1., -1., -1.]), lineWidth=1.0, name='FixationCrossBlank', opacity=1, ori=0.0, pos=array([0., 0.]), size=array([0.2, 0.2]), units='deg', vertices=ndarray(...), win=Window(...), windingRule=None)
9.0080 	EXP 	Created ternusObjLeft_2 = ShapeStim(__class__=<class 'psychopy.visual.shape.ShapeStim'>, anchor=('center', 'center'), autoDraw=False, autoLog=True, closeShape=True, color=method-wrapper(...), colorSpace='rgb', contrast=None, depth=-1.0, draggable=False, fillColor=array([-1., -1., -1.]), fillColorSpace='rgb', fillRGB=array([-1., -1., -1.]), interpolate=True, lineColor=array([-1., -1., -1.]), lineColorSpace='rgb', lineRGB=array([-1., -1., -1.]), lineWidth=1.0, name='ternusObjLeft_2', opacity=1, ori=0.0, pos=array([-1.,  2.]), size=array([1.6, 1.6]), units='deg', vertices=ndarray(...), win=Window(...), windingRule=None)
9.0105 	EXP 	Created ternusObjMiddle_2 = ShapeStim(__class__=<class 'psychopy.visual.shape.ShapeStim'>, anchor=('center', 'center'), autoDraw=False, autoLog=True, closeShape=True, color=method-wrapper(...), colorSpace='rgb', contrast=None, depth=-2.0, draggable=False, fillColor=array([-1., -1., -1.]), fillColorSpace='rgb', fillRGB=array([-1., -1., -1.]), interpolate=True, lineColor=array([-1., -1., -1.]), lineColorSpace='rgb', lineRGB=array([-1., -1., -1.]), lineWidth=1.0, name='ternusObjMiddle_2', opacity=1, ori=0.0, pos=array([1., 2.]), size=array([1.6, 1.6]), units='deg', vertices=ndarray(...), win=Window(...), windingRule=None)
9.0134 	EXP 	Created ternusObjRight_2 = ShapeStim(__class__=<class 'psychopy.visual.shape.ShapeStim'>, anchor=('center', 'center'), autoDraw=False, autoLog=True, closeShape=True, color=method-wrapper(...), colorSpace='rgb', contrast=None, depth=-3.0, draggable=False, fillColor=array([1, 1, 1]), fillColorSpace='rgb', fillRGB=array([1, 1, 1]), interpolate=True, lineColor=array([1., 1., 1.]), lineColorSpace='rgb', lineRGB=array([1, 1, 1]), lineWidth=1.0, name='ternusObjRight_2', opacity=1, ori=0.0, pos=array([3., 2.]), size=array([1.6, 1.6]), units='deg', vertices=ndarray(...), win=Window(...), windingRule=None)
9.0146 	EXP 	Created FixationCross_2 = ShapeStim(__class__=<class 'psychopy.visual.shape.ShapeStim'>, anchor=('center', 'center'), autoDraw=False, autoLog=True, closeShape=True, color=method-wrapper(...), colorSpace='rgb', contrast=None, depth=-4.0, draggable=False, fillColor=array([-1., -1., -1.]), fillColorSpace='rgb', fillRGB=array([-1., -1., -1.]), interpolate=True, lineColor=array([-1., -1., -1.]), lineColorSpace='rgb', lineRGB=array([-1., -1., -1.]), lineWidth=1.0, name='FixationCross_2', opacity=1, ori=0.0, pos=array([0., 0.]), size=array([0.2, 0.2]), units='deg', vertices=ndarray(...), win=Window(...), windingRule=None)
9.0158 	EXP 	Created portalLeft_2 = Rect(__class__=<class 'psychopy.visual.rect.Rect'>, anchor=('center', 'center'), autoDraw=False, autoLog=True, closeShape=True, color=method-wrapper(...), colorSpace='rgb', contrast=None, depth=-5.0, draggable=False, fillColor=array([1, 1, 1]), fillColorSpace='rgb', fillRGB=array([1, 1, 1]), interpolate=True, lineColor=array([1., 1., 1.]), lineColorSpace='rgb', lineRGB=array([1, 1, 1]), lineWidth=1.0, name='portalLeft_2', opacity=1.0, ori=0.0, pos=array([-4.,  2.]), size=array([0.1, 2. ]), units='deg', vertices=ndarray(...), win=Window(...))
9.0168 	EXP 	Created portalRight_2 = Rect(__class__=<class 'psychopy.visual.rect.Rect'>, anchor=('center', 'center'), autoDraw=False, autoLog=True, closeShape=True, color=method-wrapper(...), colorSpace='rgb', contrast=None, depth=-6.0, draggable=False, fillColor=array([1, 1, 1]), fillColorSpace='rgb', fillRGB=array([1, 1, 1]), interpolate=True, lineColor=array([1., 1., 1.]), lineColorSpace='rgb', lineRGB=array([1, 1, 1]), lineWidth=1.0, name='portalRight_2', opacity=1.0, ori=0.0, pos=array([4., 2.]), size=array([0.1, 2. ]), units='deg', vertices=ndarray(...), win=Window(...))
9.0182 	EXP 	Created Barrier_2 = Rect(__class__=<class 'psychopy.visual.rect.Rect'>, anchor=('center', 'center'), autoDraw=False, autoLog=True, closeShape=True, color=method-wrapper(...), colorSpace='rgb', contrast=None, depth=-7.0, draggable=False, fillColor=array([1, 1, 1]), fillColorSpace='rgb', fillRGB=array([1, 1, 1]), interpolate=True, lineColor=array([1., 1., 1.]), lineColorSpace='rgb', lineRGB=array([1, 1, 1]), lineWidth=1.0, name='Barrier_2', opacity=1.0, ori=0.0, pos=array([2., 2.]), size=array([0.1, 2. ]), units='deg', vertices=ndarray(...), win=Window(...))
9.0196 	EXP 	Created FixationCrossBlank800 = ShapeStim(__class__=<class 'psychopy.visual.shape.ShapeStim'>, anchor=('center', 'center'), autoDraw=False, autoLog=True, closeShape=True, color=method-wrapper(...), colorSpace='rgb', contrast=None, depth=0.0, draggable=False, fillColor=array([-1., -1., -1.]), fillColorSpace='rgb', fillRGB=array([-1., -1., -1.]), interpolate=True, lineColor=array([-1., -1., -1.]), lineColorSpace='rgb', lineRGB=array([-1., -1., -1.]), lineWidth=1.0, name='FixationCrossBlank800', opacity=1, ori=0.0, pos=array([0., 0.]), size=array([0.2, 0.2]), units='deg', vertices=ndarray(...), win=Window(...), windingRule=None)
9.0203 	EXP 	Created textBlockInstructions = TextStim(__class__=<class 'psychopy.visual.text.TextStim'>, alignHoriz=method-wrapper(...), alignText='center', alignVert=method-wrapper(...), anchorHoriz='center', anchorVert='center', antialias=True, autoDraw=False, autoLog=True, bold=False, color=array([1., 1., 1.]), colorSpace='rgb', contrast=1.0, depth=-2.0, draggable=False, flipHoriz=False, flipVert=False, font='Arial', fontFiles=[], height=0.025, italic=False, languageStyle='LTR', name='textBlockInstructions', opacity=1, ori=0.0, pos=array([0., 0.]), rgb=UNKNOWN, text='', units='height', win=Window(...), wrapWidth=1)
9.0332 	EXP 	Created textEnd = TextStim(__class__=<class 'psychopy.visual.text.TextStim'>, alignHoriz=method-wrapper(...), alignText='center', alignVert=method-wrapper(...), anchorHoriz='center', anchorVert='center', antialias=True, autoDraw=False, autoLog=True, bold=False, color=array([1., 1., 1.]), colorSpace='rgb', contrast=1.0, depth=0.0, draggable=False, flipHoriz=False, flipVert=False, font='Arial', fontFiles=[], height=0.05, italic=False, languageStyle='LTR', name='textEnd', opacity=1, ori=0.0, pos=array([0., 0.]), rgb=UNKNOWN, text=str(...), units='height', win=Window(...), wrapWidth=1)
0.0151 	INFO 	Keyboard events cleared
0.0150 	EXP 	textInstructions: autoDraw = True
0.6356 	EXP 	Device response: <KeyPress from None: t=0.625759799964726, value=space, duration=None>
0.6359 	EXP 	New trial (rep=0, index=0): <Trial 0 (0 in rep 0) data={'thisN': 0, 'thisTrialN': 0, 'thisRepN': 0}>
0.6383 	DATA 	Keypress: space
0.6417 	EXP 	textInstructions: autoDraw = False
0.6417 	EXP 	ternusExampleLeft: autoDraw = True
0.6417 	EXP 	ternusExampleMiddle: autoDraw = True
0.6417 	EXP 	ternusExampleRight: autoDraw = True
0.6417 	EXP 	FixationCrossExample: autoDraw = True
0.6984 	EXP 	Device response: <KeyPress from None: t=0.625759799964726, value=space, duration=0.06569880002643913>
0.8429 	EXP 	ternusExampleLeft: autoDraw = False
0.8429 	EXP 	ternusExampleMiddle: autoDraw = False
0.8429 	EXP 	ternusExampleRight: autoDraw = False
0.8429 	EXP 	FixationCrossExample: autoDraw = False
0.8429 	EXP 	ternusExampleLeft: autoDraw = False
0.8429 	EXP 	ternusExampleMiddle: autoDraw = False
0.8429 	EXP 	ternusExampleRight: autoDraw = False
0.8429 	EXP 	FixationCrossExample: autoDraw = False
0.8429 	EXP 	ternusExampleLeft_2: autoDraw = True
0.8429 	EXP 	ternusExampleMiddle_2: autoDraw = True
0.8429 	EXP 	ternusExampleRight_2: autoDraw = True
0.8429 	EXP 	FixationCrossExample_2: autoDraw = True
1.0419 	EXP 	ternusExampleLeft_2: autoDraw = False
1.0419 	EXP 	ternusExampleMiddle_2: autoDraw = False
1.0419 	EXP 	ternusExampleRight_2: autoDraw = False
1.0419 	EXP 	FixationCrossExample_2: autoDraw = False
1.0419 	EXP 	ternusExampleLeft_2: autoDraw = False
1.0419 	EXP 	ternusExampleMiddle_2: autoDraw = False
1.0419 	EXP 	ternusExampleRight_2: autoDraw = False
1.0419 	EXP 	FixationCrossExample_2: autoDraw = False
1.0419 	EXP 	FixationCrossBlank800: autoDraw = True
1.8313 	EXP 	New trial (rep=1, index=0): <Trial 1 (0 in rep 1) data={'thisN': 1, 'thisTrialN': 0, 'thisRepN': 1}>
1.8419 	EXP 	FixationCrossBlank800: autoDraw = False
1.8419 	EXP 	ternusExampleLeft: autoDraw = True
1.8419 	EXP 	ternusExampleMiddle: autoDraw = True
1.8419 	EXP 	ternusExampleRight: autoDraw = True
1.8419 	EXP 	FixationCrossExample: autoDraw = True
2.0427 	EXP 	ternusExampleLeft: autoDraw = False
2.0427 	EXP 	ternusExampleMiddle: autoDraw = False
2.0427 	EXP 	ternusExampleRight: autoDraw = False
2.0427 	EXP 	FixationCrossExample: autoDraw = False
2.0427 	EXP 	ternusExampleLeft: autoDraw = False
2.0427 	EXP 	ternusExampleMiddle: autoDraw = False
2.0427 	EXP 	ternusExampleRight: autoDraw = False
2.0427 	EXP 	FixationCrossExample: autoDraw = False
2.0427 	EXP 	ternusExampleLeft_2: autoDraw = True
2.0427 	EXP 	ternusExampleMiddle_2: autoDraw = True
2.0427 	EXP 	ternusExampleRight_2: autoDraw = True
2.0427 	EXP 	FixationCrossExample_2: autoDraw = True
2.2421 	EXP 	ternusExampleLeft_2: autoDraw = False
2.2421 	EXP 	ternusExampleMiddle_2: autoDraw = False
2.2421 	EXP 	ternusExampleRight_2: autoDraw = False
2.2421 	EXP 	FixationCrossExample_2: autoDraw = False
2.2421 	EXP 	ternusExampleLeft_2: autoDraw = False
2.2421 	EXP 	ternusExampleMiddle_2: autoDraw = False
2.2421 	EXP 	ternusExampleRight_2: autoDraw = False
2.2421 	EXP 	FixationCrossExample_2: autoDraw = False
2.2421 	EXP 	FixationCrossBlank800: autoDraw = True
3.0317 	EXP 	New trial (rep=2, index=0): <Trial 2 (0 in rep 2) data={'thisN': 2, 'thisTrialN': 0, 'thisRepN': 2}>
3.0428 	EXP 	FixationCrossBlank800: autoDraw = False
3.0428 	EXP 	FixationCrossBlank800: autoDraw = False
3.0428 	EXP 	ternusExampleLeft: autoDraw = True
3.0428 	EXP 	ternusExampleMiddle: autoDraw = True
3.0428 	EXP 	ternusExampleRight: autoDraw = True
3.0428 	EXP 	FixationCrossExample: autoDraw = True
3.2421 	EXP 	ternusExampleLeft: autoDraw = False
3.2421 	EXP 	ternusExampleMiddle: autoDraw = False
3.2421 	EXP 	ternusExampleRight: autoDraw = False
3.2421 	EXP 	FixationCrossExample: autoDraw = False
3.2421 	EXP 	ternusExampleLeft: autoDraw = False
3.2421 	EXP 	ternusExampleMiddle: autoDraw = False
3.2421 	EXP 	ternusExampleRight: autoDraw = False
3.2421 	EXP 	FixationCrossExample: autoDraw = False
3.2421 	EXP 	ternusExampleLeft_2: autoDraw = True
3.2421 	EXP 	ternusExampleMiddle_2: autoDraw = True
3.2421 	EXP 	ternusExampleRight_2: autoDraw = True
3.2421 	EXP 	FixationCrossExample_2: autoDraw = True
3.4417 	EXP 	ternusExampleLeft_2: autoDraw = False
3.4417 	EXP 	ternusExampleMiddle_2: autoDraw = False
3.4417 	EXP 	ternusExampleRight_2: autoDraw = False
3.4417 	EXP 	FixationCrossExample_2: autoDraw = False
3.4417 	EXP 	ternusExampleLeft_2: autoDraw = False
3.4417 	EXP 	ternusExampleMiddle_2: autoDraw = False
3.4417 	EXP 	ternusExampleRight_2: autoDraw = False
3.4417 	EXP 	FixationCrossExample_2: autoDraw = False
3.4417 	EXP 	FixationCrossBlank800: autoDraw = True
4.2307 	EXP 	New trial (rep=3, index=0): <Trial 3 (0 in rep 3) data={'thisN': 3, 'thisTrialN': 0, 'thisRepN': 3}>
4.2421 	EXP 	FixationCrossBlank800: autoDraw = False
4.2421 	EXP 	FixationCrossBlank800: autoDraw = False
4.2421 	EXP 	ternusExampleLeft: autoDraw = True
4.2421 	EXP 	ternusExampleMiddle: autoDraw = True
4.2421 	EXP 	ternusExampleRight: autoDraw = True
4.2421 	EXP 	FixationCrossExample: autoDraw = True
4.4419 	EXP 	ternusExampleLeft: autoDraw = False
4.4419 	EXP 	ternusExampleMiddle: autoDraw = False
4.4419 	EXP 	ternusExampleRight: autoDraw = False
4.4419 	EXP 	FixationCrossExample: autoDraw = False
4.4419 	EXP 	ternusExampleLeft: autoDraw = False
4.4419 	EXP 	ternusExampleMiddle: autoDraw = False
4.4419 	EXP 	ternusExampleRight: autoDraw = False
4.4419 	EXP 	FixationCrossExample: autoDraw = False
4.4419 	EXP 	ternusExampleLeft_2: autoDraw = True
4.4419 	EXP 	ternusExampleMiddle_2: autoDraw = True
4.4419 	EXP 	ternusExampleRight_2: autoDraw = True
4.4419 	EXP 	FixationCrossExample_2: autoDraw = True
4.6423 	EXP 	ternusExampleLeft_2: autoDraw = False
4.6423 	EXP 	ternusExampleMiddle_2: autoDraw = False
4.6423 	EXP 	ternusExampleRight_2: autoDraw = False
4.6423 	EXP 	FixationCrossExample_2: autoDraw = False
4.6423 	EXP 	ternusExampleLeft_2: autoDraw = False
4.6423 	EXP 	ternusExampleMiddle_2: autoDraw = False
4.6423 	EXP 	ternusExampleRight_2: autoDraw = False
4.6423 	EXP 	FixationCrossExample_2: autoDraw = False
4.6423 	EXP 	FixationCrossBlank800: autoDraw = True
5.4426 	INFO 	Keyboard events cleared
5.4425 	EXP 	FixationCrossBlank800: autoDraw = False
5.4425 	EXP 	FixationCrossBlank800: autoDraw = False
5.4425 	EXP 	textElementMotion: autoDraw = True
13.0865 	EXP 	Device response: <KeyPress from None: t=13.079892999958247, value=space, duration=None>
13.0870 	EXP 	New trial (rep=0, index=0): <Trial 0 (0 in rep 0) data={'thisN': 0, 'thisTrialN': 0, 'thisRepN': 0}>
13.0881 	DATA 	Keypress: space
13.0971 	EXP 	textElementMotion: autoDraw = False
13.0971 	EXP 	ternusExampleLeft: autoDraw = True
13.0971 	EXP 	ternusExampleMiddle: autoDraw = True
13.0971 	EXP 	ternusExampleRight: autoDraw = True
13.0971 	EXP 	FixationCrossExample: autoDraw = True
13.1411 	EXP 	Device response: <KeyPress from None: t=13.079892999958247, value=space, duration=0.0581504000001587>
13.2966 	EXP 	ternusExampleLeft: autoDraw = False
13.2966 	EXP 	ternusExampleMiddle: autoDraw = False
13.2966 	EXP 	ternusExampleRight: autoDraw = False
13.2966 	EXP 	FixationCrossExample: autoDraw = False
13.2966 	EXP 	ternusExampleLeft: autoDraw = False
13.2966 	EXP 	ternusExampleMiddle: autoDraw = False
13.2966 	EXP 	ternusExampleRight: autoDraw = False
13.2966 	EXP 	FixationCrossExample: autoDraw = False
13.2966 	EXP 	text: autoDraw = True
13.4525 	EXP 	text: autoDraw = False
13.4525 	EXP 	text: autoDraw = False
13.4525 	EXP 	ternusExampleLeft_2: autoDraw = True
13.4525 	EXP 	ternusExampleMiddle_2: autoDraw = True
13.4525 	EXP 	ternusExampleRight_2: autoDraw = True
13.4525 	EXP 	FixationCrossExample_2: autoDraw = True
13.6521 	EXP 	ternusExampleLeft_2: autoDraw = False
13.6521 	EXP 	ternusExampleMiddle_2: autoDraw = False
13.6521 	EXP 	ternusExampleRight_2: autoDraw = False
13.6521 	EXP 	FixationCrossExample_2: autoDraw = False
13.6521 	EXP 	ternusExampleLeft_2: autoDraw = False
13.6521 	EXP 	ternusExampleMiddle_2: autoDraw = False
13.6521 	EXP 	ternusExampleRight_2: autoDraw = False
13.6521 	EXP 	FixationCrossExample_2: autoDraw = False
13.6521 	EXP 	FixationCrossBlank800: autoDraw = True
14.4413 	EXP 	New trial (rep=1, index=0): <Trial 1 (0 in rep 1) data={'thisN': 1, 'thisTrialN': 0, 'thisRepN': 1}>
14.4533 	EXP 	FixationCrossBlank800: autoDraw = False
14.4533 	EXP 	FixationCrossBlank800: autoDraw = False
14.4533 	EXP 	ternusExampleLeft: autoDraw = True
14.4533 	EXP 	ternusExampleMiddle: autoDraw = True
14.4533 	EXP 	ternusExampleRight: autoDraw = True
14.4533 	EXP 	FixationCrossExample: autoDraw = True
14.6526 	EXP 	ternusExampleLeft: autoDraw = False
14.6526 	EXP 	ternusExampleMiddle: autoDraw = False
14.6526 	EXP 	ternusExampleRight: autoDraw = False
14.6526 	EXP 	FixationCrossExample: autoDraw = False
14.6526 	EXP 	ternusExampleLeft: autoDraw = False
14.6526 	EXP 	ternusExampleMiddle: autoDraw = False
14.6526 	EXP 	ternusExampleRight: autoDraw = False
14.6526 	EXP 	FixationCrossExample: autoDraw = False
14.6526 	EXP 	text: autoDraw = True
14.8076 	EXP 	text: autoDraw = False
14.8076 	EXP 	text: autoDraw = False
14.8076 	EXP 	ternusExampleLeft_2: autoDraw = True
14.8076 	EXP 	ternusExampleMiddle_2: autoDraw = True
14.8076 	EXP 	ternusExampleRight_2: autoDraw = True
14.8076 	EXP 	FixationCrossExample_2: autoDraw = True
15.0078 	EXP 	ternusExampleLeft_2: autoDraw = False
15.0078 	EXP 	ternusExampleMiddle_2: autoDraw = False
15.0078 	EXP 	ternusExampleRight_2: autoDraw = False
15.0078 	EXP 	FixationCrossExample_2: autoDraw = False
15.0078 	EXP 	ternusExampleLeft_2: autoDraw = False
15.0078 	EXP 	ternusExampleMiddle_2: autoDraw = False
15.0078 	EXP 	ternusExampleRight_2: autoDraw = False
15.0078 	EXP 	FixationCrossExample_2: autoDraw = False
15.0078 	EXP 	FixationCrossBlank800: autoDraw = True
15.7977 	EXP 	New trial (rep=2, index=0): <Trial 2 (0 in rep 2) data={'thisN': 2, 'thisTrialN': 0, 'thisRepN': 2}>
15.8078 	EXP 	FixationCrossBlank800: autoDraw = False
15.8078 	EXP 	FixationCrossBlank800: autoDraw = False
15.8078 	EXP 	ternusExampleLeft: autoDraw = True
15.8078 	EXP 	ternusExampleMiddle: autoDraw = True
15.8078 	EXP 	ternusExampleRight: autoDraw = True
15.8078 	EXP 	FixationCrossExample: autoDraw = True
16.0087 	EXP 	ternusExampleLeft: autoDraw = False
16.0087 	EXP 	ternusExampleMiddle: autoDraw = False
16.0087 	EXP 	ternusExampleRight: autoDraw = False
16.0087 	EXP 	FixationCrossExample: autoDraw = False
16.0087 	EXP 	ternusExampleLeft: autoDraw = False
16.0087 	EXP 	ternusExampleMiddle: autoDraw = False
16.0087 	EXP 	ternusExampleRight: autoDraw = False
16.0087 	EXP 	FixationCrossExample: autoDraw = False
16.0087 	EXP 	text: autoDraw = True
16.1639 	EXP 	text: autoDraw = False
16.1639 	EXP 	text: autoDraw = False
16.1639 	EXP 	ternusExampleLeft_2: autoDraw = True
16.1639 	EXP 	ternusExampleMiddle_2: autoDraw = True
16.1639 	EXP 	ternusExampleRight_2: autoDraw = True
16.1639 	EXP 	FixationCrossExample_2: autoDraw = True
16.3633 	EXP 	ternusExampleLeft_2: autoDraw = False
16.3633 	EXP 	ternusExampleMiddle_2: autoDraw = False
16.3633 	EXP 	ternusExampleRight_2: autoDraw = False
16.3633 	EXP 	FixationCrossExample_2: autoDraw = False
16.3633 	EXP 	ternusExampleLeft_2: autoDraw = False
16.3633 	EXP 	ternusExampleMiddle_2: autoDraw = False
16.3633 	EXP 	ternusExampleRight_2: autoDraw = False
16.3633 	EXP 	FixationCrossExample_2: autoDraw = False
16.3633 	EXP 	FixationCrossBlank800: autoDraw = True
17.1524 	EXP 	New trial (rep=3, index=0): <Trial 3 (0 in rep 3) data={'thisN': 3, 'thisTrialN': 0, 'thisRepN': 3}>
17.1637 	EXP 	FixationCrossBlank800: autoDraw = False
17.1637 	EXP 	FixationCrossBlank800: autoDraw = False
17.1637 	EXP 	ternusExampleLeft: autoDraw = True
17.1637 	EXP 	ternusExampleMiddle: autoDraw = True
17.1637 	EXP 	ternusExampleRight: autoDraw = True
17.1637 	EXP 	FixationCrossExample: autoDraw = True
17.3640 	EXP 	ternusExampleLeft: autoDraw = False
17.3640 	EXP 	ternusExampleMiddle: autoDraw = False
17.3640 	EXP 	ternusExampleRight: autoDraw = False
17.3640 	EXP 	FixationCrossExample: autoDraw = False
17.3640 	EXP 	ternusExampleLeft: autoDraw = False
17.3640 	EXP 	ternusExampleMiddle: autoDraw = False
17.3640 	EXP 	ternusExampleRight: autoDraw = False
17.3640 	EXP 	FixationCrossExample: autoDraw = False
17.3640 	EXP 	text: autoDraw = True
17.5191 	EXP 	text: autoDraw = False
17.5191 	EXP 	text: autoDraw = False
17.5191 	EXP 	ternusExampleLeft_2: autoDraw = True
17.5191 	EXP 	ternusExampleMiddle_2: autoDraw = True
17.5191 	EXP 	ternusExampleRight_2: autoDraw = True
17.5191 	EXP 	FixationCrossExample_2: autoDraw = True
17.7195 	EXP 	ternusExampleLeft_2: autoDraw = False
17.7195 	EXP 	ternusExampleMiddle_2: autoDraw = False
17.7195 	EXP 	ternusExampleRight_2: autoDraw = False
17.7195 	EXP 	FixationCrossExample_2: autoDraw = False
17.7195 	EXP 	ternusExampleLeft_2: autoDraw = False
17.7195 	EXP 	ternusExampleMiddle_2: autoDraw = False
17.7195 	EXP 	ternusExampleRight_2: autoDraw = False
17.7195 	EXP 	FixationCrossExample_2: autoDraw = False
17.7195 	EXP 	FixationCrossBlank800: autoDraw = True
18.5191 	INFO 	Keyboard events cleared
18.5191 	EXP 	FixationCrossBlank800: autoDraw = False
18.5191 	EXP 	text_2: autoDraw = True
20.3973 	EXP 	Device response: <KeyPress from None: t=20.3947420999757, value=escape, duration=None>
20.3979 	DATA 	Keypress: escape
20.4968 	EXP 	Device response: <KeyPress from None: t=20.3947420999757, value=escape, duration=0.09231630002614111>
20.4968 	EXP 	Teamprojekt: status = STOPPED
20.5080 	EXP 	text_2: autoDraw = False
20.5082 	EXP 	Teamprojekt: status = STOPPED
20.5242 	INFO 	saved data to 'C:\\Users\\maria\\Documents\\Teamprojekt_Testphase\\data\\_Teamprojekt_2026-06-15_20h32.24.950.csv'
20.5250 	INFO 	saved data to C:\Users\maria\Documents\Teamprojekt_Testphase\data\_Teamprojekt_2026-06-15_20h32.24.950.psydat
20.8416 	WARNING 	Stopping key buffers but this could be dangerous ifother keyboards rely on the same.
20.8907 	WARNING 	Stopping key buffers but this could be dangerous ifother keyboards rely on the same.
20.8908 	WARNING 	Stopping key buffers but this could be dangerous ifother keyboards rely on the same.
20.8908 	WARNING 	Stopping key buffers but this could be dangerous ifother keyboards rely on the same.
20.8908 	WARNING 	Stopping key buffers but this could be dangerous ifother keyboards rely on the same.
20.8908 	WARNING 	Stopping key buffers but this could be dangerous ifother keyboards rely on the same.
20.8908 	WARNING 	Stopping key buffers but this could be dangerous ifother keyboards rely on the same.
