6.9594 	INFO 	Loaded monitor calibration from ['2026_06_03 14:46']
6.9776 	WARNING 	User requested fullscreen with size [1280  800], but screen is actually [2560, 1600]. Using actual size
7.4584 	INFO 	Using renderer 'AMD RadeonT 780M' for graphics
7.4584 	INFO 	OpenGL version supported by driver is 4..
7.5048 	EXP 	Created window1 = Window(allowGUI=False, allowStencil=False, autoLog=True, backendConf=UNKNOWN, backgroundFit=<method-wrapper '__getattribute__' of attributeSetter object at 0x000001FD42286320>, backgroundImage=<method-wrapper '__getattribute__' of attributeSetter object at 0x000001FD422862C0>, bitsMode=UNKNOWN, blendMode='avg', bpc=(8, 8, 8), color=array([0, 0, 0]), colorSpace='rgb', depthBits=8, fullscr=True, gamma=None, gammaErrorPolicy='raise', infoMsg=UNKNOWN, lms=UNKNOWN, monitor=<psychopy.monitors.calibTools.Monitor object at 0x000001FD423ABC40>, multiSample=False, name='window1', numSamples=2, pos=[0.0, 0.0], screen=0, size=array([2560, 1600]), stencilBits=0, stereo=False, title='PsychoPy', units='height', useFBO=True, useRetina=False, viewOri=0.0, viewPos=None, viewScale=None, waitBlanking=True, winType='pyglet')
7.5049 	EXP 	window1: backgroundImage = ''
7.5049 	EXP 	window1: backgroundFit = 'none'
8.1394 	EXP 	window1: Attempting to measure frame rate of screen (0) ...
8.1394 	EXP 	window1: recordFrameIntervals = False
8.2786 	EXP 	window1: recordFrameIntervals = True
8.4010 	EXP 	Screen (0) actual frame rate measured at 89.96Hz
8.4010 	EXP 	window1: recordFrameIntervals = False
8.5643 	INFO 	keyboard.Keyboard is using ptb backend.
8.5645 	INFO 	keyboard.Keyboard is using ptb backend.
8.5646 	INFO 	keyboard.Keyboard is using ptb backend.
8.5646 	INFO 	keyboard.Keyboard is using ptb backend.
8.5647 	INFO 	keyboard.Keyboard is using ptb backend.
8.5647 	EXP 	Teamprojekt: status = STARTED
8.8701 	EXP 	Created textInstructions = TextStim(__class__=<class 'psychopy.visual.text.TextStim'>, alignHoriz=method-wrapper(...), alignText='center', alignVert=method-wrapper(...), anchorHoriz='center', anchorVert='center', antialias=True, autoDraw=False, autoLog=True, bold=False, color=array([1., 1., 1.]), colorSpace='rgb', contrast=1.0, depth=0.0, draggable=False, flipHoriz=False, flipVert=False, font='Arial', fontFiles=[], height=0.025, italic=False, languageStyle='LTR', name='textInstructions', opacity=1, ori=0.0, pos=array([0., 0.]), rgb=UNKNOWN, text=str(...), units='height', win=Window(...), wrapWidth=1)
8.8862 	EXP 	Created textStartMessage = TextStim(__class__=<class 'psychopy.visual.text.TextStim'>, alignHoriz=method-wrapper(...), alignText='center', alignVert=method-wrapper(...), anchorHoriz='center', anchorVert='center', antialias=True, autoDraw=False, autoLog=True, bold=False, color=array([1., 1., 1.]), colorSpace='rgb', contrast=1.0, depth=0.0, draggable=False, flipHoriz=False, flipVert=False, font='Arial', fontFiles=[], height=0.05, italic=False, languageStyle='LTR', name='textStartMessage', opacity=1, ori=0.0, pos=array([0., 0.]), rgb=UNKNOWN, text=str(...), units='height', win=Window(...), wrapWidth=1)
8.8903 	EXP 	Created ternusObjLeft = ShapeStim(__class__=<class 'psychopy.visual.shape.ShapeStim'>, anchor=('center', 'center'), autoDraw=False, autoLog=True, closeShape=True, color=method-wrapper(...), colorSpace='rgb', contrast=None, depth=-1.0, draggable=False, fillColor=array([-1., -1., -1.]), fillColorSpace='rgb', fillRGB=array([-1., -1., -1.]), interpolate=True, lineColor=array([-1., -1., -1.]), lineColorSpace='rgb', lineRGB=array([-1., -1., -1.]), lineWidth=1.0, name='ternusObjLeft', opacity=1, ori=0.0, pos=array([-3.,  2.]), size=array([1.6, 1.6]), units='deg', vertices=ndarray(...), win=Window(...), windingRule=None)
8.8930 	EXP 	Created ternusObjMiddle = ShapeStim(__class__=<class 'psychopy.visual.shape.ShapeStim'>, anchor=('center', 'center'), autoDraw=False, autoLog=True, closeShape=True, color=method-wrapper(...), colorSpace='rgb', contrast=None, depth=-2.0, draggable=False, fillColor=array([-1., -1., -1.]), fillColorSpace='rgb', fillRGB=array([-1., -1., -1.]), interpolate=True, lineColor=array([-1., -1., -1.]), lineColorSpace='rgb', lineRGB=array([-1., -1., -1.]), lineWidth=1.0, name='ternusObjMiddle', opacity=1, ori=0.0, pos=array([-1.,  2.]), size=array([1.6, 1.6]), units='deg', vertices=ndarray(...), win=Window(...), windingRule=None)
8.8957 	EXP 	Created ternusObjRight = ShapeStim(__class__=<class 'psychopy.visual.shape.ShapeStim'>, anchor=('center', 'center'), autoDraw=False, autoLog=True, closeShape=True, color=method-wrapper(...), colorSpace='rgb', contrast=None, depth=-3.0, draggable=False, fillColor=array([-1., -1., -1.]), fillColorSpace='rgb', fillRGB=array([-1., -1., -1.]), interpolate=True, lineColor=array([-1., -1., -1.]), lineColorSpace='rgb', lineRGB=array([-1., -1., -1.]), lineWidth=1.0, name='ternusObjRight', opacity=1, ori=0.0, pos=array([1., 2.]), size=array([1.6, 1.6]), units='deg', vertices=ndarray(...), win=Window(...), windingRule=None)
8.8970 	EXP 	Created FixationCross = ShapeStim(__class__=<class 'psychopy.visual.shape.ShapeStim'>, anchor=('center', 'center'), autoDraw=False, autoLog=True, closeShape=True, color=method-wrapper(...), colorSpace='rgb', contrast=None, depth=-4.0, draggable=False, fillColor=array([-1., -1., -1.]), fillColorSpace='rgb', fillRGB=array([-1., -1., -1.]), interpolate=True, lineColor=array([-1., -1., -1.]), lineColorSpace='rgb', lineRGB=array([-1., -1., -1.]), lineWidth=1.0, name='FixationCross', opacity=1, ori=0.0, pos=array([0., 0.]), size=array([0.2, 0.2]), units='deg', vertices=ndarray(...), win=Window(...), windingRule=None)
8.8982 	EXP 	Created portalLeft = Rect(__class__=<class 'psychopy.visual.rect.Rect'>, anchor=('center', 'center'), autoDraw=False, autoLog=True, closeShape=True, color=method-wrapper(...), colorSpace='rgb', contrast=None, depth=-5.0, draggable=False, fillColor=array([1, 1, 1]), fillColorSpace='rgb', fillRGB=array([1, 1, 1]), interpolate=True, lineColor=array([1., 1., 1.]), lineColorSpace='rgb', lineRGB=array([1, 1, 1]), lineWidth=1.0, name='portalLeft', opacity=1.0, ori=0.0, pos=array([-4.,  2.]), size=array([0.1, 2. ]), units='deg', vertices=ndarray(...), win=Window(...))
8.8993 	EXP 	Created portalRight = Rect(__class__=<class 'psychopy.visual.rect.Rect'>, anchor=('center', 'center'), autoDraw=False, autoLog=True, closeShape=True, color=method-wrapper(...), colorSpace='rgb', contrast=None, depth=-6.0, draggable=False, fillColor=array([1, 1, 1]), fillColorSpace='rgb', fillRGB=array([1, 1, 1]), interpolate=True, lineColor=array([1., 1., 1.]), lineColorSpace='rgb', lineRGB=array([1, 1, 1]), lineWidth=1.0, name='portalRight', opacity=1.0, ori=0.0, pos=array([4., 2.]), size=array([0.1, 2. ]), units='deg', vertices=ndarray(...), win=Window(...))
8.9005 	EXP 	Created Barrier = Rect(__class__=<class 'psychopy.visual.rect.Rect'>, anchor=('center', 'center'), autoDraw=False, autoLog=True, closeShape=True, color=method-wrapper(...), colorSpace='rgb', contrast=None, depth=-7.0, draggable=False, fillColor=array([1, 1, 1]), fillColorSpace='rgb', fillRGB=array([1, 1, 1]), interpolate=True, lineColor=array([1., 1., 1.]), lineColorSpace='rgb', lineRGB=array([1, 1, 1]), lineWidth=1.0, name='Barrier', opacity=1.0, ori=0.0, pos=array([2., 2.]), size=array([0.1, 2. ]), units='deg', vertices=ndarray(...), win=Window(...))
8.9018 	EXP 	Created FixationCrossBlank = ShapeStim(__class__=<class 'psychopy.visual.shape.ShapeStim'>, anchor=('center', 'center'), autoDraw=False, autoLog=True, closeShape=True, color=method-wrapper(...), colorSpace='rgb', contrast=None, depth=0.0, draggable=False, fillColor=array([-1., -1., -1.]), fillColorSpace='rgb', fillRGB=array([-1., -1., -1.]), interpolate=True, lineColor=array([-1., -1., -1.]), lineColorSpace='rgb', lineRGB=array([-1., -1., -1.]), lineWidth=1.0, name='FixationCrossBlank', opacity=1, ori=0.0, pos=array([0., 0.]), size=array([0.2, 0.2]), units='deg', vertices=ndarray(...), win=Window(...), windingRule=None)
8.9058 	EXP 	Created ternusObjLeft_2 = ShapeStim(__class__=<class 'psychopy.visual.shape.ShapeStim'>, anchor=('center', 'center'), autoDraw=False, autoLog=True, closeShape=True, color=method-wrapper(...), colorSpace='rgb', contrast=None, depth=-1.0, draggable=False, fillColor=array([-1., -1., -1.]), fillColorSpace='rgb', fillRGB=array([-1., -1., -1.]), interpolate=True, lineColor=array([-1., -1., -1.]), lineColorSpace='rgb', lineRGB=array([-1., -1., -1.]), lineWidth=1.0, name='ternusObjLeft_2', opacity=1, ori=0.0, pos=array([-1.,  2.]), size=array([1.6, 1.6]), units='deg', vertices=ndarray(...), win=Window(...), windingRule=None)
8.9086 	EXP 	Created ternusObjMiddle_2 = ShapeStim(__class__=<class 'psychopy.visual.shape.ShapeStim'>, anchor=('center', 'center'), autoDraw=False, autoLog=True, closeShape=True, color=method-wrapper(...), colorSpace='rgb', contrast=None, depth=-2.0, draggable=False, fillColor=array([-1., -1., -1.]), fillColorSpace='rgb', fillRGB=array([-1., -1., -1.]), interpolate=True, lineColor=array([-1., -1., -1.]), lineColorSpace='rgb', lineRGB=array([-1., -1., -1.]), lineWidth=1.0, name='ternusObjMiddle_2', opacity=1, ori=0.0, pos=array([1., 2.]), size=array([1.6, 1.6]), units='deg', vertices=ndarray(...), win=Window(...), windingRule=None)
8.9115 	EXP 	Created ternusObjRight_2 = ShapeStim(__class__=<class 'psychopy.visual.shape.ShapeStim'>, anchor=('center', 'center'), autoDraw=False, autoLog=True, closeShape=True, color=method-wrapper(...), colorSpace='rgb', contrast=None, depth=-3.0, draggable=False, fillColor=array([1, 1, 1]), fillColorSpace='rgb', fillRGB=array([1, 1, 1]), interpolate=True, lineColor=array([1., 1., 1.]), lineColorSpace='rgb', lineRGB=array([1, 1, 1]), lineWidth=1.0, name='ternusObjRight_2', opacity=1, ori=0.0, pos=array([3., 2.]), size=array([1.6, 1.6]), units='deg', vertices=ndarray(...), win=Window(...), windingRule=None)
8.9128 	EXP 	Created FixationCross_2 = ShapeStim(__class__=<class 'psychopy.visual.shape.ShapeStim'>, anchor=('center', 'center'), autoDraw=False, autoLog=True, closeShape=True, color=method-wrapper(...), colorSpace='rgb', contrast=None, depth=-4.0, draggable=False, fillColor=array([-1., -1., -1.]), fillColorSpace='rgb', fillRGB=array([-1., -1., -1.]), interpolate=True, lineColor=array([-1., -1., -1.]), lineColorSpace='rgb', lineRGB=array([-1., -1., -1.]), lineWidth=1.0, name='FixationCross_2', opacity=1, ori=0.0, pos=array([0., 0.]), size=array([0.2, 0.2]), units='deg', vertices=ndarray(...), win=Window(...), windingRule=None)
8.9140 	EXP 	Created portalLeft_2 = Rect(__class__=<class 'psychopy.visual.rect.Rect'>, anchor=('center', 'center'), autoDraw=False, autoLog=True, closeShape=True, color=method-wrapper(...), colorSpace='rgb', contrast=None, depth=-5.0, draggable=False, fillColor=array([1, 1, 1]), fillColorSpace='rgb', fillRGB=array([1, 1, 1]), interpolate=True, lineColor=array([1., 1., 1.]), lineColorSpace='rgb', lineRGB=array([1, 1, 1]), lineWidth=1.0, name='portalLeft_2', opacity=1.0, ori=0.0, pos=array([-4.,  2.]), size=array([0.1, 2. ]), units='deg', vertices=ndarray(...), win=Window(...))
8.9155 	EXP 	Created portalRight_2 = Rect(__class__=<class 'psychopy.visual.rect.Rect'>, anchor=('center', 'center'), autoDraw=False, autoLog=True, closeShape=True, color=method-wrapper(...), colorSpace='rgb', contrast=None, depth=-6.0, draggable=False, fillColor=array([1, 1, 1]), fillColorSpace='rgb', fillRGB=array([1, 1, 1]), interpolate=True, lineColor=array([1., 1., 1.]), lineColorSpace='rgb', lineRGB=array([1, 1, 1]), lineWidth=1.0, name='portalRight_2', opacity=1.0, ori=0.0, pos=array([4., 2.]), size=array([0.1, 2. ]), units='deg', vertices=ndarray(...), win=Window(...))
8.9178 	EXP 	Created Barrier_2 = Rect(__class__=<class 'psychopy.visual.rect.Rect'>, anchor=('center', 'center'), autoDraw=False, autoLog=True, closeShape=True, color=method-wrapper(...), colorSpace='rgb', contrast=None, depth=-7.0, draggable=False, fillColor=array([1, 1, 1]), fillColorSpace='rgb', fillRGB=array([1, 1, 1]), interpolate=True, lineColor=array([1., 1., 1.]), lineColorSpace='rgb', lineRGB=array([1, 1, 1]), lineWidth=1.0, name='Barrier_2', opacity=1.0, ori=0.0, pos=array([2., 2.]), size=array([0.1, 2. ]), units='deg', vertices=ndarray(...), win=Window(...))
8.9192 	EXP 	Created FixationCrossBlank800 = ShapeStim(__class__=<class 'psychopy.visual.shape.ShapeStim'>, anchor=('center', 'center'), autoDraw=False, autoLog=True, closeShape=True, color=method-wrapper(...), colorSpace='rgb', contrast=None, depth=0.0, draggable=False, fillColor=array([-1., -1., -1.]), fillColorSpace='rgb', fillRGB=array([-1., -1., -1.]), interpolate=True, lineColor=array([-1., -1., -1.]), lineColorSpace='rgb', lineRGB=array([-1., -1., -1.]), lineWidth=1.0, name='FixationCrossBlank800', opacity=1, ori=0.0, pos=array([0., 0.]), size=array([0.2, 0.2]), units='deg', vertices=ndarray(...), win=Window(...), windingRule=None)
8.9201 	EXP 	Created textBlockInstructions = TextStim(__class__=<class 'psychopy.visual.text.TextStim'>, alignHoriz=method-wrapper(...), alignText='center', alignVert=method-wrapper(...), anchorHoriz='center', anchorVert='center', antialias=True, autoDraw=False, autoLog=True, bold=False, color=array([1., 1., 1.]), colorSpace='rgb', contrast=1.0, depth=-2.0, draggable=False, flipHoriz=False, flipVert=False, font='Arial', fontFiles=[], height=0.025, italic=False, languageStyle='LTR', name='textBlockInstructions', opacity=1, ori=0.0, pos=array([0., 0.]), rgb=UNKNOWN, text='', units='height', win=Window(...), wrapWidth=1)
9.0050 	EXP 	Created textEnd = TextStim(__class__=<class 'psychopy.visual.text.TextStim'>, alignHoriz=method-wrapper(...), alignText='center', alignVert=method-wrapper(...), anchorHoriz='center', anchorVert='center', antialias=True, autoDraw=False, autoLog=True, bold=False, color=array([1., 1., 1.]), colorSpace='rgb', contrast=1.0, depth=0.0, draggable=False, flipHoriz=False, flipVert=False, font='Arial', fontFiles=[], height=0.05, italic=False, languageStyle='LTR', name='textEnd', opacity=1, ori=0.0, pos=array([0., 0.]), rgb=UNKNOWN, text=str(...), units='height', win=Window(...), wrapWidth=1)
0.0076 	INFO 	Keyboard events cleared
0.0075 	EXP 	textInstructions: autoDraw = True
5.1519 	EXP 	Device response: <KeyPress from None: t=5.1451702999765985, value=space, duration=None>
5.1534 	DATA 	Keypress: space
5.1579 	EXP 	textInstructions: autoDraw = False
5.1579 	EXP 	textStartMessage: autoDraw = True
5.2251 	EXP 	Device response: <KeyPress from None: t=5.1451702999765985, value=space, duration=0.07552020001458004>
5.6460 	INFO 	Keyboard events cleared
7.1584 	EXP 	Device response: <KeyPress from None: t=7.151606699975673, value=space, duration=None>
7.1593 	EXP 	New trial (rep=0, index=0): <Trial 0 (0 in rep 0) data={'thisN': 0, 'thisTrialN': 0, 'thisRepN': 0}>
7.1657 	EXP 	Imported trialLoopConditionsTeamprojekt.xlsx as conditions, 18 conditions, 2 params
7.1660 	EXP 	New trial (rep=0, index=0): <Trial 0 (0 in rep 0) data={'condition': 'Standard', 'interstim_interval': 0.04, 'thisN': 0, 'thisTrialN': 0, 'thisRepN': 0}>
7.1704 	DATA 	Keypress: space
7.1734 	EXP 	textStartMessage: autoDraw = False
7.1734 	EXP 	portalLeft: fillColor = <psychopy.colors.Color: purple, alpha=1.0>
7.1734 	EXP 	portalLeft: borderColor = <psychopy.colors.Color: purple, alpha=1.0>
7.1734 	EXP 	portalRight: fillColor = <psychopy.colors.Color: purple, alpha=1.0>
7.1734 	EXP 	portalRight: borderColor = <psychopy.colors.Color: purple, alpha=1.0>
7.1734 	EXP 	Barrier: fillColor = <psychopy.colors.Color: purple, alpha=1.0>
7.1734 	EXP 	Barrier: borderColor = <psychopy.colors.Color: purple, alpha=1.0>
7.1734 	EXP 	ternusObjLeft: autoDraw = True
7.1734 	EXP 	ternusObjMiddle: autoDraw = True
7.1734 	EXP 	ternusObjRight: autoDraw = True
7.1734 	EXP 	FixationCross: autoDraw = True
7.1734 	EXP 	portalLeft: autoDraw = True
7.1734 	EXP 	portalRight: autoDraw = True
7.1734 	EXP 	Barrier: autoDraw = True
7.2460 	EXP 	Device response: <KeyPress from None: t=7.151606699975673, value=space, duration=0.09194549999665469>
7.3685 	EXP 	ternusObjLeft: autoDraw = False
7.3685 	EXP 	ternusObjMiddle: autoDraw = False
7.3685 	EXP 	ternusObjRight: autoDraw = False
7.3685 	EXP 	FixationCross: autoDraw = False
7.3685 	EXP 	portalLeft: autoDraw = False
7.3685 	EXP 	portalRight: autoDraw = False
7.3685 	EXP 	Barrier: autoDraw = False
7.3685 	EXP 	ternusObjLeft: autoDraw = False
7.3685 	EXP 	ternusObjMiddle: autoDraw = False
7.3685 	EXP 	ternusObjRight: autoDraw = False
7.3685 	EXP 	FixationCross: autoDraw = False
7.3685 	EXP 	portalLeft: autoDraw = False
7.3685 	EXP 	portalRight: autoDraw = False
7.3685 	EXP 	Barrier: autoDraw = False
7.3685 	EXP 	FixationCrossBlank: autoDraw = True
7.4014 	INFO 	Keyboard events cleared
7.4013 	EXP 	FixationCrossBlank: autoDraw = False
7.4013 	EXP 	FixationCrossBlank: autoDraw = False
7.4013 	EXP 	ternusObjRight_2: fillColor = <psychopy.colors.Color: black, alpha=1.0>
7.4013 	EXP 	ternusObjRight_2: borderColor = <psychopy.colors.Color: black, alpha=1.0>
7.4013 	EXP 	portalLeft_2: fillColor = <psychopy.colors.Color: purple, alpha=1.0>
7.4013 	EXP 	portalLeft_2: borderColor = <psychopy.colors.Color: purple, alpha=1.0>
7.4013 	EXP 	portalRight_2: fillColor = <psychopy.colors.Color: purple, alpha=1.0>
7.4013 	EXP 	portalRight_2: borderColor = <psychopy.colors.Color: purple, alpha=1.0>
7.4013 	EXP 	Barrier_2: fillColor = <psychopy.colors.Color: purple, alpha=1.0>
7.4013 	EXP 	Barrier_2: borderColor = <psychopy.colors.Color: purple, alpha=1.0>
7.4013 	EXP 	ternusObjLeft_2: autoDraw = True
7.4013 	EXP 	ternusObjMiddle_2: autoDraw = True
7.4013 	EXP 	ternusObjRight_2: autoDraw = True
7.4013 	EXP 	FixationCross_2: autoDraw = True
7.4013 	EXP 	portalLeft_2: autoDraw = True
7.4013 	EXP 	portalRight_2: autoDraw = True
7.4013 	EXP 	Barrier_2: autoDraw = True
7.6014 	EXP 	ternusObjLeft_2: autoDraw = False
7.6014 	EXP 	ternusObjMiddle_2: autoDraw = False
7.6014 	EXP 	ternusObjRight_2: autoDraw = False
7.6014 	EXP 	portalLeft_2: autoDraw = False
7.6014 	EXP 	portalRight_2: autoDraw = False
7.6014 	EXP 	Barrier_2: autoDraw = False
9.3570 	EXP 	Device response: <KeyPress from None: t=9.356273200013675, value=escape, duration=None>
9.3574 	DATA 	Keypress: escape
9.4581 	EXP 	Device response: <KeyPress from None: t=9.356273200013675, value=escape, duration=0.09435460000531748>
9.4582 	EXP 	Teamprojekt: status = STOPPED
9.4682 	EXP 	FixationCross_2: autoDraw = False
9.4683 	EXP 	Teamprojekt: status = STOPPED
9.4803 	INFO 	saved data to 'C:\\Users\\maria\\Documents\\Teamprojekt_Testphase\\data\\_Teamprojekt_2026-06-15_16h02.08.842.csv'
9.4815 	INFO 	saved data to C:\Users\maria\Documents\Teamprojekt_Testphase\data\_Teamprojekt_2026-06-15_16h02.08.842.psydat
9.7849 	WARNING 	Stopping key buffers but this could be dangerous ifother keyboards rely on the same.
9.8539 	WARNING 	Stopping key buffers but this could be dangerous ifother keyboards rely on the same.
9.8540 	WARNING 	Stopping key buffers but this could be dangerous ifother keyboards rely on the same.
9.8540 	WARNING 	Stopping key buffers but this could be dangerous ifother keyboards rely on the same.
9.8540 	WARNING 	Stopping key buffers but this could be dangerous ifother keyboards rely on the same.
